{"uid":"4b4757e66a1912dae1a509f688f20b0f","children":[{"name":"Product defects","children":[{"name":"[Create case id должен быть не null, project=API] \nExpecting actual not to be null","children":[{"name":"Добавление нового тест-кейса в существующий проект","uid":"a9196031ea4ce47e","parentUid":"412575519c2540b99d290ee6b0d5f7af","status":"failed","time":{"start":1768057579885,"stop":1768057581881,"duration":1996},"flaky":false,"newFailed":true,"newPassed":false,"newBroken":false,"retriesCount":0,"retriesStatusChange":false,"parameters":[],"tags":[]},{"name":"Добавление несколько тест-кеейсов к проекту и определение количества кейсов у проекта","uid":"adac28bca76ed7ce","parentUid":"412575519c2540b99d290ee6b0d5f7af","status":"failed","time":{"start":1768057582768,"stop":1768057584181,"duration":1413},"flaky":false,"newFailed":false,"newPassed":false,"newBroken":false,"retriesCount":0,"retriesStatusChange":false,"parameters":[],"tags":[]}],"uid":"412575519c2540b99d290ee6b0d5f7af"},{"name":"Element not found {by text: New test}\nExpected: visible\nScreenshot: file:/home/runner/work/QASE/QASE/build/reports/tests/1768057664387.0.png\nPage source: file:/home/runner/work/QASE/QASE/build/reports/tests/1768057664387.0.html\nTimeout: 60 s.\nCaused by: NoSuchElementException: no such element: Unable to locate element: {\"method\":\"xpath\",\"selector\":\".//*/text()[normalize-space(translate(string(.), '","children":[{"name":"Создание тест-кейса через UI","uid":"3d93fdf483bc80c8","parentUid":"07619edec13ca51334f24448f5753586","status":"failed","time":{"start":1768057597410,"stop":1768057664601,"duration":67191},"flaky":false,"newFailed":false,"newPassed":false,"newBroken":false,"retriesCount":0,"retriesStatusChange":false,"parameters":[],"tags":[]}],"uid":"07619edec13ca51334f24448f5753586"},{"name":"Element not found {by text: New test}\nExpected: visible\nScreenshot: file:/home/runner/work/QASE/QASE/build/reports/tests/1768057730164.1.png\nPage source: file:/home/runner/work/QASE/QASE/build/reports/tests/1768057730164.1.html\nTimeout: 60 s.\nCaused by: NoSuchElementException: no such element: Unable to locate element: {\"method\":\"xpath\",\"selector\":\".//*/text()[normalize-space(translate(string(.), '","children":[{"name":"Создание тест-кейса с разными входными данными","uid":"8b81c3b95fc3c81d","parentUid":"1346980d1e0ba6082eb84f5fbca80259","status":"failed","time":{"start":1768057665408,"stop":1768057730320,"duration":64912},"flaky":false,"newFailed":false,"newPassed":false,"newBroken":false,"retriesCount":0,"retriesStatusChange":false,"parameters":["QaseTestCaseDto(title=Test Case 1, status=Draft, description=Description, suite=null, severity=Blocker, priority=High, type=Functional, layer=null, isFlaky=true, behavior=Positive, automationStatus=Manual, preconditions=null, postconditions=null, tags=null, attachments=null, steps=null)"],"tags":[]}],"uid":"1346980d1e0ba6082eb84f5fbca80259"},{"name":"Element not found {by text: New test}\nExpected: visible\nScreenshot: file:/home/runner/work/QASE/QASE/build/reports/tests/1768057795576.2.png\nPage source: file:/home/runner/work/QASE/QASE/build/reports/tests/1768057795576.2.html\nTimeout: 60 s.\nCaused by: NoSuchElementException: no such element: Unable to locate element: {\"method\":\"xpath\",\"selector\":\".//*/text()[normalize-space(translate(string(.), '","children":[{"name":"Создание тест-кейса с разными входными данными","uid":"cb40bb4c728012ca","parentUid":"93ce0b879147c75c6aa17c464158d425","status":"failed","time":{"start":1768057731032,"stop":1768057795746,"duration":64714},"flaky":false,"newFailed":false,"newPassed":false,"newBroken":false,"retriesCount":0,"retriesStatusChange":false,"parameters":["QaseTestCaseDto(title=Test Case 2, status=Actual, description=Description, suite=null, severity=Major, priority=Low, type=Smoke, layer=null, isFlaky=false, behavior=Negative, automationStatus=Automated, preconditions=null, postconditions=null, tags=null, attachments=null, steps=null)"],"tags":[]}],"uid":"93ce0b879147c75c6aa17c464158d425"},{"name":"Element not found {by text: New test}\nExpected: visible\nScreenshot: file:/home/runner/work/QASE/QASE/build/reports/tests/1768057862523.3.png\nPage source: file:/home/runner/work/QASE/QASE/build/reports/tests/1768057862523.3.html\nTimeout: 60 s.\nCaused by: NoSuchElementException: no such element: Unable to locate element: {\"method\":\"xpath\",\"selector\":\".//*/text()[normalize-space(translate(string(.), '","children":[{"name":"Создание тест-кейса с разными входными данными","uid":"e47204d8f974c5f6","parentUid":"766c4deb1dc15727cb44f431924c8a26","status":"failed","time":{"start":1768057796499,"stop":1768057862675,"duration":66176},"flaky":false,"newFailed":false,"newPassed":false,"newBroken":false,"retriesCount":0,"retriesStatusChange":false,"parameters":["QaseTestCaseDto(title=Test Case 3, status=Deprecated, description=Description, suite=null, severity=Trivial, priority=Low, type=Smoke, layer=null, isFlaky=false, behavior=Destructive, automationStatus=Manual, preconditions=null, postconditions=null, tags=null, attachments=null, steps=null)"],"tags":[]}],"uid":"766c4deb1dc15727cb44f431924c8a26"},{"name":"Element not found {by text: New test}\nExpected: visible\nScreenshot: file:/home/runner/work/QASE/QASE/build/reports/tests/1768058058499.6.png\nPage source: file:/home/runner/work/QASE/QASE/build/reports/tests/1768058058499.6.html\nTimeout: 60 s.\nCaused by: NoSuchElementException: no such element: Unable to locate element: {\"method\":\"xpath\",\"selector\":\".//*/text()[normalize-space(translate(string(.), '","children":[{"name":"Создание проекта и его удаление","uid":"4f17a5bcdaec8fd2","parentUid":"71af54117c03dd4764552fd35737c482","status":"failed","time":{"start":1768057994002,"stop":1768058058651,"duration":64649},"flaky":false,"newFailed":false,"newPassed":false,"newBroken":false,"retriesCount":2,"retriesStatusChange":true,"parameters":[],"tags":[]}],"uid":"71af54117c03dd4764552fd35737c482"},{"name":"Element not found {by text: New test}\nExpected: visible\nScreenshot: file:/home/runner/work/QASE/QASE/build/reports/tests/1768058131362.7.png\nPage source: file:/home/runner/work/QASE/QASE/build/reports/tests/1768058131362.7.html\nTimeout: 60 s.\nCaused by: NoSuchElementException: no such element: Unable to locate element: {\"method\":\"xpath\",\"selector\":\".//*/text()[normalize-space(translate(string(.), '","children":[{"name":"createTestSuite","uid":"6c2b982bf487423d","parentUid":"086f00874045e366c0ed11d02b4e2125","status":"failed","time":{"start":1768058064295,"stop":1768058131516,"duration":67221},"flaky":false,"newFailed":false,"newPassed":false,"newBroken":false,"retriesCount":0,"retriesStatusChange":false,"parameters":[],"tags":[]}],"uid":"086f00874045e366c0ed11d02b4e2125"}],"uid":"8fb3a91ba5aaf9de24cc8a92edc82b5d"}],"name":"categories"}