{"uid":"4b4757e66a1912dae1a509f688f20b0f","children":[{"name":"Product defects","children":[{"name":"Alert not found\nScreenshot: file:/home/runner/work/QASE/QASE/build/reports/tests/1770396919167.0.png\nPage source: file:/home/runner/work/QASE/QASE/build/reports/tests/1770396919167.0.html\nTimeout: 15 s.\nCaused by: TimeoutException: Expected condition failed: waiting for alert to be present (tried for 15 second(s) with 200 milliseconds interval)","children":[{"name":"Создание тест-кейса через UI","uid":"1a611c5f3a4c4194","parentUid":"6563ad47bbeda4c9dfdff3d082d660ec","status":"failed","time":{"start":1770396868505,"stop":1770396919279,"duration":50774},"flaky":true,"newFailed":true,"newPassed":false,"newBroken":false,"retriesCount":0,"retriesStatusChange":false,"parameters":[],"tags":[]}],"uid":"6563ad47bbeda4c9dfdff3d082d660ec"},{"name":"Alert not found\nScreenshot: file:/home/runner/work/QASE/QASE/build/reports/tests/1770396950413.1.png\nPage source: file:/home/runner/work/QASE/QASE/build/reports/tests/1770396950413.1.html\nTimeout: 15 s.\nCaused by: TimeoutException: Expected condition failed: waiting for alert to be present (tried for 15 second(s) with 200 milliseconds interval)","children":[{"name":"Создание тест-кейса с разными входными данными","uid":"b05705a47e0e14ea","parentUid":"b1393f31d182320bbe14fe0559d7ccca","status":"failed","time":{"start":1770396920073,"stop":1770396950496,"duration":30423},"flaky":true,"newFailed":true,"newPassed":false,"newBroken":false,"retriesCount":0,"retriesStatusChange":false,"parameters":["QaseTestCaseDto(title=Test Case 1, status=Draft, description=Description, suite=null, severity=Blocker, priority=High, type=Functional, layer=null, isFlaky=true, behavior=Positive, automationStatus=Manual, preconditions=null, postconditions=null, tags=null, attachments=null, steps=null)"],"tags":[]}],"uid":"b1393f31d182320bbe14fe0559d7ccca"},{"name":"Alert not found\nScreenshot: file:/home/runner/work/QASE/QASE/build/reports/tests/1770396980992.2.png\nPage source: file:/home/runner/work/QASE/QASE/build/reports/tests/1770396980992.2.html\nTimeout: 15 s.\nCaused by: TimeoutException: Expected condition failed: waiting for alert to be present (tried for 15 second(s) with 200 milliseconds interval)","children":[{"name":"Создание тест-кейса с разными входными данными","uid":"e5423ff5b865439a","parentUid":"dfff3a6dad5e22a5d94e044aee838cad","status":"failed","time":{"start":1770396951199,"stop":1770396981076,"duration":29877},"flaky":true,"newFailed":true,"newPassed":false,"newBroken":false,"retriesCount":0,"retriesStatusChange":false,"parameters":["QaseTestCaseDto(title=Test Case 2, status=Actual, description=Description, suite=null, severity=Major, priority=Low, type=Smoke, layer=null, isFlaky=false, behavior=Negative, automationStatus=Automated, preconditions=null, postconditions=null, tags=null, attachments=null, steps=null)"],"tags":[]}],"uid":"dfff3a6dad5e22a5d94e044aee838cad"},{"name":"Alert not found\nScreenshot: file:/home/runner/work/QASE/QASE/build/reports/tests/1770397011757.3.png\nPage source: file:/home/runner/work/QASE/QASE/build/reports/tests/1770397011757.3.html\nTimeout: 15 s.\nCaused by: TimeoutException: Expected condition failed: waiting for alert to be present (tried for 15 second(s) with 200 milliseconds interval)","children":[{"name":"Создание тест-кейса с разными входными данными","uid":"de9cb534527cc5d4","parentUid":"d5ca4afa8ea45c982850c417d953b4a6","status":"failed","time":{"start":1770396981858,"stop":1770397011840,"duration":29982},"flaky":true,"newFailed":true,"newPassed":false,"newBroken":false,"retriesCount":0,"retriesStatusChange":false,"parameters":["QaseTestCaseDto(title=Test Case 3, status=Deprecated, description=Description, suite=null, severity=Trivial, priority=Low, type=Smoke, layer=null, isFlaky=false, behavior=Destructive, automationStatus=Manual, preconditions=null, postconditions=null, tags=null, attachments=null, steps=null)"],"tags":[]}],"uid":"d5ca4afa8ea45c982850c417d953b4a6"}],"uid":"8fb3a91ba5aaf9de24cc8a92edc82b5d"}],"name":"categories"}