{"uid":"4b4757e66a1912dae1a509f688f20b0f","children":[{"name":"Product defects","children":[{"name":"Element not found {by text: New test}\nExpected: visible\nScreenshot: file:/home/runner/work/QASE/QASE/build/reports/tests/1767982871832.0.png\nPage source: file:/home/runner/work/QASE/QASE/build/reports/tests/1767982871832.0.html\nTimeout: 60 s.\nCaused by: NoSuchElementException: no such element: Unable to locate element: {\"method\":\"xpath\",\"selector\":\".//*/text()[normalize-space(translate(string(.), '","children":[{"name":"Создание тест-кейса через UI","uid":"781c7ecabdeb3c99","parentUid":"a6bb328538b61f51d8c788a5501f80db","status":"failed","time":{"start":1767982798171,"stop":1767982872031,"duration":73860},"flaky":false,"newFailed":true,"newPassed":false,"newBroken":false,"retriesCount":0,"retriesStatusChange":false,"parameters":[],"tags":[]}],"uid":"a6bb328538b61f51d8c788a5501f80db"},{"name":"Element not found {by text: New test}\nExpected: visible\nScreenshot: file:/home/runner/work/QASE/QASE/build/reports/tests/1767982937719.1.png\nPage source: file:/home/runner/work/QASE/QASE/build/reports/tests/1767982937719.1.html\nTimeout: 60 s.\nCaused by: NoSuchElementException: no such element: Unable to locate element: {\"method\":\"xpath\",\"selector\":\".//*/text()[normalize-space(translate(string(.), '","children":[{"name":"Создание тест-кейса с разными входными данными","uid":"f04ed9cb0ccdca5","parentUid":"fe033a00592d734e1a085b04776a137e","status":"failed","time":{"start":1767982872746,"stop":1767982937890,"duration":65144},"flaky":false,"newFailed":true,"newPassed":false,"newBroken":false,"retriesCount":0,"retriesStatusChange":false,"parameters":["QaseTestCaseDto(title=Test Case 1, status=Draft, description=Description, suite=null, severity=Blocker, priority=High, type=Functional, layer=null, isFlaky=true, behavior=Positive, automationStatus=Manual, preconditions=null, postconditions=null, tags=null, attachments=null, steps=null)"],"tags":[]}],"uid":"fe033a00592d734e1a085b04776a137e"},{"name":"Element not found {by text: New test}\nExpected: visible\nScreenshot: file:/home/runner/work/QASE/QASE/build/reports/tests/1767983004181.2.png\nPage source: file:/home/runner/work/QASE/QASE/build/reports/tests/1767983004181.2.html\nTimeout: 60 s.\nCaused by: NoSuchElementException: no such element: Unable to locate element: {\"method\":\"xpath\",\"selector\":\".//*/text()[normalize-space(translate(string(.), '","children":[{"name":"Создание тест-кейса с разными входными данными","uid":"6be1e4b027de221d","parentUid":"59180ea2e31f847b03d9fdfbd9603fcc","status":"failed","time":{"start":1767982938520,"stop":1767983004348,"duration":65828},"flaky":false,"newFailed":true,"newPassed":false,"newBroken":false,"retriesCount":0,"retriesStatusChange":false,"parameters":["QaseTestCaseDto(title=Test Case 2, status=Actual, description=Description, suite=null, severity=Major, priority=Low, type=Smoke, layer=null, isFlaky=false, behavior=Negative, automationStatus=Automated, preconditions=null, postconditions=null, tags=null, attachments=null, steps=null)"],"tags":[]}],"uid":"59180ea2e31f847b03d9fdfbd9603fcc"},{"name":"Element not found {by text: New test}\nExpected: visible\nScreenshot: file:/home/runner/work/QASE/QASE/build/reports/tests/1767983070195.3.png\nPage source: file:/home/runner/work/QASE/QASE/build/reports/tests/1767983070195.3.html\nTimeout: 60 s.\nCaused by: NoSuchElementException: no such element: Unable to locate element: {\"method\":\"xpath\",\"selector\":\".//*/text()[normalize-space(translate(string(.), '","children":[{"name":"Создание тест-кейса с разными входными данными","uid":"7a65233dc24e39da","parentUid":"8f364b772baca12b0c4e1b3c0757a269","status":"failed","time":{"start":1767983004949,"stop":1767983070359,"duration":65410},"flaky":false,"newFailed":true,"newPassed":false,"newBroken":false,"retriesCount":0,"retriesStatusChange":false,"parameters":["QaseTestCaseDto(title=Test Case 3, status=Deprecated, description=Description, suite=null, severity=Trivial, priority=Low, type=Smoke, layer=null, isFlaky=false, behavior=Destructive, automationStatus=Manual, preconditions=null, postconditions=null, tags=null, attachments=null, steps=null)"],"tags":[]}],"uid":"8f364b772baca12b0c4e1b3c0757a269"},{"name":"Element not found {by text: New test}\nExpected: visible\nScreenshot: file:/home/runner/work/QASE/QASE/build/reports/tests/1767983267697.6.png\nPage source: file:/home/runner/work/QASE/QASE/build/reports/tests/1767983267697.6.html\nTimeout: 60 s.\nCaused by: NoSuchElementException: no such element: Unable to locate element: {\"method\":\"xpath\",\"selector\":\".//*/text()[normalize-space(translate(string(.), '","children":[{"name":"Создание проекта и его удаление","uid":"20ad43b60bd326e","parentUid":"af65c8bd70955fe0d7c89ad2fdaeebe2","status":"failed","time":{"start":1767983203104,"stop":1767983267867,"duration":64763},"flaky":false,"newFailed":true,"newPassed":false,"newBroken":false,"retriesCount":2,"retriesStatusChange":true,"parameters":[],"tags":[]}],"uid":"af65c8bd70955fe0d7c89ad2fdaeebe2"},{"name":"Element not found {by text: New test}\nExpected: visible\nScreenshot: file:/home/runner/work/QASE/QASE/build/reports/tests/1767983344612.7.png\nPage source: file:/home/runner/work/QASE/QASE/build/reports/tests/1767983344612.7.html\nTimeout: 60 s.\nCaused by: NoSuchElementException: no such element: Unable to locate element: {\"method\":\"xpath\",\"selector\":\".//*/text()[normalize-space(translate(string(.), '","children":[{"name":"createTestSuite","uid":"e909c585b05bb50d","parentUid":"b273661c521a135669e0a82616d67c11","status":"failed","time":{"start":1767983273002,"stop":1767983344783,"duration":71781},"flaky":false,"newFailed":true,"newPassed":false,"newBroken":false,"retriesCount":0,"retriesStatusChange":false,"parameters":[],"tags":[]}],"uid":"b273661c521a135669e0a82616d67c11"}],"uid":"8fb3a91ba5aaf9de24cc8a92edc82b5d"}],"name":"categories"}