{"uid":"3a67c8c6bda013a3","name":"Создание проекта и его удаление","fullName":"tests.ui.ProjectTest.checkCreateProject","historyId":"c679952f4fbae0a19dfc811f07276b70","time":{"start":1769761263005,"stop":1769761286508,"duration":23503},"description":"Проверка позитивного сценария создания проекта","descriptionHtml":"<p>Проверка позитивного сценария создания проекта</p>\n","status":"passed","flaky":false,"newFailed":false,"newBroken":false,"newPassed":false,"retriesCount":0,"retriesStatusChange":false,"beforeStages":[{"name":"setUp","time":{"start":1769761263003,"stop":1769761263003,"duration":0},"description":"","status":"passed","steps":[],"attachments":[],"parameters":[],"stepsCount":0,"shouldDisplayMessage":false,"attachmentsCount":0,"hasContent":false,"attachmentStep":false}],"testStage":{"description":"Проверка позитивного сценария создания проекта","status":"passed","steps":[{"name":"Авторизация и открытие страницы Projects","time":{"start":1769761263005,"stop":1769761274960,"duration":11955},"status":"passed","steps":[{"name":"Открытие страницы авторизации","time":{"start":1769761263005,"stop":1769761264829,"duration":1824},"status":"passed","steps":[{"name":"$(\"open\") https://app.qase.io/login","time":{"start":1769761263006,"stop":1769761264829,"duration":1823},"status":"passed","steps":[{"name":"$(\"webdriver\") create()","time":{"start":1769761263006,"stop":1769761263284,"duration":278},"status":"passed","steps":[],"attachments":[],"parameters":[],"stepsCount":0,"shouldDisplayMessage":false,"attachmentsCount":0,"hasContent":false,"attachmentStep":false}],"attachments":[],"parameters":[],"stepsCount":1,"shouldDisplayMessage":false,"attachmentsCount":0,"hasContent":true,"attachmentStep":false}],"attachments":[],"parameters":[],"stepsCount":2,"shouldDisplayMessage":false,"attachmentsCount":0,"hasContent":true,"attachmentStep":false},{"name":"Проверка,что страница авторизации открыта","time":{"start":1769761264829,"stop":1769761264848,"duration":19},"status":"passed","steps":[{"name":"$(\"[name='password']\") should be(visible)","time":{"start":1769761264829,"stop":1769761264848,"duration":19},"status":"passed","steps":[],"attachments":[],"parameters":[],"stepsCount":0,"shouldDisplayMessage":false,"attachmentsCount":0,"hasContent":false,"attachmentStep":false}],"attachments":[],"parameters":[],"stepsCount":1,"shouldDisplayMessage":false,"attachmentsCount":0,"hasContent":true,"attachmentStep":false},{"name":"Авторизация под валидными данными","time":{"start":1769761264848,"stop":1769761265157,"duration":309},"status":"passed","steps":[{"name":"$(\"[name=email]\") should be(visible)","time":{"start":1769761264848,"stop":1769761264864,"duration":16},"status":"passed","steps":[],"attachments":[],"parameters":[],"stepsCount":0,"shouldDisplayMessage":false,"attachmentsCount":0,"hasContent":false,"attachmentStep":false},{"name":"$(\"[name=email]\") set value(viktoriaportnenko@gmail.com)","time":{"start":1769761264864,"stop":1769761264982,"duration":118},"status":"passed","steps":[],"attachments":[],"parameters":[],"stepsCount":0,"shouldDisplayMessage":false,"attachmentsCount":0,"hasContent":false,"attachmentStep":false},{"name":"$(\"[name='password']\") set value(w.7U4g9PJW-CQY@)","time":{"start":1769761264982,"stop":1769761265110,"duration":128},"status":"passed","steps":[],"attachments":[],"parameters":[],"stepsCount":0,"shouldDisplayMessage":false,"attachmentsCount":0,"hasContent":false,"attachmentStep":false},{"name":"$(\"[name='password']\") submit()","time":{"start":1769761265110,"stop":1769761265157,"duration":47},"status":"passed","steps":[],"attachments":[],"parameters":[],"stepsCount":0,"shouldDisplayMessage":false,"attachmentsCount":0,"hasContent":false,"attachmentStep":false}],"attachments":[],"parameters":[{"name":"user","value":"viktoriaportnenko@gmail.com"},{"name":"password","value":"w.7U4g9PJW-CQY@"}],"stepsCount":4,"shouldDisplayMessage":false,"attachmentsCount":0,"hasContent":true,"attachmentStep":false},{"name":"Проверка, что  страница проектов открыта","time":{"start":1769761265157,"stop":1769761274960,"duration":9803},"status":"passed","steps":[{"name":"$(\"by text: Create new project\") should be([visible, 90 s.])","time":{"start":1769761265157,"stop":1769761274960,"duration":9803},"status":"passed","steps":[],"attachments":[],"parameters":[],"stepsCount":0,"shouldDisplayMessage":false,"attachmentsCount":0,"hasContent":false,"attachmentStep":false}],"attachments":[],"parameters":[],"stepsCount":1,"shouldDisplayMessage":false,"attachmentsCount":0,"hasContent":true,"attachmentStep":false}],"attachments":[],"parameters":[],"stepsCount":12,"shouldDisplayMessage":false,"attachmentsCount":0,"hasContent":true,"attachmentStep":false},{"name":"Создание нового проекта с именем: 'TMS'","time":{"start":1769761274960,"stop":1769761275215,"duration":255},"status":"passed","steps":[{"name":"$(\"by text: Create new project\") should be([visible, 60 s.])","time":{"start":1769761274960,"stop":1769761274976,"duration":16},"status":"passed","steps":[],"attachments":[],"parameters":[],"stepsCount":0,"shouldDisplayMessage":false,"attachmentsCount":0,"hasContent":false,"attachmentStep":false},{"name":"$(\"by text: Create new project\") click()","time":{"start":1769761274976,"stop":1769761275037,"duration":61},"status":"passed","steps":[],"attachments":[],"parameters":[],"stepsCount":0,"shouldDisplayMessage":false,"attachmentsCount":0,"hasContent":false,"attachmentStep":false},{"name":"$(\"#project-name\") set value(TMS)","time":{"start":1769761275037,"stop":1769761275127,"duration":90},"status":"passed","steps":[],"attachments":[],"parameters":[],"stepsCount":0,"shouldDisplayMessage":false,"attachmentsCount":0,"hasContent":false,"attachmentStep":false},{"name":"$(\"input[value='public']\") click()","time":{"start":1769761275127,"stop":1769761275164,"duration":37},"status":"passed","steps":[],"attachments":[],"parameters":[],"stepsCount":0,"shouldDisplayMessage":false,"attachmentsCount":0,"hasContent":false,"attachmentStep":false},{"name":"$(\"input[value='public']\") should be(selected)","time":{"start":1769761275164,"stop":1769761275178,"duration":14},"status":"passed","steps":[],"attachments":[],"parameters":[],"stepsCount":0,"shouldDisplayMessage":false,"attachmentsCount":0,"hasContent":false,"attachmentStep":false},{"name":"$(\"by text: Create project\") click()","time":{"start":1769761275178,"stop":1769761275215,"duration":37},"status":"passed","steps":[],"attachments":[],"parameters":[],"stepsCount":0,"shouldDisplayMessage":false,"attachmentsCount":0,"hasContent":false,"attachmentStep":false}],"attachments":[],"parameters":[{"name":"project","value":"TMS"}],"stepsCount":6,"shouldDisplayMessage":false,"attachmentsCount":0,"hasContent":true,"attachmentStep":false},{"name":"Проверка, что проект 'TMS' успешно создан и отображается на странице","time":{"start":1769761275215,"stop":1769761276509,"duration":1294},"status":"passed","steps":[{"name":"$(\"by text: Manual test\") should be([visible, 60 s.])","time":{"start":1769761275216,"stop":1769761276490,"duration":1274},"status":"passed","steps":[],"attachments":[],"parameters":[],"stepsCount":0,"shouldDisplayMessage":false,"attachmentsCount":0,"hasContent":false,"attachmentStep":false},{"name":"$(\"by text: TMS\") should be(visible)","time":{"start":1769761276490,"stop":1769761276509,"duration":19},"status":"passed","steps":[],"attachments":[],"parameters":[],"stepsCount":0,"shouldDisplayMessage":false,"attachmentsCount":0,"hasContent":false,"attachmentStep":false}],"attachments":[],"parameters":[{"name":"project","value":"TMS"}],"stepsCount":2,"shouldDisplayMessage":false,"attachmentsCount":0,"hasContent":true,"attachmentStep":false},{"name":"Открытие страницы проектов","time":{"start":1769761276509,"stop":1769761284118,"duration":7609},"status":"passed","steps":[{"name":"$(\"open\") https://app.qase.io/projects","time":{"start":1769761276509,"stop":1769761284118,"duration":7609},"status":"passed","steps":[],"attachments":[],"parameters":[],"stepsCount":0,"shouldDisplayMessage":false,"attachmentsCount":0,"hasContent":false,"attachmentStep":false}],"attachments":[],"parameters":[],"stepsCount":1,"shouldDisplayMessage":false,"attachmentsCount":0,"hasContent":true,"attachmentStep":false},{"name":"Проверка, что  страница проектов открыта","time":{"start":1769761284118,"stop":1769761286052,"duration":1934},"status":"passed","steps":[{"name":"$(\"by text: Create new project\") should be([visible, 90 s.])","time":{"start":1769761284118,"stop":1769761286052,"duration":1934},"status":"passed","steps":[],"attachments":[],"parameters":[],"stepsCount":0,"shouldDisplayMessage":false,"attachmentsCount":0,"hasContent":false,"attachmentStep":false}],"attachments":[],"parameters":[],"stepsCount":1,"shouldDisplayMessage":false,"attachmentsCount":0,"hasContent":true,"attachmentStep":false},{"name":"Удаление проекта с именем: 'TMS'","time":{"start":1769761286052,"stop":1769761286507,"duration":455},"status":"passed","steps":[{"name":"$(\"by text: TMS/By.xpath: ancestor::tr[1]/button[aria-label='Open action menu']\") click()","time":{"start":1769761286056,"stop":1769761286426,"duration":370},"status":"passed","steps":[],"attachments":[],"parameters":[],"stepsCount":0,"shouldDisplayMessage":false,"attachmentsCount":0,"hasContent":false,"attachmentStep":false},{"name":"$(\"[data-testid=remove]\") click()","time":{"start":1769761286426,"stop":1769761286472,"duration":46},"status":"passed","steps":[],"attachments":[],"parameters":[],"stepsCount":0,"shouldDisplayMessage":false,"attachmentsCount":0,"hasContent":false,"attachmentStep":false},{"name":"$(\"By.xpath: //span[text()='Delete project']\") click()","time":{"start":1769761286472,"stop":1769761286507,"duration":35},"status":"passed","steps":[],"attachments":[],"parameters":[],"stepsCount":0,"shouldDisplayMessage":false,"attachmentsCount":0,"hasContent":false,"attachmentStep":false}],"attachments":[],"parameters":[{"name":"project","value":"TMS"}],"stepsCount":3,"shouldDisplayMessage":false,"attachmentsCount":0,"hasContent":true,"attachmentStep":false}],"attachments":[],"parameters":[],"stepsCount":31,"shouldDisplayMessage":false,"attachmentsCount":0,"hasContent":true,"attachmentStep":false},"afterStages":[{"name":"Browser teardown","time":{"start":1769761286510,"stop":1769761287105,"duration":595},"description":"Browser teardown","status":"failed","statusMessage":"[Delete project HTTP status, code=TMS, body: {\"status\":false,\"errorMessage\":\"Project not found\"}] \nExpecting actual:\n  404\nto be in:\n  [200, 204]\n","statusTrace":"java.lang.AssertionError: [Delete project HTTP status, code=TMS, body: {\"status\":false,\"errorMessage\":\"Project not found\"}] \nExpecting actual:\n  404\nto be in:\n  [200, 204]\n\n\tat adapters.ProjectAPI.deleteProject(ProjectAPI.java:67)\n\tat java.base/java.lang.Iterable.forEach(Iterable.java:75)\n\tat java.base/java.util.Collections$UnmodifiableCollection.forEach(Collections.java:1093)\n\tat adapters.ProjectAPI.deleteAllProject(ProjectAPI.java:120)\n\tat tests.BaseTest.tearDown(BaseTest.java:105)\n\tat java.base/jdk.internal.reflect.NativeMethodAccessorImpl.invoke0(Native Method)\n\tat java.base/jdk.internal.reflect.NativeMethodAccessorImpl.invoke(NativeMethodAccessorImpl.java:77)\n\tat java.base/jdk.internal.reflect.DelegatingMethodAccessorImpl.invoke(DelegatingMethodAccessorImpl.java:43)\n\tat java.base/java.lang.reflect.Method.invoke(Method.java:569)\n\tat org.testng.internal.invokers.MethodInvocationHelper.invokeMethod(MethodInvocationHelper.java:141)\n\tat org.testng.internal.invokers.MethodInvocationHelper.invokeMethodConsideringTimeout(MethodInvocationHelper.java:71)\n\tat org.testng.internal.invokers.ConfigInvoker.invokeConfigurationMethod(ConfigInvoker.java:400)\n\tat org.testng.internal.invokers.ConfigInvoker.invokeConfigurations(ConfigInvoker.java:333)\n\tat org.testng.internal.invokers.TestInvoker.runConfigMethods(TestInvoker.java:833)\n\tat org.testng.internal.invokers.TestInvoker.runAfterConfigurations(TestInvoker.java:802)\n\tat org.testng.internal.invokers.TestInvoker.invokeMethod(TestInvoker.java:778)\n\tat org.testng.internal.invokers.TestInvoker.invokeTestMethod(TestInvoker.java:230)\n\tat org.testng.internal.invokers.MethodRunner.runInSequence(MethodRunner.java:63)\n\tat org.testng.internal.invokers.TestInvoker$MethodInvocationAgent.invoke(TestInvoker.java:992)\n\tat org.testng.internal.invokers.TestInvoker.invokeTestMethods(TestInvoker.java:203)\n\tat org.testng.internal.invokers.TestMethodWorker.invokeTestMethods(TestMethodWorker.java:154)\n\tat org.testng.internal.invokers.TestMethodWorker.run(TestMethodWorker.java:134)\n\tat java.base/java.util.ArrayList.forEach(ArrayList.java:1511)\n\tat org.testng.TestRunner.privateRun(TestRunner.java:739)\n\tat org.testng.TestRunner.run(TestRunner.java:614)\n\tat org.testng.SuiteRunner.runTest(SuiteRunner.java:421)\n\tat org.testng.SuiteRunner.runSequentially(SuiteRunner.java:413)\n\tat org.testng.SuiteRunner.privateRun(SuiteRunner.java:373)\n\tat org.testng.SuiteRunner.run(SuiteRunner.java:312)\n\tat org.testng.SuiteRunnerWorker.runSuite(SuiteRunnerWorker.java:52)\n\tat org.testng.SuiteRunnerWorker.run(SuiteRunnerWorker.java:95)\n\tat org.testng.TestNG.runSuitesSequentially(TestNG.java:1274)\n\tat org.testng.TestNG.runSuitesLocally(TestNG.java:1208)\n\tat org.testng.TestNG.runSuites(TestNG.java:1112)\n\tat org.testng.TestNG.run(TestNG.java:1079)\n\tat org.apache.maven.surefire.testng.TestNGExecutor.run(TestNGExecutor.java:155)\n\tat org.apache.maven.surefire.testng.TestNGDirectoryTestSuite.executeMulti(TestNGDirectoryTestSuite.java:169)\n\tat org.apache.maven.surefire.testng.TestNGDirectoryTestSuite.execute(TestNGDirectoryTestSuite.java:88)\n\tat org.apache.maven.surefire.testng.TestNGProvider.invoke(TestNGProvider.java:137)\n\tat org.apache.maven.surefire.booter.ForkedBooter.runSuitesInProcess(ForkedBooter.java:385)\n\tat org.apache.maven.surefire.booter.ForkedBooter.execute(ForkedBooter.java:162)\n\tat org.apache.maven.surefire.booter.ForkedBooter.run(ForkedBooter.java:507)\n\tat org.apache.maven.surefire.booter.ForkedBooter.main(ForkedBooter.java:495)\n","steps":[{"name":"$(\"webdriver\") close()","time":{"start":1769761286511,"stop":1769761286601,"duration":90},"status":"passed","steps":[],"attachments":[],"parameters":[],"stepsCount":0,"shouldDisplayMessage":false,"attachmentsCount":0,"hasContent":false,"attachmentStep":false},{"name":"Удаление всех проектов","time":{"start":1769761286601,"stop":1769761287105,"duration":504},"status":"failed","statusMessage":"[Delete project HTTP status, code=TMS, body: {\"status\":false,\"errorMessage\":\"Project not found\"}] \nExpecting actual:\n  404\nto be in:\n  [200, 204]\n","statusTrace":"java.lang.AssertionError: [Delete project HTTP status, code=TMS, body: {\"status\":false,\"errorMessage\":\"Project not found\"}] \nExpecting actual:\n  404\nto be in:\n  [200, 204]\n\n\tat adapters.ProjectAPI.deleteProject(ProjectAPI.java:67)\n\tat java.base/java.lang.Iterable.forEach(Iterable.java:75)\n\tat java.base/java.util.Collections$UnmodifiableCollection.forEach(Collections.java:1093)\n\tat adapters.ProjectAPI.deleteAllProject(ProjectAPI.java:120)\n\tat tests.BaseTest.tearDown(BaseTest.java:105)\n\tat java.base/jdk.internal.reflect.NativeMethodAccessorImpl.invoke0(Native Method)\n\tat java.base/jdk.internal.reflect.NativeMethodAccessorImpl.invoke(NativeMethodAccessorImpl.java:77)\n\tat java.base/jdk.internal.reflect.DelegatingMethodAccessorImpl.invoke(DelegatingMethodAccessorImpl.java:43)\n\tat java.base/java.lang.reflect.Method.invoke(Method.java:569)\n\tat org.testng.internal.invokers.MethodInvocationHelper.invokeMethod(MethodInvocationHelper.java:141)\n\tat org.testng.internal.invokers.MethodInvocationHelper.invokeMethodConsideringTimeout(MethodInvocationHelper.java:71)\n\tat org.testng.internal.invokers.ConfigInvoker.invokeConfigurationMethod(ConfigInvoker.java:400)\n\tat org.testng.internal.invokers.ConfigInvoker.invokeConfigurations(ConfigInvoker.java:333)\n\tat org.testng.internal.invokers.TestInvoker.runConfigMethods(TestInvoker.java:833)\n\tat org.testng.internal.invokers.TestInvoker.runAfterConfigurations(TestInvoker.java:802)\n\tat org.testng.internal.invokers.TestInvoker.invokeMethod(TestInvoker.java:778)\n\tat org.testng.internal.invokers.TestInvoker.invokeTestMethod(TestInvoker.java:230)\n\tat org.testng.internal.invokers.MethodRunner.runInSequence(MethodRunner.java:63)\n\tat org.testng.internal.invokers.TestInvoker$MethodInvocationAgent.invoke(TestInvoker.java:992)\n\tat org.testng.internal.invokers.TestInvoker.invokeTestMethods(TestInvoker.java:203)\n\tat org.testng.internal.invokers.TestMethodWorker.invokeTestMethods(TestMethodWorker.java:154)\n\tat org.testng.internal.invokers.TestMethodWorker.run(TestMethodWorker.java:134)\n\tat java.base/java.util.ArrayList.forEach(ArrayList.java:1511)\n\tat org.testng.TestRunner.privateRun(TestRunner.java:739)\n\tat org.testng.TestRunner.run(TestRunner.java:614)\n\tat org.testng.SuiteRunner.runTest(SuiteRunner.java:421)\n\tat org.testng.SuiteRunner.runSequentially(SuiteRunner.java:413)\n\tat org.testng.SuiteRunner.privateRun(SuiteRunner.java:373)\n\tat org.testng.SuiteRunner.run(SuiteRunner.java:312)\n\tat org.testng.SuiteRunnerWorker.runSuite(SuiteRunnerWorker.java:52)\n\tat org.testng.SuiteRunnerWorker.run(SuiteRunnerWorker.java:95)\n\tat org.testng.TestNG.runSuitesSequentially(TestNG.java:1274)\n\tat org.testng.TestNG.runSuitesLocally(TestNG.java:1208)\n\tat org.testng.TestNG.runSuites(TestNG.java:1112)\n\tat org.testng.TestNG.run(TestNG.java:1079)\n\tat org.apache.maven.surefire.testng.TestNGExecutor.run(TestNGExecutor.java:155)\n\tat org.apache.maven.surefire.testng.TestNGDirectoryTestSuite.executeMulti(TestNGDirectoryTestSuite.java:169)\n\tat org.apache.maven.surefire.testng.TestNGDirectoryTestSuite.execute(TestNGDirectoryTestSuite.java:88)\n\tat org.apache.maven.surefire.testng.TestNGProvider.invoke(TestNGProvider.java:137)\n\tat org.apache.maven.surefire.booter.ForkedBooter.runSuitesInProcess(ForkedBooter.java:385)\n\tat org.apache.maven.surefire.booter.ForkedBooter.execute(ForkedBooter.java:162)\n\tat org.apache.maven.surefire.booter.ForkedBooter.run(ForkedBooter.java:507)\n\tat org.apache.maven.surefire.booter.ForkedBooter.main(ForkedBooter.java:495)\n","steps":[{"name":"Получение списка всех проектов","time":{"start":1769761286601,"stop":1769761286874,"duration":273},"status":"passed","steps":[{"name":"GET /project?limit=10&offset=0 (raw)","time":{"start":1769761286601,"stop":1769761286866,"duration":265},"status":"passed","steps":[],"attachments":[{"uid":"77f176196d76b2e2","name":"Request","source":"77f176196d76b2e2.html","type":"text/html","size":537},{"uid":"aa9aaf37906775ab","name":"HTTP/1.1 200 OK","source":"aa9aaf37906775ab.html","type":"text/html","size":1292}],"parameters":[{"name":"limit","value":"10"},{"name":"offset","value":"0"}],"stepsCount":0,"shouldDisplayMessage":false,"attachmentsCount":2,"hasContent":true,"attachmentStep":false}],"attachments":[],"parameters":[],"stepsCount":1,"shouldDisplayMessage":false,"attachmentsCount":2,"hasContent":true,"attachmentStep":false},{"name":"Удаление проекта TMS","time":{"start":1769761286874,"stop":1769761287105,"duration":231},"status":"failed","statusMessage":"[Delete project HTTP status, code=TMS, body: {\"status\":false,\"errorMessage\":\"Project not found\"}] \nExpecting actual:\n  404\nto be in:\n  [200, 204]\n","statusTrace":"java.lang.AssertionError: [Delete project HTTP status, code=TMS, body: {\"status\":false,\"errorMessage\":\"Project not found\"}] \nExpecting actual:\n  404\nto be in:\n  [200, 204]\n\n\tat adapters.ProjectAPI.deleteProject(ProjectAPI.java:67)\n\tat java.base/java.lang.Iterable.forEach(Iterable.java:75)\n\tat java.base/java.util.Collections$UnmodifiableCollection.forEach(Collections.java:1093)\n\tat adapters.ProjectAPI.deleteAllProject(ProjectAPI.java:120)\n\tat tests.BaseTest.tearDown(BaseTest.java:105)\n\tat java.base/jdk.internal.reflect.NativeMethodAccessorImpl.invoke0(Native Method)\n\tat java.base/jdk.internal.reflect.NativeMethodAccessorImpl.invoke(NativeMethodAccessorImpl.java:77)\n\tat java.base/jdk.internal.reflect.DelegatingMethodAccessorImpl.invoke(DelegatingMethodAccessorImpl.java:43)\n\tat java.base/java.lang.reflect.Method.invoke(Method.java:569)\n\tat org.testng.internal.invokers.MethodInvocationHelper.invokeMethod(MethodInvocationHelper.java:141)\n\tat org.testng.internal.invokers.MethodInvocationHelper.invokeMethodConsideringTimeout(MethodInvocationHelper.java:71)\n\tat org.testng.internal.invokers.ConfigInvoker.invokeConfigurationMethod(ConfigInvoker.java:400)\n\tat org.testng.internal.invokers.ConfigInvoker.invokeConfigurations(ConfigInvoker.java:333)\n\tat org.testng.internal.invokers.TestInvoker.runConfigMethods(TestInvoker.java:833)\n\tat org.testng.internal.invokers.TestInvoker.runAfterConfigurations(TestInvoker.java:802)\n\tat org.testng.internal.invokers.TestInvoker.invokeMethod(TestInvoker.java:778)\n\tat org.testng.internal.invokers.TestInvoker.invokeTestMethod(TestInvoker.java:230)\n\tat org.testng.internal.invokers.MethodRunner.runInSequence(MethodRunner.java:63)\n\tat org.testng.internal.invokers.TestInvoker$MethodInvocationAgent.invoke(TestInvoker.java:992)\n\tat org.testng.internal.invokers.TestInvoker.invokeTestMethods(TestInvoker.java:203)\n\tat org.testng.internal.invokers.TestMethodWorker.invokeTestMethods(TestMethodWorker.java:154)\n\tat org.testng.internal.invokers.TestMethodWorker.run(TestMethodWorker.java:134)\n\tat java.base/java.util.ArrayList.forEach(ArrayList.java:1511)\n\tat org.testng.TestRunner.privateRun(TestRunner.java:739)\n\tat org.testng.TestRunner.run(TestRunner.java:614)\n\tat org.testng.SuiteRunner.runTest(SuiteRunner.java:421)\n\tat org.testng.SuiteRunner.runSequentially(SuiteRunner.java:413)\n\tat org.testng.SuiteRunner.privateRun(SuiteRunner.java:373)\n\tat org.testng.SuiteRunner.run(SuiteRunner.java:312)\n\tat org.testng.SuiteRunnerWorker.runSuite(SuiteRunnerWorker.java:52)\n\tat org.testng.SuiteRunnerWorker.run(SuiteRunnerWorker.java:95)\n\tat org.testng.TestNG.runSuitesSequentially(TestNG.java:1274)\n\tat org.testng.TestNG.runSuitesLocally(TestNG.java:1208)\n\tat org.testng.TestNG.runSuites(TestNG.java:1112)\n\tat org.testng.TestNG.run(TestNG.java:1079)\n\tat org.apache.maven.surefire.testng.TestNGExecutor.run(TestNGExecutor.java:155)\n\tat org.apache.maven.surefire.testng.TestNGDirectoryTestSuite.executeMulti(TestNGDirectoryTestSuite.java:169)\n\tat org.apache.maven.surefire.testng.TestNGDirectoryTestSuite.execute(TestNGDirectoryTestSuite.java:88)\n\tat org.apache.maven.surefire.testng.TestNGProvider.invoke(TestNGProvider.java:137)\n\tat org.apache.maven.surefire.booter.ForkedBooter.runSuitesInProcess(ForkedBooter.java:385)\n\tat org.apache.maven.surefire.booter.ForkedBooter.execute(ForkedBooter.java:162)\n\tat org.apache.maven.surefire.booter.ForkedBooter.run(ForkedBooter.java:507)\n\tat org.apache.maven.surefire.booter.ForkedBooter.main(ForkedBooter.java:495)\n","steps":[{"name":"DELETE /project/TMS (raw)","time":{"start":1769761286874,"stop":1769761287098,"duration":224},"status":"passed","steps":[],"attachments":[{"uid":"c2e785ddffab1dc9","name":"Request","source":"c2e785ddffab1dc9.html","type":"text/html","size":507},{"uid":"e170f5f91bf9e76e","name":"HTTP/1.1 404 Not Found","source":"e170f5f91bf9e76e.html","type":"text/html","size":647}],"parameters":[{"name":"code","value":"TMS"}],"stepsCount":0,"shouldDisplayMessage":false,"attachmentsCount":2,"hasContent":true,"attachmentStep":false}],"attachments":[],"parameters":[{"name":"code","value":"TMS"}],"stepsCount":1,"shouldDisplayMessage":true,"attachmentsCount":2,"hasContent":true,"attachmentStep":false}],"attachments":[],"parameters":[],"stepsCount":4,"shouldDisplayMessage":false,"attachmentsCount":4,"hasContent":true,"attachmentStep":false}],"attachments":[],"parameters":[],"stepsCount":6,"shouldDisplayMessage":false,"attachmentsCount":4,"hasContent":true,"attachmentStep":false}],"labels":[{"name":"package","value":"tests.ui.ProjectTest"},{"name":"testClass","value":"tests.ui.ProjectTest"},{"name":"testMethod","value":"checkCreateProject"},{"name":"parentSuite","value":"Surefire suite"},{"name":"suite","value":"Surefire test"},{"name":"subSuite","value":"tests.ui.ProjectTest"},{"name":"host","value":"runnervmkj6or"},{"name":"thread","value":"2725@runnervmkj6or.main(1)"},{"name":"framework","value":"testng"},{"name":"language","value":"java"},{"name":"epic","value":"UI Tests"},{"name":"resultFormat","value":"allure2"}],"parameters":[],"links":[],"hidden":false,"retry":false,"extra":{"severity":"normal","retries":[],"categories":[],"history":{"statistic":{"failed":8,"broken":2,"skipped":0,"passed":18,"unknown":0,"total":28},"items":[{"uid":"ac52916cd27fff9c","reportUrl":"https://VikaAQA.github.io/QASE/65/#testresult/ac52916cd27fff9c","status":"passed","time":{"start":1769760164488,"stop":1769760187212,"duration":22724}},{"uid":"f9aff76b5acc4a0e","reportUrl":"https://VikaAQA.github.io/QASE/64/#testresult/f9aff76b5acc4a0e","status":"passed","time":{"start":1769700164678,"stop":1769700191159,"duration":26481}},{"uid":"fe9463a4ec7a7c82","reportUrl":"https://VikaAQA.github.io/QASE/63/#testresult/fe9463a4ec7a7c82","status":"failed","statusDetails":"Element not found {by text: New test}\nExpected: visible\nScreenshot: file:/home/runner/work/QASE/QASE/build/reports/tests/1769697996790.6.png\nPage source: file:/home/runner/work/QASE/QASE/build/reports/tests/1769697996790.6.html\nTimeout: 60 s.\nCaused by: NoSuchElementException: no such element: Unable to locate element: {\"method\":\"xpath\",\"selector\":\".//*/text()[normalize-space(translate(string(.), '","time":{"start":1769697924845,"stop":1769697996943,"duration":72098}},{"uid":"4aac6eb598c01c1","reportUrl":"https://VikaAQA.github.io/QASE/62/#testresult/4aac6eb598c01c1","status":"failed","statusDetails":"Element not found {by text: New test}\nExpected: visible\nScreenshot: file:/home/runner/work/QASE/QASE/build/reports/tests/1769192966356.6.png\nPage source: file:/home/runner/work/QASE/QASE/build/reports/tests/1769192966356.6.html\nTimeout: 60 s.\nCaused by: NoSuchElementException: no such element: Unable to locate element: {\"method\":\"xpath\",\"selector\":\".//*/text()[normalize-space(translate(string(.), '","time":{"start":1769192901105,"stop":1769192966521,"duration":65416}},{"uid":"e1c0febae5854266","reportUrl":"https://VikaAQA.github.io/QASE/61/#testresult/e1c0febae5854266","status":"failed","statusDetails":"Element not found {by text: New test}\nExpected: visible\nScreenshot: file:/home/runner/work/QASE/QASE/build/reports/tests/1768588090175.6.png\nPage source: file:/home/runner/work/QASE/QASE/build/reports/tests/1768588090175.6.html\nTimeout: 60 s.\nCaused by: NoSuchElementException: no such element: Unable to locate element: {\"method\":\"xpath\",\"selector\":\".//*/text()[normalize-space(translate(string(.), '","time":{"start":1768588021738,"stop":1768588090342,"duration":68604}},{"uid":"b2d828e45d602a2d","reportUrl":"https://VikaAQA.github.io/QASE/60/#testresult/b2d828e45d602a2d","status":"failed","statusDetails":"Element not found {by text: New test}\nExpected: visible\nScreenshot: file:/home/runner/work/QASE/QASE/build/reports/tests/1768476157012.6.png\nPage source: file:/home/runner/work/QASE/QASE/build/reports/tests/1768476157012.6.html\nTimeout: 60 s.\nCaused by: NoSuchElementException: no such element: Unable to locate element: {\"method\":\"xpath\",\"selector\":\".//*/text()[normalize-space(translate(string(.), '","time":{"start":1768476092470,"stop":1768476157180,"duration":64710}},{"uid":"148114ca0e4cefa","reportUrl":"https://VikaAQA.github.io/QASE/59/#testresult/148114ca0e4cefa","status":"failed","statusDetails":"Element not found {by text: New test}\nExpected: visible\nScreenshot: file:/home/runner/work/QASE/QASE/build/reports/tests/1768224933757.6.png\nPage source: file:/home/runner/work/QASE/QASE/build/reports/tests/1768224933757.6.html\nTimeout: 60 s.\nCaused by: NoSuchElementException: no such element: Unable to locate element: {\"method\":\"xpath\",\"selector\":\".//*/text()[normalize-space(translate(string(.), '","time":{"start":1768224868454,"stop":1768224933919,"duration":65465}},{"uid":"4f17a5bcdaec8fd2","reportUrl":"https://VikaAQA.github.io/QASE/58/#testresult/4f17a5bcdaec8fd2","status":"failed","statusDetails":"Element not found {by text: New test}\nExpected: visible\nScreenshot: file:/home/runner/work/QASE/QASE/build/reports/tests/1768058058499.6.png\nPage source: file:/home/runner/work/QASE/QASE/build/reports/tests/1768058058499.6.html\nTimeout: 60 s.\nCaused by: NoSuchElementException: no such element: Unable to locate element: {\"method\":\"xpath\",\"selector\":\".//*/text()[normalize-space(translate(string(.), '","time":{"start":1768057994002,"stop":1768058058651,"duration":64649}},{"uid":"20ad43b60bd326e","reportUrl":"https://VikaAQA.github.io/QASE/57/#testresult/20ad43b60bd326e","status":"failed","statusDetails":"Element not found {by text: New test}\nExpected: visible\nScreenshot: file:/home/runner/work/QASE/QASE/build/reports/tests/1767983267697.6.png\nPage source: file:/home/runner/work/QASE/QASE/build/reports/tests/1767983267697.6.html\nTimeout: 60 s.\nCaused by: NoSuchElementException: no such element: Unable to locate element: {\"method\":\"xpath\",\"selector\":\".//*/text()[normalize-space(translate(string(.), '","time":{"start":1767983203104,"stop":1767983267867,"duration":64763}},{"uid":"4467bbd5f12e3fb7","reportUrl":"https://VikaAQA.github.io/QASE/56/#testresult/4467bbd5f12e3fb7","status":"passed","time":{"start":1767377959533,"stop":1767377966815,"duration":7282}},{"uid":"94af6ff82fb6e5fd","reportUrl":"https://VikaAQA.github.io/QASE/55/#testresult/94af6ff82fb6e5fd","status":"passed","time":{"start":1767363071976,"stop":1767363089294,"duration":17318}},{"uid":"f21f3f70729d302b","reportUrl":"https://VikaAQA.github.io/QASE/54/#testresult/f21f3f70729d302b","status":"passed","time":{"start":1766773733394,"stop":1766773743405,"duration":10011}},{"uid":"b28c1b0b53322e73","reportUrl":"https://VikaAQA.github.io/QASE/53/#testresult/b28c1b0b53322e73","status":"passed","time":{"start":1766490236257,"stop":1766490246620,"duration":10363}},{"uid":"6ec2f1a010b63035","reportUrl":"https://VikaAQA.github.io/QASE/52/#testresult/6ec2f1a010b63035","status":"passed","time":{"start":1766487224718,"stop":1766487235477,"duration":10759}},{"uid":"9b6a14cc33907d79","reportUrl":"https://VikaAQA.github.io/QASE/51/#testresult/9b6a14cc33907d79","status":"passed","time":{"start":1766407424018,"stop":1766407432969,"duration":8951}},{"uid":"6dfd1ee945ca6000","reportUrl":"https://VikaAQA.github.io/QASE/50/#testresult/6dfd1ee945ca6000","status":"failed","statusDetails":"Element not found {by text: Create new project}\nExpected: visible\nScreenshot: file:/home/runner/work/QASE/QASE/build/reports/tests/1766405616254.4.png\nPage source: file:/home/runner/work/QASE/QASE/build/reports/tests/1766405616254.4.html\nTimeout: 90 s.\nCaused by: NoSuchElementException: no such element: Unable to locate element: {\"method\":\"xpath\",\"selector\":\".//*/text()[normalize-space(translate(string(.), '","time":{"start":1766405524512,"stop":1766405616503,"duration":91991}},{"uid":"d2263833a5763ccc","reportUrl":"https://VikaAQA.github.io/QASE/49/#testresult/d2263833a5763ccc","status":"passed","time":{"start":1766401137902,"stop":1766401146879,"duration":8977}},{"uid":"b00675feeddde6a5","reportUrl":"https://VikaAQA.github.io/QASE/48/#testresult/b00675feeddde6a5","status":"passed","time":{"start":1766398840799,"stop":1766398849434,"duration":8635}},{"uid":"1796ffc93746eda7","reportUrl":"https://VikaAQA.github.io/QASE/47/#testresult/1796ffc93746eda7","status":"passed","time":{"start":1766398312825,"stop":1766398322475,"duration":9650}},{"uid":"fa16e4b500b6ed8f","reportUrl":"https://VikaAQA.github.io/QASE/46/#testresult/fa16e4b500b6ed8f","status":"passed","time":{"start":1766168336132,"stop":1766168345081,"duration":8949}}]},"tags":[]},"source":"3a67c8c6bda013a3.json","parameterValues":[]}