{"uid":"4b4757e66a1912dae1a509f688f20b0f","children":[{"name":"Product defects","children":[{"name":"UnhandledAlertException: unexpected alert open: {Alert text : Are you sure you want to leave?}\nScreenshot: file:/home/runner/work/QASE/QASE/build/reports/tests/1766140134753.0.png\nPage source: file:/home/runner/work/QASE/QASE/build/reports/tests/1766140134753.0.html\nTimeout: 5 s.\nCaused by: UnhandledAlertException: unexpected alert open: {Alert text : Are you sure you want to leave?}","children":[{"name":"Создание тест-кейса через UI","uid":"e71d5b4f7eb72abc","parentUid":"bd2d1fef0b5a431fc69426062d3de790","status":"failed","time":{"start":1766140114706,"stop":1766140135132,"duration":20426},"flaky":false,"newFailed":true,"newPassed":false,"newBroken":false,"retriesCount":0,"retriesStatusChange":false,"parameters":[],"tags":[]}],"uid":"bd2d1fef0b5a431fc69426062d3de790"},{"name":"UnhandledAlertException: unexpected alert open: {Alert text : Are you sure you want to leave?}\nScreenshot: file:/home/runner/work/QASE/QASE/build/reports/tests/1766140155838.1.png\nPage source: file:/home/runner/work/QASE/QASE/build/reports/tests/1766140155838.1.html\nTimeout: 5 s.\nCaused by: UnhandledAlertException: unexpected alert open: {Alert text : Are you sure you want to leave?}","children":[{"name":"Создание тест-кейса с разными входными данными","uid":"99901a06fe6a18ef","parentUid":"1cf210e2194f5de93ffd2f0516da5836","status":"failed","time":{"start":1766140149776,"stop":1766140156184,"duration":6408},"flaky":false,"newFailed":true,"newPassed":false,"newBroken":false,"retriesCount":0,"retriesStatusChange":false,"parameters":["TestCase(title=Test Case 2, status=Actual, description=Description, suite=null, severity=Major, priority=Low, type=Smoke, layer=null, isFlaky=false, behavior=Negative, automationStatus=Automated, preconditions=null, postconditions=null, tags=null, attachments=null, steps=null)"],"tags":[]}],"uid":"1cf210e2194f5de93ffd2f0516da5836"},{"name":"UnhandledAlertException: unexpected alert open: {Alert text : Are you sure you want to leave?}\nScreenshot: file:/home/runner/work/QASE/QASE/build/reports/tests/1766140164001.2.png\nPage source: file:/home/runner/work/QASE/QASE/build/reports/tests/1766140164001.2.html\nTimeout: 5 s.\nCaused by: UnhandledAlertException: unexpected alert open: {Alert text : Are you sure you want to leave?}","children":[{"name":"Создание тест-кейса с разными входными данными","uid":"e638e3072ba37646","parentUid":"9f6a433663d04c68cc131dfd7c226b25","status":"failed","time":{"start":1766140156718,"stop":1766140164403,"duration":7685},"flaky":false,"newFailed":true,"newPassed":false,"newBroken":false,"retriesCount":0,"retriesStatusChange":false,"parameters":["TestCase(title=Test Case 3, status=Deprecated, description=Description, suite=null, severity=Trivial, priority=Low, type=Smoke, layer=null, isFlaky=false, behavior=Destructive, automationStatus=Manual, preconditions=null, postconditions=null, tags=null, attachments=null, steps=null)"],"tags":[]}],"uid":"9f6a433663d04c68cc131dfd7c226b25"},{"name":"Element not found {by text: Create new project}\nExpected: visible\nScreenshot: file:/home/runner/work/QASE/QASE/build/reports/tests/1766140269696.3.png\nPage source: file:/home/runner/work/QASE/QASE/build/reports/tests/1766140269696.3.html\nTimeout: 90 s.\nCaused by: NoSuchElementException: no such element: Unable to locate element: {\"method\":\"xpath\",\"selector\":\".//*/text()[normalize-space(translate(string(.), '","children":[{"name":"Создание проекта без названия: проверка ошибки","uid":"c87bf33e8ceaec8c","parentUid":"476620a1ba23f9d27b85f81d77e96c70","status":"failed","time":{"start":1766140177892,"stop":1766140269942,"duration":92050},"flaky":false,"newFailed":true,"newPassed":false,"newBroken":false,"retriesCount":0,"retriesStatusChange":false,"parameters":[],"tags":[]}],"uid":"476620a1ba23f9d27b85f81d77e96c70"}],"uid":"8fb3a91ba5aaf9de24cc8a92edc82b5d"}],"name":"categories"}