{"c679952f4fbae0a19dfc811f07276b70":{"statistic":{"failed":0,"broken":2,"skipped":0,"passed":2,"unknown":0,"total":4},"items":[{"uid":"f6b7a238994859ef","reportUrl":"https://VikaAQA.github.io/QASE/42/#testresult/f6b7a238994859ef","status":"broken","statusDetails":"Could not start a new session. Response code 500. Message: session not created: Chrome instance exited. Examine ChromeDriver verbose log to determine the cause. \nHost info: host: 'runnervmh13bl', ip: '10.1.0.244'\nBuild info: version: '4.35.0', revision: '1c58e5028b'\nSystem info: os.name: 'Linux', os.arch: 'amd64', os.version: '6.11.0-1018-azure', java.version: '17.0.17'\nDriver info: org.openqa.selenium.chrome.ChromeDriver\nCommand: [null, newSession {capabilities=[Capabilities {acceptInsecureCerts: true, browserName: chrome, goog:chromeOptions: {args: [--proxy-bypass-list=<-loopb..., --disable-dev-shm-usage, --disable-search-engine-cho..., --unsafely-disable-devtools..., --window-size=1920,1080], binary: /usr/bin/google-chrome, excludeSwitches: [enable-automation, load-extension], extensions: [], prefs: {autofill.credit_card_enabled: false, autofill.profile_enabled: false, credentials_enable_service: false, download.default_directory: /home/runner/work/QASE/QASE..., plugins.always_open_pdf_externally: true, profile.default_content_setting_values.automatic_downloads: 1, profile.password_manager_enabled: false, profile.password_manager_leak_detection: false, safebrowsing.enabled: true}}, pageLoadStrategy: normal, unhandledPromptBehavior: accept}]}]\nselenide.url: https://app.qase.io/login\nselenide.baseUrl: https://app.qase.io","time":{"start":1766149444859,"stop":1766149445058,"duration":199}},{"uid":"eb95fcdf4fa6828e","reportUrl":"https://VikaAQA.github.io/QASE/41/#testresult/eb95fcdf4fa6828e","status":"broken","statusDetails":"Could not start a new session. Response code 500. Message: session not created: Chrome instance exited. Examine ChromeDriver verbose log to determine the cause. \nHost info: host: 'runnervmh13bl', ip: '10.1.0.111'\nBuild info: version: '4.35.0', revision: '1c58e5028b'\nSystem info: os.name: 'Linux', os.arch: 'amd64', os.version: '6.11.0-1018-azure', java.version: '17.0.17'\nDriver info: org.openqa.selenium.chrome.ChromeDriver\nCommand: [null, newSession {capabilities=[Capabilities {acceptInsecureCerts: true, browserName: chrome, goog:chromeOptions: {args: [--proxy-bypass-list=<-loopb..., --disable-dev-shm-usage, --disable-search-engine-cho..., --unsafely-disable-devtools..., --window-size=1920,1080], binary: /usr/bin/google-chrome, excludeSwitches: [enable-automation, load-extension], extensions: [], prefs: {autofill.credit_card_enabled: false, autofill.profile_enabled: false, credentials_enable_service: false, download.default_directory: /home/runner/work/QASE/QASE..., plugins.always_open_pdf_externally: true, profile.default_content_setting_values.automatic_downloads: 1, profile.password_manager_enabled: false, profile.password_manager_leak_detection: false, safebrowsing.enabled: true}}, pageLoadStrategy: normal, unhandledPromptBehavior: accept}]}]\nselenide.url: https://app.qase.io/login\nselenide.baseUrl: https://app.qase.io","time":{"start":1766148920681,"stop":1766148920878,"duration":197}},{"uid":"a41512e4b777baf7","reportUrl":"https://VikaAQA.github.io/QASE/40/#testresult/a41512e4b777baf7","status":"passed","time":{"start":1766146740021,"stop":1766146749220,"duration":9199}},{"uid":"2060c8f0e12137e2","reportUrl":"https://VikaAQA.github.io/QASE/39/#testresult/2060c8f0e12137e2","status":"passed","time":{"start":1766146212345,"stop":1766146234081,"duration":21736}}]},"619b5e40d5487c53696599c35a11485a":{"statistic":{"failed":0,"broken":0,"skipped":0,"passed":4,"unknown":0,"total":4},"items":[{"uid":"19f56a0566109fda","reportUrl":"https://VikaAQA.github.io/QASE/42/#testresult/19f56a0566109fda","status":"passed","time":{"start":1766149437609,"stop":1766149438667,"duration":1058}},{"uid":"f5c1a345f1e63562","reportUrl":"https://VikaAQA.github.io/QASE/41/#testresult/f5c1a345f1e63562","status":"passed","time":{"start":1766148911416,"stop":1766148912684,"duration":1268}},{"uid":"acf290a73c990748","reportUrl":"https://VikaAQA.github.io/QASE/40/#testresult/acf290a73c990748","status":"passed","time":{"start":1766146608415,"stop":1766146609439,"duration":1024}},{"uid":"ad49d1ea97df6d58","reportUrl":"https://VikaAQA.github.io/QASE/39/#testresult/ad49d1ea97df6d58","status":"passed","time":{"start":1766146066762,"stop":1766146067855,"duration":1093}}]},"dce1802ca9d110296d8454e37d67d3d2":{"statistic":{"failed":0,"broken":0,"skipped":0,"passed":4,"unknown":0,"total":4},"items":[{"uid":"3c985867a4c85448","reportUrl":"https://VikaAQA.github.io/QASE/42/#testresult/3c985867a4c85448","status":"passed","time":{"start":1766149436656,"stop":1766149437064,"duration":408}},{"uid":"a5c107b94bfa3894","reportUrl":"https://VikaAQA.github.io/QASE/41/#testresult/a5c107b94bfa3894","status":"passed","time":{"start":1766148910240,"stop":1766148910710,"duration":470}},{"uid":"7d724793c5a7b185","reportUrl":"https://VikaAQA.github.io/QASE/40/#testresult/7d724793c5a7b185","status":"passed","time":{"start":1766146607556,"stop":1766146607907,"duration":351}},{"uid":"7ba9648cf558e0d7","reportUrl":"https://VikaAQA.github.io/QASE/39/#testresult/7ba9648cf558e0d7","status":"passed","time":{"start":1766146065747,"stop":1766146066200,"duration":453}}]},"918df36ce44167ad783b82f34840f9bb":{"statistic":{"failed":2,"broken":2,"skipped":0,"passed":0,"unknown":0,"total":4},"items":[{"uid":"a1f19740290d9213","reportUrl":"https://VikaAQA.github.io/QASE/42/#testresult/a1f19740290d9213","status":"broken","statusDetails":"Could not start a new session. Response code 500. Message: session not created: Chrome instance exited. Examine ChromeDriver verbose log to determine the cause. \nHost info: host: 'runnervmh13bl', ip: '10.1.0.244'\nBuild info: version: '4.35.0', revision: '1c58e5028b'\nSystem info: os.name: 'Linux', os.arch: 'amd64', os.version: '6.11.0-1018-azure', java.version: '17.0.17'\nDriver info: org.openqa.selenium.chrome.ChromeDriver\nCommand: [null, newSession {capabilities=[Capabilities {acceptInsecureCerts: true, browserName: chrome, goog:chromeOptions: {args: [--proxy-bypass-list=<-loopb..., --disable-dev-shm-usage, --disable-search-engine-cho..., --unsafely-disable-devtools..., --window-size=1920,1080], binary: /usr/bin/google-chrome, excludeSwitches: [enable-automation, load-extension], extensions: [], prefs: {autofill.credit_card_enabled: false, autofill.profile_enabled: false, credentials_enable_service: false, download.default_directory: /home/runner/work/QASE/QASE..., plugins.always_open_pdf_externally: true, profile.default_content_setting_values.automatic_downloads: 1, profile.password_manager_enabled: false, profile.password_manager_leak_detection: false, safebrowsing.enabled: true}}, pageLoadStrategy: normal, unhandledPromptBehavior: accept}]}]\nselenide.url: https://app.qase.io/login\nselenide.baseUrl: https://app.qase.io","time":{"start":1766149438947,"stop":1766149442120,"duration":3173}},{"uid":"b86156278fafaf21","reportUrl":"https://VikaAQA.github.io/QASE/41/#testresult/b86156278fafaf21","status":"broken","statusDetails":"Could not start a new session. Response code 500. Message: session not created: Chrome instance exited. Examine ChromeDriver verbose log to determine the cause. \nHost info: host: 'runnervmh13bl', ip: '10.1.0.111'\nBuild info: version: '4.35.0', revision: '1c58e5028b'\nSystem info: os.name: 'Linux', os.arch: 'amd64', os.version: '6.11.0-1018-azure', java.version: '17.0.17'\nDriver info: org.openqa.selenium.chrome.ChromeDriver\nCommand: [null, newSession {capabilities=[Capabilities {acceptInsecureCerts: true, browserName: chrome, goog:chromeOptions: {args: [--proxy-bypass-list=<-loopb..., --disable-dev-shm-usage, --disable-search-engine-cho..., --unsafely-disable-devtools..., --window-size=1920,1080], binary: /usr/bin/google-chrome, excludeSwitches: [enable-automation, load-extension], extensions: [], prefs: {autofill.credit_card_enabled: false, autofill.profile_enabled: false, credentials_enable_service: false, download.default_directory: /home/runner/work/QASE/QASE..., plugins.always_open_pdf_externally: true, profile.default_content_setting_values.automatic_downloads: 1, profile.password_manager_enabled: false, profile.password_manager_leak_detection: false, safebrowsing.enabled: true}}, pageLoadStrategy: normal, unhandledPromptBehavior: accept}]}]\nselenide.url: https://app.qase.io/login\nselenide.baseUrl: https://app.qase.io","time":{"start":1766148913042,"stop":1766148917554,"duration":4512}},{"uid":"724ece186f83f0e4","reportUrl":"https://VikaAQA.github.io/QASE/40/#testresult/724ece186f83f0e4","status":"failed","statusDetails":"UnhandledAlertException: unexpected alert open: {Alert text : Are you sure you want to leave?}\nScreenshot: file:/home/runner/work/QASE/QASE/build/reports/tests/1766146625940.0.png\nPage source: file:/home/runner/work/QASE/QASE/build/reports/tests/1766146625940.0.html\nTimeout: 60 s.\nCaused by: UnhandledAlertException: unexpected alert open: {Alert text : Are you sure you want to leave?}","time":{"start":1766146609684,"stop":1766146626265,"duration":16581}},{"uid":"255f1827e513ad08","reportUrl":"https://VikaAQA.github.io/QASE/39/#testresult/255f1827e513ad08","status":"failed","statusDetails":"Element not found {by text: New test}\nExpected: visible\nScreenshot: file:/home/runner/work/QASE/QASE/build/reports/tests/1766146140356.0.png\nPage source: file:/home/runner/work/QASE/QASE/build/reports/tests/1766146140356.0.html\nTimeout: 60 s.\nCaused by: NoSuchElementException: no such element: Unable to locate element: {\"method\":\"xpath\",\"selector\":\".//*/text()[normalize-space(translate(string(.), '","time":{"start":1766146068164,"stop":1766146140545,"duration":72381}}]},"80dec429879a900bcaad6cbca5c522a7":{"statistic":{"failed":1,"broken":3,"skipped":0,"passed":0,"unknown":0,"total":4},"items":[{"uid":"ff7c3454edb6dbb","reportUrl":"https://VikaAQA.github.io/QASE/42/#testresult/ff7c3454edb6dbb","status":"broken","statusDetails":"Could not start a new session. Response code 500. Message: session not created: Chrome instance exited. Examine ChromeDriver verbose log to determine the cause. \nHost info: host: 'runnervmh13bl', ip: '10.1.0.244'\nBuild info: version: '4.35.0', revision: '1c58e5028b'\nSystem info: os.name: 'Linux', os.arch: 'amd64', os.version: '6.11.0-1018-azure', java.version: '17.0.17'\nDriver info: org.openqa.selenium.chrome.ChromeDriver\nCommand: [null, newSession {capabilities=[Capabilities {acceptInsecureCerts: true, browserName: chrome, goog:chromeOptions: {args: [--proxy-bypass-list=<-loopb..., --disable-dev-shm-usage, --disable-search-engine-cho..., --unsafely-disable-devtools..., --window-size=1920,1080], binary: /usr/bin/google-chrome, excludeSwitches: [enable-automation, load-extension], extensions: [], prefs: {autofill.credit_card_enabled: false, autofill.profile_enabled: false, credentials_enable_service: false, download.default_directory: /home/runner/work/QASE/QASE..., plugins.always_open_pdf_externally: true, profile.default_content_setting_values.automatic_downloads: 1, profile.password_manager_enabled: false, profile.password_manager_leak_detection: false, safebrowsing.enabled: true}}, pageLoadStrategy: normal, unhandledPromptBehavior: accept}]}]\nselenide.url: https://app.qase.io/login\nselenide.baseUrl: https://app.qase.io","time":{"start":1766149443416,"stop":1766149443614,"duration":198}},{"uid":"b3ba4416306fa4bf","reportUrl":"https://VikaAQA.github.io/QASE/41/#testresult/b3ba4416306fa4bf","status":"broken","statusDetails":"Could not start a new session. Response code 500. Message: session not created: Chrome instance exited. Examine ChromeDriver verbose log to determine the cause. \nHost info: host: 'runnervmh13bl', ip: '10.1.0.111'\nBuild info: version: '4.35.0', revision: '1c58e5028b'\nSystem info: os.name: 'Linux', os.arch: 'amd64', os.version: '6.11.0-1018-azure', java.version: '17.0.17'\nDriver info: org.openqa.selenium.chrome.ChromeDriver\nCommand: [null, newSession {capabilities=[Capabilities {acceptInsecureCerts: true, browserName: chrome, goog:chromeOptions: {args: [--proxy-bypass-list=<-loopb..., --disable-dev-shm-usage, --disable-search-engine-cho..., --unsafely-disable-devtools..., --window-size=1920,1080], binary: /usr/bin/google-chrome, excludeSwitches: [enable-automation, load-extension], extensions: [], prefs: {autofill.credit_card_enabled: false, autofill.profile_enabled: false, credentials_enable_service: false, download.default_directory: /home/runner/work/QASE/QASE..., plugins.always_open_pdf_externally: true, profile.default_content_setting_values.automatic_downloads: 1, profile.password_manager_enabled: false, profile.password_manager_leak_detection: false, safebrowsing.enabled: true}}, pageLoadStrategy: normal, unhandledPromptBehavior: accept}]}]\nselenide.url: https://app.qase.io/login\nselenide.baseUrl: https://app.qase.io","time":{"start":1766148919034,"stop":1766148919235,"duration":201}},{"uid":"1605e716ef9f9fb","reportUrl":"https://VikaAQA.github.io/QASE/40/#testresult/1605e716ef9f9fb","status":"broken","statusDetails":"unexpected alert open: {Alert text : Are you sure you want to leave?}\n  (Session info: chrome=143.0.7499.109): Are you sure you want to leave?\nBuild info: version: '4.35.0', revision: '1c58e5028b'\nSystem info: os.name: 'Linux', os.arch: 'amd64', os.version: '6.11.0-1018-azure', java.version: '17.0.17'\nDriver info: org.openqa.selenium.chrome.ChromeDriver\nCommand: [e16fa1adb92b8b08ef75ffa229cf950a, executeScript {script=window.onbeforeunload = null;, args=[]}]\nCapabilities {acceptInsecureCerts: true, browserName: chrome, browserVersion: 143.0.7499.109, chrome: {chromedriverVersion: 143.0.7499.42 (24bdc8c48a0c..., userDataDir: /tmp/.org.chromium.Chromium...}, fedcm:accounts: true, goog:chromeOptions: {debuggerAddress: localhost:34589}, goog:processID: 3471, networkConnectionEnabled: false, pageLoadStrategy: normal, platformName: linux, proxy: Proxy(), se:cdp: ws://localhost:34589/devtoo..., se:cdpVersion: 143.0.7499.109, setWindowRect: true, strictFileInteractability: false, timeouts: {implicit: 0, pageLoad: 300000, script: 30000}, unhandledPromptBehavior: dismiss, webauthn:extension:credBlob: true, webauthn:extension:largeBlob: true, webauthn:extension:minPinLength: true, webauthn:extension:prf: true, webauthn:virtualAuthenticators: true}\nSession ID: e16fa1adb92b8b08ef75ffa229cf950a","time":{"start":1766146731465,"stop":1766146739261,"duration":7796}},{"uid":"ca225f2e73413a7d","reportUrl":"https://VikaAQA.github.io/QASE/39/#testresult/ca225f2e73413a7d","status":"failed","statusDetails":"Element not found {by text: Title}\nExpected: visible\nScreenshot: file:/home/runner/work/QASE/QASE/build/reports/tests/1766146211579.1.png\nPage source: file:/home/runner/work/QASE/QASE/build/reports/tests/1766146211579.1.html\nTimeout: 30 s.\nCaused by: NoSuchElementException: no such element: Unable to locate element: {\"method\":\"xpath\",\"selector\":\".//*/text()[normalize-space(translate(string(.), '","time":{"start":1766146170049,"stop":1766146211820,"duration":41771}}]},"f68462dc32f91f71ec8e4b0182ccbba9":{"statistic":{"failed":0,"broken":0,"skipped":0,"passed":4,"unknown":0,"total":4},"items":[{"uid":"204402a533226adf","reportUrl":"https://VikaAQA.github.io/QASE/42/#testresult/204402a533226adf","status":"passed","time":{"start":1766149433193,"stop":1766149434216,"duration":1023}},{"uid":"734c22244f4df782","reportUrl":"https://VikaAQA.github.io/QASE/41/#testresult/734c22244f4df782","status":"passed","time":{"start":1766148906171,"stop":1766148907362,"duration":1191}},{"uid":"4f3920711808b7db","reportUrl":"https://VikaAQA.github.io/QASE/40/#testresult/4f3920711808b7db","status":"passed","time":{"start":1766146604345,"stop":1766146605330,"duration":985}},{"uid":"903b77b4671cbe0","reportUrl":"https://VikaAQA.github.io/QASE/39/#testresult/903b77b4671cbe0","status":"passed","time":{"start":1766146062252,"stop":1766146063315,"duration":1063}}]},"6d7af0c09c206cb7e21385e628059a96":{"statistic":{"failed":1,"broken":2,"skipped":0,"passed":1,"unknown":0,"total":4},"items":[{"uid":"79dc95cae6c4b129","reportUrl":"https://VikaAQA.github.io/QASE/42/#testresult/79dc95cae6c4b129","status":"broken","statusDetails":"Could not start a new session. Response code 500. Message: session not created: Chrome instance exited. Examine ChromeDriver verbose log to determine the cause. \nHost info: host: 'runnervmh13bl', ip: '10.1.0.244'\nBuild info: version: '4.35.0', revision: '1c58e5028b'\nSystem info: os.name: 'Linux', os.arch: 'amd64', os.version: '6.11.0-1018-azure', java.version: '17.0.17'\nDriver info: org.openqa.selenium.chrome.ChromeDriver\nCommand: [null, newSession {capabilities=[Capabilities {acceptInsecureCerts: true, browserName: chrome, goog:chromeOptions: {args: [--proxy-bypass-list=<-loopb..., --disable-dev-shm-usage, --disable-search-engine-cho..., --unsafely-disable-devtools..., --window-size=1920,1080], binary: /usr/bin/google-chrome, excludeSwitches: [enable-automation, load-extension], extensions: [], prefs: {autofill.credit_card_enabled: false, autofill.profile_enabled: false, credentials_enable_service: false, download.default_directory: /home/runner/work/QASE/QASE..., plugins.always_open_pdf_externally: true, profile.default_content_setting_values.automatic_downloads: 1, profile.password_manager_enabled: false, profile.password_manager_leak_detection: false, safebrowsing.enabled: true}}, pageLoadStrategy: normal, unhandledPromptBehavior: accept}]}]\nselenide.url: https://app.qase.io/login\nselenide.baseUrl: https://app.qase.io","time":{"start":1766149445844,"stop":1766149446052,"duration":208}},{"uid":"aedaae8c1353cbbe","reportUrl":"https://VikaAQA.github.io/QASE/41/#testresult/aedaae8c1353cbbe","status":"broken","statusDetails":"Could not start a new session. Response code 500. Message: session not created: Chrome instance exited. Examine ChromeDriver verbose log to determine the cause. \nHost info: host: 'runnervmh13bl', ip: '10.1.0.111'\nBuild info: version: '4.35.0', revision: '1c58e5028b'\nSystem info: os.name: 'Linux', os.arch: 'amd64', os.version: '6.11.0-1018-azure', java.version: '17.0.17'\nDriver info: org.openqa.selenium.chrome.ChromeDriver\nCommand: [null, newSession {capabilities=[Capabilities {acceptInsecureCerts: true, browserName: chrome, goog:chromeOptions: {args: [--proxy-bypass-list=<-loopb..., --disable-dev-shm-usage, --disable-search-engine-cho..., --unsafely-disable-devtools..., --window-size=1920,1080], binary: /usr/bin/google-chrome, excludeSwitches: [enable-automation, load-extension], extensions: [], prefs: {autofill.credit_card_enabled: false, autofill.profile_enabled: false, credentials_enable_service: false, download.default_directory: /home/runner/work/QASE/QASE..., plugins.always_open_pdf_externally: true, profile.default_content_setting_values.automatic_downloads: 1, profile.password_manager_enabled: false, profile.password_manager_leak_detection: false, safebrowsing.enabled: true}}, pageLoadStrategy: normal, unhandledPromptBehavior: accept}]}]\nselenide.url: https://app.qase.io/login\nselenide.baseUrl: https://app.qase.io","time":{"start":1766148921792,"stop":1766148921997,"duration":205}},{"uid":"835c6c32ed087e85","reportUrl":"https://VikaAQA.github.io/QASE/40/#testresult/835c6c32ed087e85","status":"passed","time":{"start":1766146754633,"stop":1766146764948,"duration":10315}},{"uid":"b6ca638908d6ca7","reportUrl":"https://VikaAQA.github.io/QASE/39/#testresult/b6ca638908d6ca7","status":"failed","statusDetails":"Element not found {by text: New test}\nExpected: visible\nScreenshot: file:/home/runner/work/QASE/QASE/build/reports/tests/1766146312930.2.png\nPage source: file:/home/runner/work/QASE/QASE/build/reports/tests/1766146312930.2.html\nTimeout: 60 s.\nCaused by: NoSuchElementException: no such element: Unable to locate element: {\"method\":\"xpath\",\"selector\":\".//*/text()[normalize-space(translate(string(.), '","time":{"start":1766146239933,"stop":1766146313181,"duration":73248}}]},"2f669a4e27d537140a42e1564c78341a":{"statistic":{"failed":0,"broken":0,"skipped":0,"passed":4,"unknown":0,"total":4},"items":[{"uid":"35f6a774145a105f","reportUrl":"https://VikaAQA.github.io/QASE/42/#testresult/35f6a774145a105f","status":"passed","time":{"start":1766149435257,"stop":1766149436056,"duration":799}},{"uid":"e0b35f3e0fab17c1","reportUrl":"https://VikaAQA.github.io/QASE/41/#testresult/e0b35f3e0fab17c1","status":"passed","time":{"start":1766148908519,"stop":1766148909475,"duration":956}},{"uid":"933fa65aaec85a09","reportUrl":"https://VikaAQA.github.io/QASE/40/#testresult/933fa65aaec85a09","status":"passed","time":{"start":1766146606243,"stop":1766146607032,"duration":789}},{"uid":"6c03b9fef529aea7","reportUrl":"https://VikaAQA.github.io/QASE/39/#testresult/6c03b9fef529aea7","status":"passed","time":{"start":1766146064305,"stop":1766146065171,"duration":866}}]},"a69c247858c56a82d922054e29dced24":{"statistic":{"failed":1,"broken":2,"skipped":0,"passed":1,"unknown":0,"total":4},"items":[{"uid":"cb23d96306f66f8","reportUrl":"https://VikaAQA.github.io/QASE/42/#testresult/cb23d96306f66f8","status":"broken","statusDetails":"Could not start a new session. Response code 500. Message: session not created: Chrome instance exited. Examine ChromeDriver verbose log to determine the cause. \nHost info: host: 'runnervmh13bl', ip: '10.1.0.244'\nBuild info: version: '4.35.0', revision: '1c58e5028b'\nSystem info: os.name: 'Linux', os.arch: 'amd64', os.version: '6.11.0-1018-azure', java.version: '17.0.17'\nDriver info: org.openqa.selenium.chrome.ChromeDriver\nCommand: [null, newSession {capabilities=[Capabilities {acceptInsecureCerts: true, browserName: chrome, goog:chromeOptions: {args: [--proxy-bypass-list=<-loopb..., --disable-dev-shm-usage, --disable-search-engine-cho..., --unsafely-disable-devtools..., --window-size=1920,1080], binary: /usr/bin/google-chrome, excludeSwitches: [enable-automation, load-extension], extensions: [], prefs: {autofill.credit_card_enabled: false, autofill.profile_enabled: false, credentials_enable_service: false, download.default_directory: /home/runner/work/QASE/QASE..., plugins.always_open_pdf_externally: true, profile.default_content_setting_values.automatic_downloads: 1, profile.password_manager_enabled: false, profile.password_manager_leak_detection: false, safebrowsing.enabled: true}}, pageLoadStrategy: normal, unhandledPromptBehavior: accept}]}]\nselenide.url: https://app.qase.io/login\nselenide.baseUrl: https://app.qase.io","time":{"start":1766149442439,"stop":1766149442649,"duration":210}},{"uid":"3cd1ac5cdb92028d","reportUrl":"https://VikaAQA.github.io/QASE/41/#testresult/3cd1ac5cdb92028d","status":"broken","statusDetails":"Could not start a new session. Response code 500. Message: session not created: Chrome instance exited. Examine ChromeDriver verbose log to determine the cause. \nHost info: host: 'runnervmh13bl', ip: '10.1.0.111'\nBuild info: version: '4.35.0', revision: '1c58e5028b'\nSystem info: os.name: 'Linux', os.arch: 'amd64', os.version: '6.11.0-1018-azure', java.version: '17.0.17'\nDriver info: org.openqa.selenium.chrome.ChromeDriver\nCommand: [null, newSession {capabilities=[Capabilities {acceptInsecureCerts: true, browserName: chrome, goog:chromeOptions: {args: [--proxy-bypass-list=<-loopb..., --disable-dev-shm-usage, --disable-search-engine-cho..., --unsafely-disable-devtools..., --window-size=1920,1080], binary: /usr/bin/google-chrome, excludeSwitches: [enable-automation, load-extension], extensions: [], prefs: {autofill.credit_card_enabled: false, autofill.profile_enabled: false, credentials_enable_service: false, download.default_directory: /home/runner/work/QASE/QASE..., plugins.always_open_pdf_externally: true, profile.default_content_setting_values.automatic_downloads: 1, profile.password_manager_enabled: false, profile.password_manager_leak_detection: false, safebrowsing.enabled: true}}, pageLoadStrategy: normal, unhandledPromptBehavior: accept}]}]\nselenide.url: https://app.qase.io/login\nselenide.baseUrl: https://app.qase.io","time":{"start":1766148917916,"stop":1766148918118,"duration":202}},{"uid":"bd0b6a18c5cb2eb3","reportUrl":"https://VikaAQA.github.io/QASE/40/#testresult/bd0b6a18c5cb2eb3","status":"failed","statusDetails":"Element not found {by text: Create new project}\nExpected: visible\nScreenshot: file:/home/runner/work/QASE/QASE/build/reports/tests/1766146718927.1.png\nPage source: file:/home/runner/work/QASE/QASE/build/reports/tests/1766146718927.1.html\nTimeout: 90 s.\nCaused by: NoSuchElementException: no such element: Unable to locate element: {\"method\":\"xpath\",\"selector\":\".//*/text()[normalize-space(translate(string(.), '","time":{"start":1766146627047,"stop":1766146719157,"duration":92110}},{"uid":"6fa9dfa83b83138f","reportUrl":"https://VikaAQA.github.io/QASE/39/#testresult/6fa9dfa83b83138f","status":"passed","time":{"start":1766146141522,"stop":1766146156483,"duration":14961}}]},"ca23b77e2ff480a9fbd74b55d38a0be5":{"statistic":{"failed":0,"broken":2,"skipped":0,"passed":2,"unknown":0,"total":4},"items":[{"uid":"cb47516f15bedc97","reportUrl":"https://VikaAQA.github.io/QASE/42/#testresult/cb47516f15bedc97","status":"broken","statusDetails":"Could not start a new session. Response code 500. Message: session not created: Chrome instance exited. Examine ChromeDriver verbose log to determine the cause. \nHost info: host: 'runnervmh13bl', ip: '10.1.0.244'\nBuild info: version: '4.35.0', revision: '1c58e5028b'\nSystem info: os.name: 'Linux', os.arch: 'amd64', os.version: '6.11.0-1018-azure', java.version: '17.0.17'\nDriver info: org.openqa.selenium.chrome.ChromeDriver\nCommand: [null, newSession {capabilities=[Capabilities {acceptInsecureCerts: true, browserName: chrome, goog:chromeOptions: {args: [--proxy-bypass-list=<-loopb..., --disable-dev-shm-usage, --disable-search-engine-cho..., --unsafely-disable-devtools..., --window-size=1920,1080], binary: /usr/bin/google-chrome, excludeSwitches: [enable-automation, load-extension], extensions: [], prefs: {autofill.credit_card_enabled: false, autofill.profile_enabled: false, credentials_enable_service: false, download.default_directory: /home/runner/work/QASE/QASE..., plugins.always_open_pdf_externally: true, profile.default_content_setting_values.automatic_downloads: 1, profile.password_manager_enabled: false, profile.password_manager_leak_detection: false, safebrowsing.enabled: true}}, pageLoadStrategy: normal, unhandledPromptBehavior: accept}]}]\nselenide.url: https://app.qase.io/login\nselenide.baseUrl: https://app.qase.io","time":{"start":1766149445350,"stop":1766149445554,"duration":204}},{"uid":"8b870e8091c02176","reportUrl":"https://VikaAQA.github.io/QASE/41/#testresult/8b870e8091c02176","status":"broken","statusDetails":"Could not start a new session. Response code 500. Message: session not created: Chrome instance exited. Examine ChromeDriver verbose log to determine the cause. \nHost info: host: 'runnervmh13bl', ip: '10.1.0.111'\nBuild info: version: '4.35.0', revision: '1c58e5028b'\nSystem info: os.name: 'Linux', os.arch: 'amd64', os.version: '6.11.0-1018-azure', java.version: '17.0.17'\nDriver info: org.openqa.selenium.chrome.ChromeDriver\nCommand: [null, newSession {capabilities=[Capabilities {acceptInsecureCerts: true, browserName: chrome, goog:chromeOptions: {args: [--proxy-bypass-list=<-loopb..., --disable-dev-shm-usage, --disable-search-engine-cho..., --unsafely-disable-devtools..., --window-size=1920,1080], binary: /usr/bin/google-chrome, excludeSwitches: [enable-automation, load-extension], extensions: [], prefs: {autofill.credit_card_enabled: false, autofill.profile_enabled: false, credentials_enable_service: false, download.default_directory: /home/runner/work/QASE/QASE..., plugins.always_open_pdf_externally: true, profile.default_content_setting_values.automatic_downloads: 1, profile.password_manager_enabled: false, profile.password_manager_leak_detection: false, safebrowsing.enabled: true}}, pageLoadStrategy: normal, unhandledPromptBehavior: accept}]}]\nselenide.url: https://app.qase.io/login\nselenide.baseUrl: https://app.qase.io","time":{"start":1766148921229,"stop":1766148921428,"duration":199}},{"uid":"3d1a5ad2b74c6a48","reportUrl":"https://VikaAQA.github.io/QASE/40/#testresult/3d1a5ad2b74c6a48","status":"passed","time":{"start":1766146749545,"stop":1766146754282,"duration":4737}},{"uid":"8438d3f1aa116db8","reportUrl":"https://VikaAQA.github.io/QASE/39/#testresult/8438d3f1aa116db8","status":"passed","time":{"start":1766146234443,"stop":1766146239552,"duration":5109}}]},"7bcb978afb13dc605db21bd00bde0cfa":{"statistic":{"failed":1,"broken":2,"skipped":0,"passed":1,"unknown":0,"total":4},"items":[{"uid":"58e274c8cf06a68","reportUrl":"https://VikaAQA.github.io/QASE/42/#testresult/58e274c8cf06a68","status":"broken","statusDetails":"Could not start a new session. Response code 500. Message: session not created: Chrome instance exited. Examine ChromeDriver verbose log to determine the cause. \nHost info: host: 'runnervmh13bl', ip: '10.1.0.244'\nBuild info: version: '4.35.0', revision: '1c58e5028b'\nSystem info: os.name: 'Linux', os.arch: 'amd64', os.version: '6.11.0-1018-azure', java.version: '17.0.17'\nDriver info: org.openqa.selenium.chrome.ChromeDriver\nCommand: [null, newSession {capabilities=[Capabilities {acceptInsecureCerts: true, browserName: chrome, goog:chromeOptions: {args: [--proxy-bypass-list=<-loopb..., --disable-dev-shm-usage, --disable-search-engine-cho..., --unsafely-disable-devtools..., --window-size=1920,1080], binary: /usr/bin/google-chrome, excludeSwitches: [enable-automation, load-extension], extensions: [], prefs: {autofill.credit_card_enabled: false, autofill.profile_enabled: false, credentials_enable_service: false, download.default_directory: /home/runner/work/QASE/QASE..., plugins.always_open_pdf_externally: true, profile.default_content_setting_values.automatic_downloads: 1, profile.password_manager_enabled: false, profile.password_manager_leak_detection: false, safebrowsing.enabled: true}}, pageLoadStrategy: normal, unhandledPromptBehavior: accept}]}]\nselenide.url: https://app.qase.io/login\nselenide.baseUrl: https://app.qase.io","time":{"start":1766149442941,"stop":1766149443143,"duration":202}},{"uid":"381968bc431abc91","reportUrl":"https://VikaAQA.github.io/QASE/41/#testresult/381968bc431abc91","status":"broken","statusDetails":"Could not start a new session. Response code 500. Message: session not created: Chrome instance exited. Examine ChromeDriver verbose log to determine the cause. \nHost info: host: 'runnervmh13bl', ip: '10.1.0.111'\nBuild info: version: '4.35.0', revision: '1c58e5028b'\nSystem info: os.name: 'Linux', os.arch: 'amd64', os.version: '6.11.0-1018-azure', java.version: '17.0.17'\nDriver info: org.openqa.selenium.chrome.ChromeDriver\nCommand: [null, newSession {capabilities=[Capabilities {acceptInsecureCerts: true, browserName: chrome, goog:chromeOptions: {args: [--proxy-bypass-list=<-loopb..., --disable-dev-shm-usage, --disable-search-engine-cho..., --unsafely-disable-devtools..., --window-size=1920,1080], binary: /usr/bin/google-chrome, excludeSwitches: [enable-automation, load-extension], extensions: [], prefs: {autofill.credit_card_enabled: false, autofill.profile_enabled: false, credentials_enable_service: false, download.default_directory: /home/runner/work/QASE/QASE..., plugins.always_open_pdf_externally: true, profile.default_content_setting_values.automatic_downloads: 1, profile.password_manager_enabled: false, profile.password_manager_leak_detection: false, safebrowsing.enabled: true}}, pageLoadStrategy: normal, unhandledPromptBehavior: accept}]}]\nselenide.url: https://app.qase.io/login\nselenide.baseUrl: https://app.qase.io","time":{"start":1766148918486,"stop":1766148918689,"duration":203}},{"uid":"bd19e80811533b5e","reportUrl":"https://VikaAQA.github.io/QASE/40/#testresult/bd19e80811533b5e","status":"failed","statusDetails":"UnhandledAlertException: unexpected alert open: {Alert text : Are you sure you want to leave?}\nScreenshot: file:/home/runner/work/QASE/QASE/build/reports/tests/1766146728501.2.png\nPage source: file:/home/runner/work/QASE/QASE/build/reports/tests/1766146728501.2.html\nTimeout: 30 s.\nCaused by: UnhandledAlertException: unexpected alert open: {Alert text : Are you sure you want to leave?}","time":{"start":1766146719630,"stop":1766146730779,"duration":11149}},{"uid":"18942e768c2b94d1","reportUrl":"https://VikaAQA.github.io/QASE/39/#testresult/18942e768c2b94d1","status":"passed","time":{"start":1766146157173,"stop":1766146169408,"duration":12235}}]}}