{"uid":"2f1b60eaef14da44","name":"Создание проекта без названия: проверка ошибки","fullName":"tests.ui.ProjectTest.checkCreateProjectWithNegative","historyId":"ca23b77e2ff480a9fbd74b55d38a0be5","time":{"start":1770119172037,"stop":1770119172037,"duration":0},"status":"skipped","statusMessage":"[Delete project HTTP status, code=TMS, body: {\"status\":false,\"errorMessage\":\"Project not found\"}] \nExpecting actual:\n  404\nto be in:\n  [200, 204]\n","statusTrace":"java.lang.AssertionError: [Delete project HTTP status, code=TMS, body: {\"status\":false,\"errorMessage\":\"Project not found\"}] \nExpecting actual:\n  404\nto be in:\n  [200, 204]\n\n\tat adapters.ProjectAPI.deleteProject(ProjectAPI.java:67)\n\tat java.base/java.lang.Iterable.forEach(Iterable.java:75)\n\tat java.base/java.util.Collections$UnmodifiableCollection.forEach(Collections.java:1093)\n\tat adapters.ProjectAPI.deleteAllProject(ProjectAPI.java:120)\n\tat tests.BaseTest.tearDown(BaseTest.java:103)\n\tat java.base/jdk.internal.reflect.NativeMethodAccessorImpl.invoke0(Native Method)\n\tat java.base/jdk.internal.reflect.NativeMethodAccessorImpl.invoke(NativeMethodAccessorImpl.java:77)\n\tat java.base/jdk.internal.reflect.DelegatingMethodAccessorImpl.invoke(DelegatingMethodAccessorImpl.java:43)\n\tat java.base/java.lang.reflect.Method.invoke(Method.java:569)\n\tat org.testng.internal.invokers.MethodInvocationHelper.invokeMethod(MethodInvocationHelper.java:141)\n\tat org.testng.internal.invokers.MethodInvocationHelper.invokeMethodConsideringTimeout(MethodInvocationHelper.java:71)\n\tat org.testng.internal.invokers.ConfigInvoker.invokeConfigurationMethod(ConfigInvoker.java:400)\n\tat org.testng.internal.invokers.ConfigInvoker.invokeConfigurations(ConfigInvoker.java:333)\n\tat org.testng.internal.invokers.TestInvoker.runConfigMethods(TestInvoker.java:833)\n\tat org.testng.internal.invokers.TestInvoker.runAfterConfigurations(TestInvoker.java:802)\n\tat org.testng.internal.invokers.TestInvoker.invokeMethod(TestInvoker.java:778)\n\tat org.testng.internal.invokers.TestInvoker.invokeTestMethod(TestInvoker.java:230)\n\tat org.testng.internal.invokers.MethodRunner.runInSequence(MethodRunner.java:63)\n\tat org.testng.internal.invokers.TestInvoker$MethodInvocationAgent.invoke(TestInvoker.java:992)\n\tat org.testng.internal.invokers.TestInvoker.invokeTestMethods(TestInvoker.java:203)\n\tat org.testng.internal.invokers.TestMethodWorker.invokeTestMethods(TestMethodWorker.java:154)\n\tat org.testng.internal.invokers.TestMethodWorker.run(TestMethodWorker.java:134)\n\tat java.base/java.util.ArrayList.forEach(ArrayList.java:1511)\n\tat org.testng.TestRunner.privateRun(TestRunner.java:739)\n\tat org.testng.TestRunner.run(TestRunner.java:614)\n\tat org.testng.SuiteRunner.runTest(SuiteRunner.java:421)\n\tat org.testng.SuiteRunner.runSequentially(SuiteRunner.java:413)\n\tat org.testng.SuiteRunner.privateRun(SuiteRunner.java:373)\n\tat org.testng.SuiteRunner.run(SuiteRunner.java:312)\n\tat org.testng.SuiteRunnerWorker.runSuite(SuiteRunnerWorker.java:52)\n\tat org.testng.SuiteRunnerWorker.run(SuiteRunnerWorker.java:95)\n\tat org.testng.TestNG.runSuitesSequentially(TestNG.java:1274)\n\tat org.testng.TestNG.runSuitesLocally(TestNG.java:1208)\n\tat org.testng.TestNG.runSuites(TestNG.java:1112)\n\tat org.testng.TestNG.run(TestNG.java:1079)\n\tat org.apache.maven.surefire.testng.TestNGExecutor.run(TestNGExecutor.java:155)\n\tat org.apache.maven.surefire.testng.TestNGDirectoryTestSuite.executeMulti(TestNGDirectoryTestSuite.java:169)\n\tat org.apache.maven.surefire.testng.TestNGDirectoryTestSuite.execute(TestNGDirectoryTestSuite.java:88)\n\tat org.apache.maven.surefire.testng.TestNGProvider.invoke(TestNGProvider.java:137)\n\tat org.apache.maven.surefire.booter.ForkedBooter.runSuitesInProcess(ForkedBooter.java:385)\n\tat org.apache.maven.surefire.booter.ForkedBooter.execute(ForkedBooter.java:162)\n\tat org.apache.maven.surefire.booter.ForkedBooter.run(ForkedBooter.java:507)\n\tat org.apache.maven.surefire.booter.ForkedBooter.main(ForkedBooter.java:495)\n","flaky":false,"newFailed":false,"newBroken":false,"newPassed":false,"retriesCount":0,"retriesStatusChange":false,"beforeStages":[{"name":"setUp","time":{"start":1770119172035,"stop":1770119172036,"duration":1},"description":"","status":"passed","steps":[],"attachments":[],"parameters":[],"stepsCount":0,"shouldDisplayMessage":false,"attachmentsCount":0,"hasContent":false,"attachmentStep":false}],"afterStages":[{"name":"Browser teardown","time":{"start":1770119172038,"stop":1770119172180,"duration":142},"description":"Browser teardown","status":"passed","steps":[{"name":"$(\"webdriver\") close()","time":{"start":1770119172038,"stop":1770119172038,"duration":0},"status":"passed","steps":[],"attachments":[],"parameters":[],"stepsCount":0,"shouldDisplayMessage":false,"attachmentsCount":0,"hasContent":false,"attachmentStep":false},{"name":"Удаление всех проектов","time":{"start":1770119172038,"stop":1770119172180,"duration":142},"status":"passed","steps":[{"name":"Получение списка всех проектов","time":{"start":1770119172038,"stop":1770119172180,"duration":142},"status":"passed","steps":[{"name":"GET /project?limit=10&offset=0 (raw)","time":{"start":1770119172038,"stop":1770119172172,"duration":134},"status":"passed","steps":[],"attachments":[{"uid":"efb75f360dceda18","name":"Request","source":"efb75f360dceda18.html","type":"text/html","size":537},{"uid":"e3a785a3bb1811fd","name":"HTTP/1.1 200 OK","source":"e3a785a3bb1811fd.html","type":"text/html","size":676}],"parameters":[{"name":"limit","value":"10"},{"name":"offset","value":"0"}],"stepsCount":0,"shouldDisplayMessage":false,"attachmentsCount":2,"hasContent":true,"attachmentStep":false}],"attachments":[],"parameters":[],"stepsCount":1,"shouldDisplayMessage":false,"attachmentsCount":2,"hasContent":true,"attachmentStep":false}],"attachments":[],"parameters":[],"stepsCount":2,"shouldDisplayMessage":false,"attachmentsCount":2,"hasContent":true,"attachmentStep":false}],"attachments":[],"parameters":[],"stepsCount":4,"shouldDisplayMessage":false,"attachmentsCount":2,"hasContent":true,"attachmentStep":false}],"labels":[{"name":"package","value":"tests.ui.ProjectTest"},{"name":"testClass","value":"tests.ui.ProjectTest"},{"name":"testMethod","value":"checkCreateProjectWithNegative"},{"name":"parentSuite","value":"Surefire suite"},{"name":"suite","value":"Surefire test"},{"name":"subSuite","value":"tests.ui.ProjectTest"},{"name":"host","value":"runnervmkj6or"},{"name":"thread","value":"2677@runnervmkj6or.main(1)"},{"name":"framework","value":"testng"},{"name":"language","value":"java"},{"name":"epic","value":"UI Tests"},{"name":"resultFormat","value":"allure2"}],"parameters":[],"links":[],"hidden":false,"retry":false,"extra":{"severity":"normal","retries":[],"categories":[],"history":{"statistic":{"failed":5,"broken":2,"skipped":2,"passed":24,"unknown":0,"total":33},"items":[{"uid":"3bfcbbd39e88ec28","reportUrl":"https://VikaAQA.github.io/QASE/70/#testresult/3bfcbbd39e88ec28","status":"passed","time":{"start":1769797948319,"stop":1769797960374,"duration":12055}},{"uid":"ba66212982af8cbd","reportUrl":"https://VikaAQA.github.io/QASE/69/#testresult/ba66212982af8cbd","status":"passed","time":{"start":1769786031510,"stop":1769786048831,"duration":17321}},{"uid":"2f1ca6fd125e90dc","reportUrl":"https://VikaAQA.github.io/QASE/68/#testresult/2f1ca6fd125e90dc","status":"passed","time":{"start":1769783583561,"stop":1769783595640,"duration":12079}},{"uid":"d787de5298d5f7db","reportUrl":"https://VikaAQA.github.io/QASE/67/#testresult/d787de5298d5f7db","status":"passed","time":{"start":1769779171269,"stop":1769779182896,"duration":11627}},{"uid":"a8dc215dcd33bb82","reportUrl":"https://VikaAQA.github.io/QASE/66/#testresult/a8dc215dcd33bb82","status":"skipped","statusDetails":"[Delete project HTTP status, code=TMS, body: {\"status\":false,\"errorMessage\":\"Project not found\"}] \nExpecting actual:\n  404\nto be in:\n  [200, 204]\n","time":{"start":1769761287114,"stop":1769761287114,"duration":0}},{"uid":"d4618b39c7266c65","reportUrl":"https://VikaAQA.github.io/QASE/65/#testresult/d4618b39c7266c65","status":"passed","time":{"start":1769760187469,"stop":1769760199108,"duration":11639}},{"uid":"530085234b2ea4bf","reportUrl":"https://VikaAQA.github.io/QASE/64/#testresult/530085234b2ea4bf","status":"passed","time":{"start":1769700191524,"stop":1769700203437,"duration":11913}},{"uid":"35934addedb73754","reportUrl":"https://VikaAQA.github.io/QASE/63/#testresult/35934addedb73754","status":"passed","time":{"start":1769697997690,"stop":1769698009526,"duration":11836}},{"uid":"82bd13a02197b5f9","reportUrl":"https://VikaAQA.github.io/QASE/62/#testresult/82bd13a02197b5f9","status":"passed","time":{"start":1769192967188,"stop":1769192971807,"duration":4619}},{"uid":"b671c1a6e8de71f5","reportUrl":"https://VikaAQA.github.io/QASE/61/#testresult/b671c1a6e8de71f5","status":"passed","time":{"start":1768588090811,"stop":1768588095209,"duration":4398}},{"uid":"13471e9f5be06be4","reportUrl":"https://VikaAQA.github.io/QASE/60/#testresult/13471e9f5be06be4","status":"passed","time":{"start":1768476157770,"stop":1768476165715,"duration":7945}},{"uid":"489622a944cca9f","reportUrl":"https://VikaAQA.github.io/QASE/59/#testresult/489622a944cca9f","status":"passed","time":{"start":1768224994198,"stop":1768224999609,"duration":5411}},{"uid":"907f26e3d95b9988","reportUrl":"https://VikaAQA.github.io/QASE/58/#testresult/907f26e3d95b9988","status":"passed","time":{"start":1768058059221,"stop":1768058063707,"duration":4486}},{"uid":"68f1e7cdffa65b6f","reportUrl":"https://VikaAQA.github.io/QASE/57/#testresult/68f1e7cdffa65b6f","status":"passed","time":{"start":1767983268401,"stop":1767983272778,"duration":4377}},{"uid":"5ab89fea0ea9a1a2","reportUrl":"https://VikaAQA.github.io/QASE/56/#testresult/5ab89fea0ea9a1a2","status":"failed","statusDetails":"Element not found {by text: Create new project}\nExpected: visible\nScreenshot: file:/home/runner/work/QASE/QASE/build/reports/tests/1767378058626.0.png\nPage source: file:/home/runner/work/QASE/QASE/build/reports/tests/1767378058626.0.html\nTimeout: 90 s.\nCaused by: NoSuchElementException: no such element: Unable to locate element: {\"method\":\"xpath\",\"selector\":\".//*/text()[normalize-space(translate(string(.), '","time":{"start":1767377967008,"stop":1767378058894,"duration":91886}},{"uid":"6ed6c76b8ea37c7c","reportUrl":"https://VikaAQA.github.io/QASE/55/#testresult/6ed6c76b8ea37c7c","status":"passed","time":{"start":1767363089554,"stop":1767363097304,"duration":7750}},{"uid":"611ac7c3cd97a741","reportUrl":"https://VikaAQA.github.io/QASE/54/#testresult/611ac7c3cd97a741","status":"passed","time":{"start":1766773743667,"stop":1766773748261,"duration":4594}},{"uid":"37c2531a5d096902","reportUrl":"https://VikaAQA.github.io/QASE/53/#testresult/37c2531a5d096902","status":"passed","time":{"start":1766490246951,"stop":1766490251710,"duration":4759}},{"uid":"9b91b769393260c8","reportUrl":"https://VikaAQA.github.io/QASE/52/#testresult/9b91b769393260c8","status":"failed","statusDetails":"Element not found {by text: Create new project}\nExpected: visible\nScreenshot: file:/home/runner/work/QASE/QASE/build/reports/tests/1766487327261.0.png\nPage source: file:/home/runner/work/QASE/QASE/build/reports/tests/1766487327261.0.html\nTimeout: 90 s.\nCaused by: NoSuchElementException: no such element: Unable to locate element: {\"method\":\"xpath\",\"selector\":\".//*/text()[normalize-space(translate(string(.), '","time":{"start":1766487235719,"stop":1766487327526,"duration":91807}},{"uid":"49cd9079df905e16","reportUrl":"https://VikaAQA.github.io/QASE/51/#testresult/49cd9079df905e16","status":"passed","time":{"start":1766407433323,"stop":1766407445832,"duration":12509}}]},"tags":[]},"source":"2f1b60eaef14da44.json","parameterValues":[]}