{"uid":"382e5ee29001e5d0","name":"Создание проекта и его удаление","fullName":"tests.ui.ProjectTest.checkCreateProject","historyId":"c679952f4fbae0a19dfc811f07276b70","time":{"start":1770119149400,"stop":1770119171617,"duration":22217},"description":"Проверка позитивного сценария создания проекта","descriptionHtml":"<p>Проверка позитивного сценария создания проекта</p>\n","status":"passed","flaky":false,"newFailed":false,"newBroken":false,"newPassed":false,"retriesCount":0,"retriesStatusChange":false,"beforeStages":[{"name":"setUp","time":{"start":1770119149398,"stop":1770119149398,"duration":0},"description":"","status":"passed","steps":[],"attachments":[],"parameters":[],"stepsCount":0,"shouldDisplayMessage":false,"attachmentsCount":0,"hasContent":false,"attachmentStep":false}],"testStage":{"description":"Проверка позитивного сценария создания проекта","status":"passed","steps":[{"name":"Авторизация и открытие страницы Projects","time":{"start":1770119149400,"stop":1770119160767,"duration":11367},"status":"passed","steps":[{"name":"Открытие страницы авторизации","time":{"start":1770119149400,"stop":1770119151010,"duration":1610},"status":"passed","steps":[{"name":"$(\"open\") https://app.qase.io/login","time":{"start":1770119149400,"stop":1770119151010,"duration":1610},"status":"passed","steps":[{"name":"$(\"webdriver\") create()","time":{"start":1770119149400,"stop":1770119149716,"duration":316},"status":"passed","steps":[],"attachments":[],"parameters":[],"stepsCount":0,"shouldDisplayMessage":false,"attachmentsCount":0,"hasContent":false,"attachmentStep":false}],"attachments":[],"parameters":[],"stepsCount":1,"shouldDisplayMessage":false,"attachmentsCount":0,"hasContent":true,"attachmentStep":false}],"attachments":[],"parameters":[],"stepsCount":2,"shouldDisplayMessage":false,"attachmentsCount":0,"hasContent":true,"attachmentStep":false},{"name":"Проверка,что страница авторизации открыта","time":{"start":1770119151010,"stop":1770119151053,"duration":43},"status":"passed","steps":[{"name":"$(\"[name='password']\") should be(visible)","time":{"start":1770119151010,"stop":1770119151053,"duration":43},"status":"passed","steps":[],"attachments":[],"parameters":[],"stepsCount":0,"shouldDisplayMessage":false,"attachmentsCount":0,"hasContent":false,"attachmentStep":false}],"attachments":[],"parameters":[],"stepsCount":1,"shouldDisplayMessage":false,"attachmentsCount":0,"hasContent":true,"attachmentStep":false},{"name":"Принять cookies, если баннер появился","time":{"start":1770119151053,"stop":1770119151065,"duration":12},"status":"passed","steps":[],"attachments":[],"parameters":[],"stepsCount":0,"shouldDisplayMessage":false,"attachmentsCount":0,"hasContent":false,"attachmentStep":false},{"name":"Авторизация под валидными данными","time":{"start":1770119151065,"stop":1770119151420,"duration":355},"status":"passed","steps":[{"name":"$(\"[name=email]\") should be(visible)","time":{"start":1770119151065,"stop":1770119151097,"duration":32},"status":"passed","steps":[],"attachments":[],"parameters":[],"stepsCount":0,"shouldDisplayMessage":false,"attachmentsCount":0,"hasContent":false,"attachmentStep":false},{"name":"$(\"[name=email]\") set value(viktoriaportnenko@gmail.com)","time":{"start":1770119151097,"stop":1770119151218,"duration":121},"status":"passed","steps":[],"attachments":[],"parameters":[],"stepsCount":0,"shouldDisplayMessage":false,"attachmentsCount":0,"hasContent":false,"attachmentStep":false},{"name":"$(\"[name='password']\") set value(w.7U4g9PJW-CQY@)","time":{"start":1770119151218,"stop":1770119151339,"duration":121},"status":"passed","steps":[],"attachments":[],"parameters":[],"stepsCount":0,"shouldDisplayMessage":false,"attachmentsCount":0,"hasContent":false,"attachmentStep":false},{"name":"$(\"button[type='submit']\") should be(enabled)","time":{"start":1770119151339,"stop":1770119151358,"duration":19},"status":"passed","steps":[],"attachments":[],"parameters":[],"stepsCount":0,"shouldDisplayMessage":false,"attachmentsCount":0,"hasContent":false,"attachmentStep":false},{"name":"$(\"button[type='submit']\") click()","time":{"start":1770119151358,"stop":1770119151420,"duration":62},"status":"passed","steps":[],"attachments":[],"parameters":[],"stepsCount":0,"shouldDisplayMessage":false,"attachmentsCount":0,"hasContent":false,"attachmentStep":false}],"attachments":[],"parameters":[{"name":"user","value":"viktoriaportnenko@gmail.com"},{"name":"password","value":"w.7U4g9PJW-CQY@"}],"stepsCount":5,"shouldDisplayMessage":false,"attachmentsCount":0,"hasContent":true,"attachmentStep":false},{"name":"Принять cookies, если баннер появился","time":{"start":1770119151420,"stop":1770119151424,"duration":4},"status":"passed","steps":[],"attachments":[],"parameters":[],"stepsCount":0,"shouldDisplayMessage":false,"attachmentsCount":0,"hasContent":false,"attachmentStep":false},{"name":"Проверка, что  страница проектов открыта","time":{"start":1770119151424,"stop":1770119160767,"duration":9343},"status":"passed","steps":[{"name":"$(\"by text: Create new project\") should be([visible, 120 s.])","time":{"start":1770119151425,"stop":1770119160766,"duration":9341},"status":"passed","steps":[],"attachments":[],"parameters":[],"stepsCount":0,"shouldDisplayMessage":false,"attachmentsCount":0,"hasContent":false,"attachmentStep":false}],"attachments":[],"parameters":[],"stepsCount":1,"shouldDisplayMessage":false,"attachmentsCount":0,"hasContent":true,"attachmentStep":false}],"attachments":[],"parameters":[],"stepsCount":15,"shouldDisplayMessage":false,"attachmentsCount":0,"hasContent":true,"attachmentStep":false},{"name":"Создание нового проекта с именем: 'TMS'","time":{"start":1770119160767,"stop":1770119161024,"duration":257},"status":"passed","steps":[{"name":"$(\"by text: Create new project\") should be([visible, 60 s.])","time":{"start":1770119160767,"stop":1770119160790,"duration":23},"status":"passed","steps":[],"attachments":[],"parameters":[],"stepsCount":0,"shouldDisplayMessage":false,"attachmentsCount":0,"hasContent":false,"attachmentStep":false},{"name":"$(\"by text: Create new project\") click()","time":{"start":1770119160790,"stop":1770119160846,"duration":56},"status":"passed","steps":[],"attachments":[],"parameters":[],"stepsCount":0,"shouldDisplayMessage":false,"attachmentsCount":0,"hasContent":false,"attachmentStep":false},{"name":"$(\"#project-name\") set value(TMS)","time":{"start":1770119160847,"stop":1770119160928,"duration":81},"status":"passed","steps":[],"attachments":[],"parameters":[],"stepsCount":0,"shouldDisplayMessage":false,"attachmentsCount":0,"hasContent":false,"attachmentStep":false},{"name":"$(\"input[value='public']\") click()","time":{"start":1770119160928,"stop":1770119160970,"duration":42},"status":"passed","steps":[],"attachments":[],"parameters":[],"stepsCount":0,"shouldDisplayMessage":false,"attachmentsCount":0,"hasContent":false,"attachmentStep":false},{"name":"$(\"input[value='public']\") should be(selected)","time":{"start":1770119160970,"stop":1770119160986,"duration":16},"status":"passed","steps":[],"attachments":[],"parameters":[],"stepsCount":0,"shouldDisplayMessage":false,"attachmentsCount":0,"hasContent":false,"attachmentStep":false},{"name":"$(\"by text: Create project\") click()","time":{"start":1770119160986,"stop":1770119161024,"duration":38},"status":"passed","steps":[],"attachments":[],"parameters":[],"stepsCount":0,"shouldDisplayMessage":false,"attachmentsCount":0,"hasContent":false,"attachmentStep":false}],"attachments":[],"parameters":[{"name":"project","value":"TMS"}],"stepsCount":6,"shouldDisplayMessage":false,"attachmentsCount":0,"hasContent":true,"attachmentStep":false},{"name":"Проверка, что проект 'TMS' успешно создан и отображается на странице","time":{"start":1770119161025,"stop":1770119162582,"duration":1557},"status":"passed","steps":[{"name":"$(\"by text: Manual test\") should be([visible, 60 s.])","time":{"start":1770119161025,"stop":1770119162562,"duration":1537},"status":"passed","steps":[],"attachments":[],"parameters":[],"stepsCount":0,"shouldDisplayMessage":false,"attachmentsCount":0,"hasContent":false,"attachmentStep":false},{"name":"$(\"by text: TMS\") should be(visible)","time":{"start":1770119162562,"stop":1770119162582,"duration":20},"status":"passed","steps":[],"attachments":[],"parameters":[],"stepsCount":0,"shouldDisplayMessage":false,"attachmentsCount":0,"hasContent":false,"attachmentStep":false}],"attachments":[],"parameters":[{"name":"project","value":"TMS"}],"stepsCount":2,"shouldDisplayMessage":false,"attachmentsCount":0,"hasContent":true,"attachmentStep":false},{"name":"Открыть страницу проектов ({PROJECTS_URL})","time":{"start":1770119162582,"stop":1770119170048,"duration":7466},"status":"passed","steps":[{"name":"$(\"open\") https://app.qase.io/projects","time":{"start":1770119162582,"stop":1770119170048,"duration":7466},"status":"passed","steps":[],"attachments":[],"parameters":[],"stepsCount":0,"shouldDisplayMessage":false,"attachmentsCount":0,"hasContent":false,"attachmentStep":false}],"attachments":[],"parameters":[],"stepsCount":1,"shouldDisplayMessage":false,"attachmentsCount":0,"hasContent":true,"attachmentStep":false},{"name":"Проверка, что  страница проектов открыта","time":{"start":1770119170049,"stop":1770119171142,"duration":1093},"status":"passed","steps":[{"name":"$(\"by text: Create new project\") should be([visible, 120 s.])","time":{"start":1770119170049,"stop":1770119171142,"duration":1093},"status":"passed","steps":[],"attachments":[],"parameters":[],"stepsCount":0,"shouldDisplayMessage":false,"attachmentsCount":0,"hasContent":false,"attachmentStep":false}],"attachments":[],"parameters":[],"stepsCount":1,"shouldDisplayMessage":false,"attachmentsCount":0,"hasContent":true,"attachmentStep":false},{"name":"Удаление проекта с именем: 'TMS'","time":{"start":1770119171142,"stop":1770119171616,"duration":474},"status":"passed","steps":[{"name":"$(\"by text: TMS/By.xpath: ancestor::tr[1]/button[aria-label='Open action menu']\") click()","time":{"start":1770119171145,"stop":1770119171536,"duration":391},"status":"passed","steps":[],"attachments":[],"parameters":[],"stepsCount":0,"shouldDisplayMessage":false,"attachmentsCount":0,"hasContent":false,"attachmentStep":false},{"name":"$(\"[data-testid=remove]\") click()","time":{"start":1770119171536,"stop":1770119171580,"duration":44},"status":"passed","steps":[],"attachments":[],"parameters":[],"stepsCount":0,"shouldDisplayMessage":false,"attachmentsCount":0,"hasContent":false,"attachmentStep":false},{"name":"$(\"By.xpath: //span[text()='Delete project']\") click()","time":{"start":1770119171580,"stop":1770119171616,"duration":36},"status":"passed","steps":[],"attachments":[],"parameters":[],"stepsCount":0,"shouldDisplayMessage":false,"attachmentsCount":0,"hasContent":false,"attachmentStep":false}],"attachments":[],"parameters":[{"name":"project","value":"TMS"}],"stepsCount":3,"shouldDisplayMessage":false,"attachmentsCount":0,"hasContent":true,"attachmentStep":false}],"attachments":[],"parameters":[],"stepsCount":34,"shouldDisplayMessage":false,"attachmentsCount":0,"hasContent":true,"attachmentStep":false},"afterStages":[{"name":"Browser teardown","time":{"start":1770119171619,"stop":1770119172032,"duration":413},"description":"Browser teardown","status":"failed","statusMessage":"[Delete project HTTP status, code=TMS, body: {\"status\":false,\"errorMessage\":\"Project not found\"}] \nExpecting actual:\n  404\nto be in:\n  [200, 204]\n","statusTrace":"java.lang.AssertionError: [Delete project HTTP status, code=TMS, body: {\"status\":false,\"errorMessage\":\"Project not found\"}] \nExpecting actual:\n  404\nto be in:\n  [200, 204]\n\n\tat adapters.ProjectAPI.deleteProject(ProjectAPI.java:67)\n\tat java.base/java.lang.Iterable.forEach(Iterable.java:75)\n\tat java.base/java.util.Collections$UnmodifiableCollection.forEach(Collections.java:1093)\n\tat adapters.ProjectAPI.deleteAllProject(ProjectAPI.java:120)\n\tat tests.BaseTest.tearDown(BaseTest.java:103)\n\tat java.base/jdk.internal.reflect.NativeMethodAccessorImpl.invoke0(Native Method)\n\tat java.base/jdk.internal.reflect.NativeMethodAccessorImpl.invoke(NativeMethodAccessorImpl.java:77)\n\tat java.base/jdk.internal.reflect.DelegatingMethodAccessorImpl.invoke(DelegatingMethodAccessorImpl.java:43)\n\tat java.base/java.lang.reflect.Method.invoke(Method.java:569)\n\tat org.testng.internal.invokers.MethodInvocationHelper.invokeMethod(MethodInvocationHelper.java:141)\n\tat org.testng.internal.invokers.MethodInvocationHelper.invokeMethodConsideringTimeout(MethodInvocationHelper.java:71)\n\tat org.testng.internal.invokers.ConfigInvoker.invokeConfigurationMethod(ConfigInvoker.java:400)\n\tat org.testng.internal.invokers.ConfigInvoker.invokeConfigurations(ConfigInvoker.java:333)\n\tat org.testng.internal.invokers.TestInvoker.runConfigMethods(TestInvoker.java:833)\n\tat org.testng.internal.invokers.TestInvoker.runAfterConfigurations(TestInvoker.java:802)\n\tat org.testng.internal.invokers.TestInvoker.invokeMethod(TestInvoker.java:778)\n\tat org.testng.internal.invokers.TestInvoker.invokeTestMethod(TestInvoker.java:230)\n\tat org.testng.internal.invokers.MethodRunner.runInSequence(MethodRunner.java:63)\n\tat org.testng.internal.invokers.TestInvoker$MethodInvocationAgent.invoke(TestInvoker.java:992)\n\tat org.testng.internal.invokers.TestInvoker.invokeTestMethods(TestInvoker.java:203)\n\tat org.testng.internal.invokers.TestMethodWorker.invokeTestMethods(TestMethodWorker.java:154)\n\tat org.testng.internal.invokers.TestMethodWorker.run(TestMethodWorker.java:134)\n\tat java.base/java.util.ArrayList.forEach(ArrayList.java:1511)\n\tat org.testng.TestRunner.privateRun(TestRunner.java:739)\n\tat org.testng.TestRunner.run(TestRunner.java:614)\n\tat org.testng.SuiteRunner.runTest(SuiteRunner.java:421)\n\tat org.testng.SuiteRunner.runSequentially(SuiteRunner.java:413)\n\tat org.testng.SuiteRunner.privateRun(SuiteRunner.java:373)\n\tat org.testng.SuiteRunner.run(SuiteRunner.java:312)\n\tat org.testng.SuiteRunnerWorker.runSuite(SuiteRunnerWorker.java:52)\n\tat org.testng.SuiteRunnerWorker.run(SuiteRunnerWorker.java:95)\n\tat org.testng.TestNG.runSuitesSequentially(TestNG.java:1274)\n\tat org.testng.TestNG.runSuitesLocally(TestNG.java:1208)\n\tat org.testng.TestNG.runSuites(TestNG.java:1112)\n\tat org.testng.TestNG.run(TestNG.java:1079)\n\tat org.apache.maven.surefire.testng.TestNGExecutor.run(TestNGExecutor.java:155)\n\tat org.apache.maven.surefire.testng.TestNGDirectoryTestSuite.executeMulti(TestNGDirectoryTestSuite.java:169)\n\tat org.apache.maven.surefire.testng.TestNGDirectoryTestSuite.execute(TestNGDirectoryTestSuite.java:88)\n\tat org.apache.maven.surefire.testng.TestNGProvider.invoke(TestNGProvider.java:137)\n\tat org.apache.maven.surefire.booter.ForkedBooter.runSuitesInProcess(ForkedBooter.java:385)\n\tat org.apache.maven.surefire.booter.ForkedBooter.execute(ForkedBooter.java:162)\n\tat org.apache.maven.surefire.booter.ForkedBooter.run(ForkedBooter.java:507)\n\tat org.apache.maven.surefire.booter.ForkedBooter.main(ForkedBooter.java:495)\n","steps":[{"name":"$(\"webdriver\") close()","time":{"start":1770119171625,"stop":1770119171717,"duration":92},"status":"passed","steps":[],"attachments":[],"parameters":[],"stepsCount":0,"shouldDisplayMessage":false,"attachmentsCount":0,"hasContent":false,"attachmentStep":false},{"name":"Удаление всех проектов","time":{"start":1770119171717,"stop":1770119172031,"duration":314},"status":"failed","statusMessage":"[Delete project HTTP status, code=TMS, body: {\"status\":false,\"errorMessage\":\"Project not found\"}] \nExpecting actual:\n  404\nto be in:\n  [200, 204]\n","statusTrace":"java.lang.AssertionError: [Delete project HTTP status, code=TMS, body: {\"status\":false,\"errorMessage\":\"Project not found\"}] \nExpecting actual:\n  404\nto be in:\n  [200, 204]\n\n\tat adapters.ProjectAPI.deleteProject(ProjectAPI.java:67)\n\tat java.base/java.lang.Iterable.forEach(Iterable.java:75)\n\tat java.base/java.util.Collections$UnmodifiableCollection.forEach(Collections.java:1093)\n\tat adapters.ProjectAPI.deleteAllProject(ProjectAPI.java:120)\n\tat tests.BaseTest.tearDown(BaseTest.java:103)\n\tat java.base/jdk.internal.reflect.NativeMethodAccessorImpl.invoke0(Native Method)\n\tat java.base/jdk.internal.reflect.NativeMethodAccessorImpl.invoke(NativeMethodAccessorImpl.java:77)\n\tat java.base/jdk.internal.reflect.DelegatingMethodAccessorImpl.invoke(DelegatingMethodAccessorImpl.java:43)\n\tat java.base/java.lang.reflect.Method.invoke(Method.java:569)\n\tat org.testng.internal.invokers.MethodInvocationHelper.invokeMethod(MethodInvocationHelper.java:141)\n\tat org.testng.internal.invokers.MethodInvocationHelper.invokeMethodConsideringTimeout(MethodInvocationHelper.java:71)\n\tat org.testng.internal.invokers.ConfigInvoker.invokeConfigurationMethod(ConfigInvoker.java:400)\n\tat org.testng.internal.invokers.ConfigInvoker.invokeConfigurations(ConfigInvoker.java:333)\n\tat org.testng.internal.invokers.TestInvoker.runConfigMethods(TestInvoker.java:833)\n\tat org.testng.internal.invokers.TestInvoker.runAfterConfigurations(TestInvoker.java:802)\n\tat org.testng.internal.invokers.TestInvoker.invokeMethod(TestInvoker.java:778)\n\tat org.testng.internal.invokers.TestInvoker.invokeTestMethod(TestInvoker.java:230)\n\tat org.testng.internal.invokers.MethodRunner.runInSequence(MethodRunner.java:63)\n\tat org.testng.internal.invokers.TestInvoker$MethodInvocationAgent.invoke(TestInvoker.java:992)\n\tat org.testng.internal.invokers.TestInvoker.invokeTestMethods(TestInvoker.java:203)\n\tat org.testng.internal.invokers.TestMethodWorker.invokeTestMethods(TestMethodWorker.java:154)\n\tat org.testng.internal.invokers.TestMethodWorker.run(TestMethodWorker.java:134)\n\tat java.base/java.util.ArrayList.forEach(ArrayList.java:1511)\n\tat org.testng.TestRunner.privateRun(TestRunner.java:739)\n\tat org.testng.TestRunner.run(TestRunner.java:614)\n\tat org.testng.SuiteRunner.runTest(SuiteRunner.java:421)\n\tat org.testng.SuiteRunner.runSequentially(SuiteRunner.java:413)\n\tat org.testng.SuiteRunner.privateRun(SuiteRunner.java:373)\n\tat org.testng.SuiteRunner.run(SuiteRunner.java:312)\n\tat org.testng.SuiteRunnerWorker.runSuite(SuiteRunnerWorker.java:52)\n\tat org.testng.SuiteRunnerWorker.run(SuiteRunnerWorker.java:95)\n\tat org.testng.TestNG.runSuitesSequentially(TestNG.java:1274)\n\tat org.testng.TestNG.runSuitesLocally(TestNG.java:1208)\n\tat org.testng.TestNG.runSuites(TestNG.java:1112)\n\tat org.testng.TestNG.run(TestNG.java:1079)\n\tat org.apache.maven.surefire.testng.TestNGExecutor.run(TestNGExecutor.java:155)\n\tat org.apache.maven.surefire.testng.TestNGDirectoryTestSuite.executeMulti(TestNGDirectoryTestSuite.java:169)\n\tat org.apache.maven.surefire.testng.TestNGDirectoryTestSuite.execute(TestNGDirectoryTestSuite.java:88)\n\tat org.apache.maven.surefire.testng.TestNGProvider.invoke(TestNGProvider.java:137)\n\tat org.apache.maven.surefire.booter.ForkedBooter.runSuitesInProcess(ForkedBooter.java:385)\n\tat org.apache.maven.surefire.booter.ForkedBooter.execute(ForkedBooter.java:162)\n\tat org.apache.maven.surefire.booter.ForkedBooter.run(ForkedBooter.java:507)\n\tat org.apache.maven.surefire.booter.ForkedBooter.main(ForkedBooter.java:495)\n","steps":[{"name":"Получение списка всех проектов","time":{"start":1770119171717,"stop":1770119171887,"duration":170},"status":"passed","steps":[{"name":"GET /project?limit=10&offset=0 (raw)","time":{"start":1770119171717,"stop":1770119171878,"duration":161},"status":"passed","steps":[],"attachments":[{"uid":"f4950227fa65c76b","name":"Request","source":"f4950227fa65c76b.html","type":"text/html","size":537},{"uid":"fc45e1bfe169df08","name":"HTTP/1.1 200 OK","source":"fc45e1bfe169df08.html","type":"text/html","size":1292}],"parameters":[{"name":"limit","value":"10"},{"name":"offset","value":"0"}],"stepsCount":0,"shouldDisplayMessage":false,"attachmentsCount":2,"hasContent":true,"attachmentStep":false}],"attachments":[],"parameters":[],"stepsCount":1,"shouldDisplayMessage":false,"attachmentsCount":2,"hasContent":true,"attachmentStep":false},{"name":"Удаление проекта TMS","time":{"start":1770119171887,"stop":1770119172031,"duration":144},"status":"failed","statusMessage":"[Delete project HTTP status, code=TMS, body: {\"status\":false,\"errorMessage\":\"Project not found\"}] \nExpecting actual:\n  404\nto be in:\n  [200, 204]\n","statusTrace":"java.lang.AssertionError: [Delete project HTTP status, code=TMS, body: {\"status\":false,\"errorMessage\":\"Project not found\"}] \nExpecting actual:\n  404\nto be in:\n  [200, 204]\n\n\tat adapters.ProjectAPI.deleteProject(ProjectAPI.java:67)\n\tat java.base/java.lang.Iterable.forEach(Iterable.java:75)\n\tat java.base/java.util.Collections$UnmodifiableCollection.forEach(Collections.java:1093)\n\tat adapters.ProjectAPI.deleteAllProject(ProjectAPI.java:120)\n\tat tests.BaseTest.tearDown(BaseTest.java:103)\n\tat java.base/jdk.internal.reflect.NativeMethodAccessorImpl.invoke0(Native Method)\n\tat java.base/jdk.internal.reflect.NativeMethodAccessorImpl.invoke(NativeMethodAccessorImpl.java:77)\n\tat java.base/jdk.internal.reflect.DelegatingMethodAccessorImpl.invoke(DelegatingMethodAccessorImpl.java:43)\n\tat java.base/java.lang.reflect.Method.invoke(Method.java:569)\n\tat org.testng.internal.invokers.MethodInvocationHelper.invokeMethod(MethodInvocationHelper.java:141)\n\tat org.testng.internal.invokers.MethodInvocationHelper.invokeMethodConsideringTimeout(MethodInvocationHelper.java:71)\n\tat org.testng.internal.invokers.ConfigInvoker.invokeConfigurationMethod(ConfigInvoker.java:400)\n\tat org.testng.internal.invokers.ConfigInvoker.invokeConfigurations(ConfigInvoker.java:333)\n\tat org.testng.internal.invokers.TestInvoker.runConfigMethods(TestInvoker.java:833)\n\tat org.testng.internal.invokers.TestInvoker.runAfterConfigurations(TestInvoker.java:802)\n\tat org.testng.internal.invokers.TestInvoker.invokeMethod(TestInvoker.java:778)\n\tat org.testng.internal.invokers.TestInvoker.invokeTestMethod(TestInvoker.java:230)\n\tat org.testng.internal.invokers.MethodRunner.runInSequence(MethodRunner.java:63)\n\tat org.testng.internal.invokers.TestInvoker$MethodInvocationAgent.invoke(TestInvoker.java:992)\n\tat org.testng.internal.invokers.TestInvoker.invokeTestMethods(TestInvoker.java:203)\n\tat org.testng.internal.invokers.TestMethodWorker.invokeTestMethods(TestMethodWorker.java:154)\n\tat org.testng.internal.invokers.TestMethodWorker.run(TestMethodWorker.java:134)\n\tat java.base/java.util.ArrayList.forEach(ArrayList.java:1511)\n\tat org.testng.TestRunner.privateRun(TestRunner.java:739)\n\tat org.testng.TestRunner.run(TestRunner.java:614)\n\tat org.testng.SuiteRunner.runTest(SuiteRunner.java:421)\n\tat org.testng.SuiteRunner.runSequentially(SuiteRunner.java:413)\n\tat org.testng.SuiteRunner.privateRun(SuiteRunner.java:373)\n\tat org.testng.SuiteRunner.run(SuiteRunner.java:312)\n\tat org.testng.SuiteRunnerWorker.runSuite(SuiteRunnerWorker.java:52)\n\tat org.testng.SuiteRunnerWorker.run(SuiteRunnerWorker.java:95)\n\tat org.testng.TestNG.runSuitesSequentially(TestNG.java:1274)\n\tat org.testng.TestNG.runSuitesLocally(TestNG.java:1208)\n\tat org.testng.TestNG.runSuites(TestNG.java:1112)\n\tat org.testng.TestNG.run(TestNG.java:1079)\n\tat org.apache.maven.surefire.testng.TestNGExecutor.run(TestNGExecutor.java:155)\n\tat org.apache.maven.surefire.testng.TestNGDirectoryTestSuite.executeMulti(TestNGDirectoryTestSuite.java:169)\n\tat org.apache.maven.surefire.testng.TestNGDirectoryTestSuite.execute(TestNGDirectoryTestSuite.java:88)\n\tat org.apache.maven.surefire.testng.TestNGProvider.invoke(TestNGProvider.java:137)\n\tat org.apache.maven.surefire.booter.ForkedBooter.runSuitesInProcess(ForkedBooter.java:385)\n\tat org.apache.maven.surefire.booter.ForkedBooter.execute(ForkedBooter.java:162)\n\tat org.apache.maven.surefire.booter.ForkedBooter.run(ForkedBooter.java:507)\n\tat org.apache.maven.surefire.booter.ForkedBooter.main(ForkedBooter.java:495)\n","steps":[{"name":"DELETE /project/TMS (raw)","time":{"start":1770119171887,"stop":1770119172023,"duration":136},"status":"passed","steps":[],"attachments":[{"uid":"ebfb4c705753a98b","name":"Request","source":"ebfb4c705753a98b.html","type":"text/html","size":507},{"uid":"2f939284a6968531","name":"HTTP/1.1 404 Not Found","source":"2f939284a6968531.html","type":"text/html","size":647}],"parameters":[{"name":"code","value":"TMS"}],"stepsCount":0,"shouldDisplayMessage":false,"attachmentsCount":2,"hasContent":true,"attachmentStep":false}],"attachments":[],"parameters":[{"name":"code","value":"TMS"}],"stepsCount":1,"shouldDisplayMessage":true,"attachmentsCount":2,"hasContent":true,"attachmentStep":false}],"attachments":[],"parameters":[],"stepsCount":4,"shouldDisplayMessage":false,"attachmentsCount":4,"hasContent":true,"attachmentStep":false}],"attachments":[],"parameters":[],"stepsCount":6,"shouldDisplayMessage":false,"attachmentsCount":4,"hasContent":true,"attachmentStep":false}],"labels":[{"name":"package","value":"tests.ui.ProjectTest"},{"name":"testClass","value":"tests.ui.ProjectTest"},{"name":"testMethod","value":"checkCreateProject"},{"name":"parentSuite","value":"Surefire suite"},{"name":"suite","value":"Surefire test"},{"name":"subSuite","value":"tests.ui.ProjectTest"},{"name":"host","value":"runnervmkj6or"},{"name":"thread","value":"2677@runnervmkj6or.main(1)"},{"name":"framework","value":"testng"},{"name":"language","value":"java"},{"name":"epic","value":"UI Tests"},{"name":"resultFormat","value":"allure2"}],"parameters":[],"links":[],"hidden":false,"retry":false,"extra":{"severity":"normal","retries":[],"categories":[],"history":{"statistic":{"failed":8,"broken":2,"skipped":0,"passed":23,"unknown":0,"total":33},"items":[{"uid":"c1bf59b65957bbb4","reportUrl":"https://VikaAQA.github.io/QASE/70/#testresult/c1bf59b65957bbb4","status":"passed","time":{"start":1769797924124,"stop":1769797947987,"duration":23863}},{"uid":"feee7e8b72023b1b","reportUrl":"https://VikaAQA.github.io/QASE/69/#testresult/feee7e8b72023b1b","status":"passed","time":{"start":1769786006311,"stop":1769786030273,"duration":23962}},{"uid":"5d143f250c85685d","reportUrl":"https://VikaAQA.github.io/QASE/68/#testresult/5d143f250c85685d","status":"passed","time":{"start":1769783546262,"stop":1769783583191,"duration":36929}},{"uid":"69aa592f106ca4ca","reportUrl":"https://VikaAQA.github.io/QASE/67/#testresult/69aa592f106ca4ca","status":"passed","time":{"start":1769779146209,"stop":1769779170871,"duration":24662}},{"uid":"3a67c8c6bda013a3","reportUrl":"https://VikaAQA.github.io/QASE/66/#testresult/3a67c8c6bda013a3","status":"passed","time":{"start":1769761263005,"stop":1769761286508,"duration":23503}},{"uid":"ac52916cd27fff9c","reportUrl":"https://VikaAQA.github.io/QASE/65/#testresult/ac52916cd27fff9c","status":"passed","time":{"start":1769760164488,"stop":1769760187212,"duration":22724}},{"uid":"f9aff76b5acc4a0e","reportUrl":"https://VikaAQA.github.io/QASE/64/#testresult/f9aff76b5acc4a0e","status":"passed","time":{"start":1769700164678,"stop":1769700191159,"duration":26481}},{"uid":"fe9463a4ec7a7c82","reportUrl":"https://VikaAQA.github.io/QASE/63/#testresult/fe9463a4ec7a7c82","status":"failed","statusDetails":"Element not found {by text: New test}\nExpected: visible\nScreenshot: file:/home/runner/work/QASE/QASE/build/reports/tests/1769697996790.6.png\nPage source: file:/home/runner/work/QASE/QASE/build/reports/tests/1769697996790.6.html\nTimeout: 60 s.\nCaused by: NoSuchElementException: no such element: Unable to locate element: {\"method\":\"xpath\",\"selector\":\".//*/text()[normalize-space(translate(string(.), '","time":{"start":1769697924845,"stop":1769697996943,"duration":72098}},{"uid":"4aac6eb598c01c1","reportUrl":"https://VikaAQA.github.io/QASE/62/#testresult/4aac6eb598c01c1","status":"failed","statusDetails":"Element not found {by text: New test}\nExpected: visible\nScreenshot: file:/home/runner/work/QASE/QASE/build/reports/tests/1769192966356.6.png\nPage source: file:/home/runner/work/QASE/QASE/build/reports/tests/1769192966356.6.html\nTimeout: 60 s.\nCaused by: NoSuchElementException: no such element: Unable to locate element: {\"method\":\"xpath\",\"selector\":\".//*/text()[normalize-space(translate(string(.), '","time":{"start":1769192901105,"stop":1769192966521,"duration":65416}},{"uid":"e1c0febae5854266","reportUrl":"https://VikaAQA.github.io/QASE/61/#testresult/e1c0febae5854266","status":"failed","statusDetails":"Element not found {by text: New test}\nExpected: visible\nScreenshot: file:/home/runner/work/QASE/QASE/build/reports/tests/1768588090175.6.png\nPage source: file:/home/runner/work/QASE/QASE/build/reports/tests/1768588090175.6.html\nTimeout: 60 s.\nCaused by: NoSuchElementException: no such element: Unable to locate element: {\"method\":\"xpath\",\"selector\":\".//*/text()[normalize-space(translate(string(.), '","time":{"start":1768588021738,"stop":1768588090342,"duration":68604}},{"uid":"b2d828e45d602a2d","reportUrl":"https://VikaAQA.github.io/QASE/60/#testresult/b2d828e45d602a2d","status":"failed","statusDetails":"Element not found {by text: New test}\nExpected: visible\nScreenshot: file:/home/runner/work/QASE/QASE/build/reports/tests/1768476157012.6.png\nPage source: file:/home/runner/work/QASE/QASE/build/reports/tests/1768476157012.6.html\nTimeout: 60 s.\nCaused by: NoSuchElementException: no such element: Unable to locate element: {\"method\":\"xpath\",\"selector\":\".//*/text()[normalize-space(translate(string(.), '","time":{"start":1768476092470,"stop":1768476157180,"duration":64710}},{"uid":"148114ca0e4cefa","reportUrl":"https://VikaAQA.github.io/QASE/59/#testresult/148114ca0e4cefa","status":"failed","statusDetails":"Element not found {by text: New test}\nExpected: visible\nScreenshot: file:/home/runner/work/QASE/QASE/build/reports/tests/1768224933757.6.png\nPage source: file:/home/runner/work/QASE/QASE/build/reports/tests/1768224933757.6.html\nTimeout: 60 s.\nCaused by: NoSuchElementException: no such element: Unable to locate element: {\"method\":\"xpath\",\"selector\":\".//*/text()[normalize-space(translate(string(.), '","time":{"start":1768224868454,"stop":1768224933919,"duration":65465}},{"uid":"4f17a5bcdaec8fd2","reportUrl":"https://VikaAQA.github.io/QASE/58/#testresult/4f17a5bcdaec8fd2","status":"failed","statusDetails":"Element not found {by text: New test}\nExpected: visible\nScreenshot: file:/home/runner/work/QASE/QASE/build/reports/tests/1768058058499.6.png\nPage source: file:/home/runner/work/QASE/QASE/build/reports/tests/1768058058499.6.html\nTimeout: 60 s.\nCaused by: NoSuchElementException: no such element: Unable to locate element: {\"method\":\"xpath\",\"selector\":\".//*/text()[normalize-space(translate(string(.), '","time":{"start":1768057994002,"stop":1768058058651,"duration":64649}},{"uid":"20ad43b60bd326e","reportUrl":"https://VikaAQA.github.io/QASE/57/#testresult/20ad43b60bd326e","status":"failed","statusDetails":"Element not found {by text: New test}\nExpected: visible\nScreenshot: file:/home/runner/work/QASE/QASE/build/reports/tests/1767983267697.6.png\nPage source: file:/home/runner/work/QASE/QASE/build/reports/tests/1767983267697.6.html\nTimeout: 60 s.\nCaused by: NoSuchElementException: no such element: Unable to locate element: {\"method\":\"xpath\",\"selector\":\".//*/text()[normalize-space(translate(string(.), '","time":{"start":1767983203104,"stop":1767983267867,"duration":64763}},{"uid":"4467bbd5f12e3fb7","reportUrl":"https://VikaAQA.github.io/QASE/56/#testresult/4467bbd5f12e3fb7","status":"passed","time":{"start":1767377959533,"stop":1767377966815,"duration":7282}},{"uid":"94af6ff82fb6e5fd","reportUrl":"https://VikaAQA.github.io/QASE/55/#testresult/94af6ff82fb6e5fd","status":"passed","time":{"start":1767363071976,"stop":1767363089294,"duration":17318}},{"uid":"f21f3f70729d302b","reportUrl":"https://VikaAQA.github.io/QASE/54/#testresult/f21f3f70729d302b","status":"passed","time":{"start":1766773733394,"stop":1766773743405,"duration":10011}},{"uid":"b28c1b0b53322e73","reportUrl":"https://VikaAQA.github.io/QASE/53/#testresult/b28c1b0b53322e73","status":"passed","time":{"start":1766490236257,"stop":1766490246620,"duration":10363}},{"uid":"6ec2f1a010b63035","reportUrl":"https://VikaAQA.github.io/QASE/52/#testresult/6ec2f1a010b63035","status":"passed","time":{"start":1766487224718,"stop":1766487235477,"duration":10759}},{"uid":"9b6a14cc33907d79","reportUrl":"https://VikaAQA.github.io/QASE/51/#testresult/9b6a14cc33907d79","status":"passed","time":{"start":1766407424018,"stop":1766407432969,"duration":8951}}]},"tags":[]},"source":"382e5ee29001e5d0.json","parameterValues":[]}