{"c679952f4fbae0a19dfc811f07276b70":{"statistic":{"failed":1,"broken":2,"skipped":0,"passed":3,"unknown":0,"total":6},"items":[{"uid":"1940c09f06525a30","reportUrl":"https://VikaAQA.github.io/QASE/36/#testresult/1940c09f06525a30","status":"passed","time":{"start":1766144524845,"stop":1766144535915,"duration":11070}},{"uid":"afe6d4a2f9aaea4f","reportUrl":"https://VikaAQA.github.io/QASE/35/#testresult/afe6d4a2f9aaea4f","status":"passed","time":{"start":1766140164944,"stop":1766140177633,"duration":12689}},{"uid":"9e59d46407ab86fa","reportUrl":"https://VikaAQA.github.io/QASE/34/#testresult/9e59d46407ab86fa","status":"broken","statusDetails":"Could not start a new session. Response code 500. Message: session not created: Chrome instance exited. Examine ChromeDriver verbose log to determine the cause. \nHost info: host: 'runnervmh13bl', ip: '10.1.0.125'\nBuild info: version: '4.35.0', revision: '1c58e5028b'\nSystem info: os.name: 'Linux', os.arch: 'amd64', os.version: '6.11.0-1018-azure', java.version: '17.0.17'\nDriver info: org.openqa.selenium.chrome.ChromeDriver\nCommand: [null, newSession {capabilities=[Capabilities {acceptInsecureCerts: true, browserName: chrome, goog:chromeOptions: {args: [--proxy-bypass-list=<-loopb..., --disable-dev-shm-usage, --disable-search-engine-cho..., --unsafely-disable-devtools..., --window-size=1920,1080], binary: /usr/bin/google-chrome, excludeSwitches: [enable-automation, load-extension], extensions: [], prefs: {autofill.credit_card_enabled: false, autofill.profile_enabled: false, credentials_enable_service: false, download.default_directory: /home/runner/work/QASE/QASE..., plugins.always_open_pdf_externally: true, profile.default_content_setting_values.automatic_downloads: 1, profile.password_manager_enabled: false, profile.password_manager_leak_detection: false, safebrowsing.enabled: true}}, pageLoadStrategy: normal, unhandledPromptBehavior: dismiss}]}]\nselenide.url: https://app.qase.io/login\nselenide.baseUrl: https://app.qase.io","time":{"start":1766139538240,"stop":1766139538439,"duration":199}},{"uid":"63430d08140bee15","reportUrl":"https://VikaAQA.github.io/QASE/33/#testresult/63430d08140bee15","status":"passed","time":{"start":1766136552427,"stop":1766136564080,"duration":11653}},{"uid":"7c974842e94f410","reportUrl":"https://VikaAQA.github.io/QASE/32/#testresult/7c974842e94f410","status":"broken","statusDetails":"Could not start a new session. Response code 500. Message: session not created: Chrome instance exited. Examine ChromeDriver verbose log to determine the cause. \nHost info: host: 'runnervmh13bl', ip: '10.1.0.182'\nBuild info: version: '4.35.0', revision: '1c58e5028b'\nSystem info: os.name: 'Linux', os.arch: 'amd64', os.version: '6.11.0-1018-azure', java.version: '17.0.17'\nDriver info: org.openqa.selenium.chrome.ChromeDriver\nCommand: [null, newSession {capabilities=[Capabilities {acceptInsecureCerts: true, browserName: chrome, goog:chromeOptions: {args: [--proxy-bypass-list=<-loopb..., --disable-dev-shm-usage, --disable-search-engine-cho..., --unsafely-disable-devtools..., --window-size=1920,1080], binary: /usr/bin/google-chrome, excludeSwitches: [enable-automation, load-extension], extensions: [], prefs: {autofill.credit_card_enabled: false, autofill.profile_enabled: false, credentials_enable_service: false, download.default_directory: /home/runner/work/QASE/QASE..., plugins.always_open_pdf_externally: true, profile.default_content_setting_values.automatic_downloads: 1, profile.password_manager_enabled: false, profile.password_manager_leak_detection: false, safebrowsing.enabled: true}}, pageLoadStrategy: normal, unhandledPromptBehavior: accept}]}]\nselenide.url: https://app.qase.io/login\nselenide.baseUrl: https://app.qase.io","time":{"start":1766131417916,"stop":1766131418117,"duration":201}},{"uid":"562f45ac6fcb0178","reportUrl":"https://VikaAQA.github.io/QASE/31/#testresult/562f45ac6fcb0178","status":"failed","statusDetails":"Element not found {by text: New test}\nExpected: visible\nScreenshot: file:/home/runner/work/QASE/QASE/build/reports/tests/1766130642721.5.png\nPage source: file:/home/runner/work/QASE/QASE/build/reports/tests/1766130642721.5.html\nTimeout: 60 s.\nCaused by: NoSuchElementException: no such element: Unable to locate element: {\"method\":\"xpath\",\"selector\":\".//*/text()[normalize-space(translate(string(.), '","time":{"start":1766130575413,"stop":1766130642870,"duration":67457}}]},"619b5e40d5487c53696599c35a11485a":{"statistic":{"failed":0,"broken":0,"skipped":0,"passed":6,"unknown":0,"total":6},"items":[{"uid":"ba21efe4807b20ba","reportUrl":"https://VikaAQA.github.io/QASE/36/#testresult/ba21efe4807b20ba","status":"passed","time":{"start":1766144470112,"stop":1766144470892,"duration":780}},{"uid":"b6c49ce3eb7bf904","reportUrl":"https://VikaAQA.github.io/QASE/35/#testresult/b6c49ce3eb7bf904","status":"passed","time":{"start":1766140113714,"stop":1766140114525,"duration":811}},{"uid":"a2f81cfb8c71d6f8","reportUrl":"https://VikaAQA.github.io/QASE/34/#testresult/a2f81cfb8c71d6f8","status":"passed","time":{"start":1766139530334,"stop":1766139531345,"duration":1011}},{"uid":"d56c06ee05de7da3","reportUrl":"https://VikaAQA.github.io/QASE/33/#testresult/d56c06ee05de7da3","status":"passed","time":{"start":1766136503226,"stop":1766136504288,"duration":1062}},{"uid":"d1816a05d9481413","reportUrl":"https://VikaAQA.github.io/QASE/32/#testresult/d1816a05d9481413","status":"passed","time":{"start":1766131413285,"stop":1766131414058,"duration":773}},{"uid":"78b269409852d4e6","reportUrl":"https://VikaAQA.github.io/QASE/31/#testresult/78b269409852d4e6","status":"passed","time":{"start":1766130363845,"stop":1766130364741,"duration":896}}]},"dce1802ca9d110296d8454e37d67d3d2":{"statistic":{"failed":0,"broken":0,"skipped":0,"passed":6,"unknown":0,"total":6},"items":[{"uid":"5f312ca865190bec","reportUrl":"https://VikaAQA.github.io/QASE/36/#testresult/5f312ca865190bec","status":"passed","time":{"start":1766144469427,"stop":1766144469745,"duration":318}},{"uid":"5ed74b717aa49ae0","reportUrl":"https://VikaAQA.github.io/QASE/35/#testresult/5ed74b717aa49ae0","status":"passed","time":{"start":1766140113050,"stop":1766140113348,"duration":298}},{"uid":"4dc5de0559aecd1","reportUrl":"https://VikaAQA.github.io/QASE/34/#testresult/4dc5de0559aecd1","status":"passed","time":{"start":1766139529355,"stop":1766139529768,"duration":413}},{"uid":"21cc0fdf70c67ba","reportUrl":"https://VikaAQA.github.io/QASE/33/#testresult/21cc0fdf70c67ba","status":"passed","time":{"start":1766136502281,"stop":1766136502675,"duration":394}},{"uid":"86b4fe00bca7c5fd","reportUrl":"https://VikaAQA.github.io/QASE/32/#testresult/86b4fe00bca7c5fd","status":"passed","time":{"start":1766131412587,"stop":1766131412901,"duration":314}},{"uid":"af7ca91070a4fa0c","reportUrl":"https://VikaAQA.github.io/QASE/31/#testresult/af7ca91070a4fa0c","status":"passed","time":{"start":1766130363079,"stop":1766130363402,"duration":323}}]},"18dc3aaf4048daf0fbd772cafd06f1a8":{"statistic":{"failed":3,"broken":2,"skipped":0,"passed":1,"unknown":0,"total":6},"items":[{"uid":"f84f94ae754a2571","reportUrl":"https://VikaAQA.github.io/QASE/36/#testresult/f84f94ae754a2571","status":"passed","time":{"start":1766144511103,"stop":1766144524427,"duration":13324}},{"uid":"e638e3072ba37646","reportUrl":"https://VikaAQA.github.io/QASE/35/#testresult/e638e3072ba37646","status":"failed","statusDetails":"UnhandledAlertException: unexpected alert open: {Alert text : Are you sure you want to leave?}\nScreenshot: file:/home/runner/work/QASE/QASE/build/reports/tests/1766140164001.2.png\nPage source: file:/home/runner/work/QASE/QASE/build/reports/tests/1766140164001.2.html\nTimeout: 5 s.\nCaused by: UnhandledAlertException: unexpected alert open: {Alert text : Are you sure you want to leave?}","time":{"start":1766140156718,"stop":1766140164403,"duration":7685}},{"uid":"a6cc7e115d9e0b8c","reportUrl":"https://VikaAQA.github.io/QASE/34/#testresult/a6cc7e115d9e0b8c","status":"broken","statusDetails":"Could not start a new session. Response code 500. Message: session not created: Chrome instance exited. Examine ChromeDriver verbose log to determine the cause. \nHost info: host: 'runnervmh13bl', ip: '10.1.0.125'\nBuild info: version: '4.35.0', revision: '1c58e5028b'\nSystem info: os.name: 'Linux', os.arch: 'amd64', os.version: '6.11.0-1018-azure', java.version: '17.0.17'\nDriver info: org.openqa.selenium.chrome.ChromeDriver\nCommand: [null, newSession {capabilities=[Capabilities {acceptInsecureCerts: true, browserName: chrome, goog:chromeOptions: {args: [--proxy-bypass-list=<-loopb..., --disable-dev-shm-usage, --disable-search-engine-cho..., --unsafely-disable-devtools..., --window-size=1920,1080], binary: /usr/bin/google-chrome, excludeSwitches: [enable-automation, load-extension], extensions: [], prefs: {autofill.credit_card_enabled: false, autofill.profile_enabled: false, credentials_enable_service: false, download.default_directory: /home/runner/work/QASE/QASE..., plugins.always_open_pdf_externally: true, profile.default_content_setting_values.automatic_downloads: 1, profile.password_manager_enabled: false, profile.password_manager_leak_detection: false, safebrowsing.enabled: true}}, pageLoadStrategy: normal, unhandledPromptBehavior: dismiss}]}]\nselenide.url: https://app.qase.io/login\nselenide.baseUrl: https://app.qase.io","time":{"start":1766139536835,"stop":1766139537040,"duration":205}},{"uid":"8cbcee2d70c10e74","reportUrl":"https://VikaAQA.github.io/QASE/33/#testresult/8cbcee2d70c10e74","status":"failed","statusDetails":"UnhandledAlertException: unexpected alert open: {Alert text : Are you sure you want to leave?}\nScreenshot: file:/home/runner/work/QASE/QASE/build/reports/tests/1766136551264.3.png\nPage source: file:/home/runner/work/QASE/QASE/build/reports/tests/1766136551264.3.html\nTimeout: 5 s.\nCaused by: UnhandledAlertException: unexpected alert open: {Alert text : Are you sure you want to leave?}","time":{"start":1766136543595,"stop":1766136551670,"duration":8075}},{"uid":"efe66355407f8ce8","reportUrl":"https://VikaAQA.github.io/QASE/32/#testresult/efe66355407f8ce8","status":"broken","statusDetails":"Could not start a new session. Response code 500. Message: session not created: Chrome instance exited. Examine ChromeDriver verbose log to determine the cause. \nHost info: host: 'runnervmh13bl', ip: '10.1.0.182'\nBuild info: version: '4.35.0', revision: '1c58e5028b'\nSystem info: os.name: 'Linux', os.arch: 'amd64', os.version: '6.11.0-1018-azure', java.version: '17.0.17'\nDriver info: org.openqa.selenium.chrome.ChromeDriver\nCommand: [null, newSession {capabilities=[Capabilities {acceptInsecureCerts: true, browserName: chrome, goog:chromeOptions: {args: [--proxy-bypass-list=<-loopb..., --disable-dev-shm-usage, --disable-search-engine-cho..., --unsafely-disable-devtools..., --window-size=1920,1080], binary: /usr/bin/google-chrome, excludeSwitches: [enable-automation, load-extension], extensions: [], prefs: {autofill.credit_card_enabled: false, autofill.profile_enabled: false, credentials_enable_service: false, download.default_directory: /home/runner/work/QASE/QASE..., plugins.always_open_pdf_externally: true, profile.default_content_setting_values.automatic_downloads: 1, profile.password_manager_enabled: false, profile.password_manager_leak_detection: false, safebrowsing.enabled: true}}, pageLoadStrategy: normal, unhandledPromptBehavior: accept}]}]\nselenide.url: https://app.qase.io/login\nselenide.baseUrl: https://app.qase.io","time":{"start":1766131416553,"stop":1766131416749,"duration":196}},{"uid":"37feb098ab08d83b","reportUrl":"https://VikaAQA.github.io/QASE/31/#testresult/37feb098ab08d83b","status":"failed","statusDetails":"UnhandledAlertException: unexpected alert open: {Alert text : Are you sure you want to leave?}\nScreenshot: file:/home/runner/work/QASE/QASE/build/reports/tests/1766130415943.2.png\nPage source: file:/home/runner/work/QASE/QASE/build/reports/tests/1766130415943.2.html\nTimeout: 5 s.\nCaused by: UnhandledAlertException: unexpected alert open: {Alert text : Are you sure you want to leave?}","time":{"start":1766130409091,"stop":1766130416328,"duration":7237}}]},"918df36ce44167ad783b82f34840f9bb":{"statistic":{"failed":2,"broken":3,"skipped":0,"passed":1,"unknown":0,"total":6},"items":[{"uid":"cbdb6411c129a3c5","reportUrl":"https://VikaAQA.github.io/QASE/36/#testresult/cbdb6411c129a3c5","status":"broken","statusDetails":"unexpected alert open: {Alert text : Are you sure you want to leave?}\n  (Session info: chrome=143.0.7499.109): Are you sure you want to leave?\nBuild info: version: '4.35.0', revision: '1c58e5028b'\nSystem info: os.name: 'Linux', os.arch: 'amd64', os.version: '6.11.0-1018-azure', java.version: '17.0.17'\nDriver info: org.openqa.selenium.chrome.ChromeDriver\nCommand: [e616fbfc466d2b82dd63cdb2020c4b65, executeScript {args=[], script=window.onbeforeunload = null;}]\nCapabilities {acceptInsecureCerts: true, browserName: chrome, browserVersion: 143.0.7499.109, chrome: {chromedriverVersion: 143.0.7499.42 (24bdc8c48a0c..., userDataDir: /tmp/.org.chromium.Chromium...}, fedcm:accounts: true, goog:chromeOptions: {debuggerAddress: localhost:35523}, goog:processID: 2730, networkConnectionEnabled: false, pageLoadStrategy: normal, platformName: linux, proxy: Proxy(), se:cdp: ws://localhost:35523/devtoo..., se:cdpVersion: 143.0.7499.109, setWindowRect: true, strictFileInteractability: false, timeouts: {implicit: 0, pageLoad: 300000, script: 30000}, unhandledPromptBehavior: dismiss, webauthn:extension:credBlob: true, webauthn:extension:largeBlob: true, webauthn:extension:minPinLength: true, webauthn:extension:prf: true, webauthn:virtualAuthenticators: true}\nSession ID: e616fbfc466d2b82dd63cdb2020c4b65","time":{"start":1766144471055,"stop":1766144489884,"duration":18829}},{"uid":"e71d5b4f7eb72abc","reportUrl":"https://VikaAQA.github.io/QASE/35/#testresult/e71d5b4f7eb72abc","status":"failed","statusDetails":"UnhandledAlertException: unexpected alert open: {Alert text : Are you sure you want to leave?}\nScreenshot: file:/home/runner/work/QASE/QASE/build/reports/tests/1766140134753.0.png\nPage source: file:/home/runner/work/QASE/QASE/build/reports/tests/1766140134753.0.html\nTimeout: 5 s.\nCaused by: UnhandledAlertException: unexpected alert open: {Alert text : Are you sure you want to leave?}","time":{"start":1766140114706,"stop":1766140135132,"duration":20426}},{"uid":"700ec512b8e9a850","reportUrl":"https://VikaAQA.github.io/QASE/34/#testresult/700ec512b8e9a850","status":"broken","statusDetails":"Could not start a new session. Response code 500. Message: session not created: Chrome instance exited. Examine ChromeDriver verbose log to determine the cause. \nHost info: host: 'runnervmh13bl', ip: '10.1.0.125'\nBuild info: version: '4.35.0', revision: '1c58e5028b'\nSystem info: os.name: 'Linux', os.arch: 'amd64', os.version: '6.11.0-1018-azure', java.version: '17.0.17'\nDriver info: org.openqa.selenium.chrome.ChromeDriver\nCommand: [null, newSession {capabilities=[Capabilities {acceptInsecureCerts: true, browserName: chrome, goog:chromeOptions: {args: [--proxy-bypass-list=<-loopb..., --disable-dev-shm-usage, --disable-search-engine-cho..., --unsafely-disable-devtools..., --window-size=1920,1080], binary: /usr/bin/google-chrome, excludeSwitches: [enable-automation, load-extension], extensions: [], prefs: {autofill.credit_card_enabled: false, autofill.profile_enabled: false, credentials_enable_service: false, download.default_directory: /home/runner/work/QASE/QASE..., plugins.always_open_pdf_externally: true, profile.default_content_setting_values.automatic_downloads: 1, profile.password_manager_enabled: false, profile.password_manager_leak_detection: false, safebrowsing.enabled: true}}, pageLoadStrategy: normal, unhandledPromptBehavior: dismiss}]}]\nselenide.url: https://app.qase.io/login\nselenide.baseUrl: https://app.qase.io","time":{"start":1766139531615,"stop":1766139535613,"duration":3998}},{"uid":"e3b2917b7481fdc","reportUrl":"https://VikaAQA.github.io/QASE/33/#testresult/e3b2917b7481fdc","status":"failed","statusDetails":"UnhandledAlertException: unexpected alert open: {Alert text : Are you sure you want to leave?}\nScreenshot: file:/home/runner/work/QASE/QASE/build/reports/tests/1766136520904.0.png\nPage source: file:/home/runner/work/QASE/QASE/build/reports/tests/1766136520904.0.html\nTimeout: 5 s.\nCaused by: UnhandledAlertException: unexpected alert open: {Alert text : Are you sure you want to leave?}","time":{"start":1766136504561,"stop":1766136521342,"duration":16781}},{"uid":"a134d51c643f3300","reportUrl":"https://VikaAQA.github.io/QASE/32/#testresult/a134d51c643f3300","status":"broken","statusDetails":"Could not start a new session. Response code 500. Message: session not created: Chrome instance exited. Examine ChromeDriver verbose log to determine the cause. \nHost info: host: 'runnervmh13bl', ip: '10.1.0.182'\nBuild info: version: '4.35.0', revision: '1c58e5028b'\nSystem info: os.name: 'Linux', os.arch: 'amd64', os.version: '6.11.0-1018-azure', java.version: '17.0.17'\nDriver info: org.openqa.selenium.chrome.ChromeDriver\nCommand: [null, newSession {capabilities=[Capabilities {acceptInsecureCerts: true, browserName: chrome, goog:chromeOptions: {args: [--proxy-bypass-list=<-loopb..., --disable-dev-shm-usage, --disable-search-engine-cho..., --unsafely-disable-devtools..., --window-size=1920,1080], binary: /usr/bin/google-chrome, excludeSwitches: [enable-automation, load-extension], extensions: [], prefs: {autofill.credit_card_enabled: false, autofill.profile_enabled: false, credentials_enable_service: false, download.default_directory: /home/runner/work/QASE/QASE..., plugins.always_open_pdf_externally: true, profile.default_content_setting_values.automatic_downloads: 1, profile.password_manager_enabled: false, profile.password_manager_leak_detection: false, safebrowsing.enabled: true}}, pageLoadStrategy: normal, unhandledPromptBehavior: accept}]}]\nselenide.url: https://app.qase.io/login\nselenide.baseUrl: https://app.qase.io","time":{"start":1766131414237,"stop":1766131415586,"duration":1349}},{"uid":"380515f04b8f1714","reportUrl":"https://VikaAQA.github.io/QASE/31/#testresult/380515f04b8f1714","status":"passed","time":{"start":1766130364961,"stop":1766130382380,"duration":17419}}]},"54fa3c948ccb089deb47a924d3f0014d":{"statistic":{"failed":4,"broken":2,"skipped":0,"passed":0,"unknown":0,"total":6},"items":[{"uid":"8a5842a55dd7a502","reportUrl":"https://VikaAQA.github.io/QASE/36/#testresult/8a5842a55dd7a502","status":"failed","statusDetails":"UnhandledAlertException: unexpected alert open: {Alert text : Are you sure you want to leave?}\nScreenshot: file:/home/runner/work/QASE/QASE/build/reports/tests/1766144510186.0.png\nPage source: file:/home/runner/work/QASE/QASE/build/reports/tests/1766144510186.0.html\nTimeout: 5 s.\nCaused by: UnhandledAlertException: unexpected alert open: {Alert text : Are you sure you want to leave?}","time":{"start":1766144503087,"stop":1766144510580,"duration":7493}},{"uid":"99901a06fe6a18ef","reportUrl":"https://VikaAQA.github.io/QASE/35/#testresult/99901a06fe6a18ef","status":"failed","statusDetails":"UnhandledAlertException: unexpected alert open: {Alert text : Are you sure you want to leave?}\nScreenshot: file:/home/runner/work/QASE/QASE/build/reports/tests/1766140155838.1.png\nPage source: file:/home/runner/work/QASE/QASE/build/reports/tests/1766140155838.1.html\nTimeout: 5 s.\nCaused by: UnhandledAlertException: unexpected alert open: {Alert text : Are you sure you want to leave?}","time":{"start":1766140149776,"stop":1766140156184,"duration":6408}},{"uid":"81a69090619fc331","reportUrl":"https://VikaAQA.github.io/QASE/34/#testresult/81a69090619fc331","status":"broken","statusDetails":"Could not start a new session. Response code 500. Message: session not created: Chrome instance exited. Examine ChromeDriver verbose log to determine the cause. \nHost info: host: 'runnervmh13bl', ip: '10.1.0.125'\nBuild info: version: '4.35.0', revision: '1c58e5028b'\nSystem info: os.name: 'Linux', os.arch: 'amd64', os.version: '6.11.0-1018-azure', java.version: '17.0.17'\nDriver info: org.openqa.selenium.chrome.ChromeDriver\nCommand: [null, newSession {capabilities=[Capabilities {acceptInsecureCerts: true, browserName: chrome, goog:chromeOptions: {args: [--proxy-bypass-list=<-loopb..., --disable-dev-shm-usage, --disable-search-engine-cho..., --unsafely-disable-devtools..., --window-size=1920,1080], binary: /usr/bin/google-chrome, excludeSwitches: [enable-automation, load-extension], extensions: [], prefs: {autofill.credit_card_enabled: false, autofill.profile_enabled: false, credentials_enable_service: false, download.default_directory: /home/runner/work/QASE/QASE..., plugins.always_open_pdf_externally: true, profile.default_content_setting_values.automatic_downloads: 1, profile.password_manager_enabled: false, profile.password_manager_leak_detection: false, safebrowsing.enabled: true}}, pageLoadStrategy: normal, unhandledPromptBehavior: dismiss}]}]\nselenide.url: https://app.qase.io/login\nselenide.baseUrl: https://app.qase.io","time":{"start":1766139536379,"stop":1766139536576,"duration":197}},{"uid":"f1cd4d19697cd009","reportUrl":"https://VikaAQA.github.io/QASE/33/#testresult/f1cd4d19697cd009","status":"failed","statusDetails":"UnhandledAlertException: unexpected alert open: {Alert text : Are you sure you want to leave?}\nScreenshot: file:/home/runner/work/QASE/QASE/build/reports/tests/1766136542482.2.png\nPage source: file:/home/runner/work/QASE/QASE/build/reports/tests/1766136542482.2.html\nTimeout: 5 s.\nCaused by: UnhandledAlertException: unexpected alert open: {Alert text : Are you sure you want to leave?}","time":{"start":1766136531653,"stop":1766136542853,"duration":11200}},{"uid":"460a4c766b4c6af9","reportUrl":"https://VikaAQA.github.io/QASE/32/#testresult/460a4c766b4c6af9","status":"broken","statusDetails":"Could not start a new session. Response code 500. Message: session not created: Chrome instance exited. Examine ChromeDriver verbose log to determine the cause. \nHost info: host: 'runnervmh13bl', ip: '10.1.0.182'\nBuild info: version: '4.35.0', revision: '1c58e5028b'\nSystem info: os.name: 'Linux', os.arch: 'amd64', os.version: '6.11.0-1018-azure', java.version: '17.0.17'\nDriver info: org.openqa.selenium.chrome.ChromeDriver\nCommand: [null, newSession {capabilities=[Capabilities {acceptInsecureCerts: true, browserName: chrome, goog:chromeOptions: {args: [--proxy-bypass-list=<-loopb..., --disable-dev-shm-usage, --disable-search-engine-cho..., --unsafely-disable-devtools..., --window-size=1920,1080], binary: /usr/bin/google-chrome, excludeSwitches: [enable-automation, load-extension], extensions: [], prefs: {autofill.credit_card_enabled: false, autofill.profile_enabled: false, credentials_enable_service: false, download.default_directory: /home/runner/work/QASE/QASE..., plugins.always_open_pdf_externally: true, profile.default_content_setting_values.automatic_downloads: 1, profile.password_manager_enabled: false, profile.password_manager_leak_detection: false, safebrowsing.enabled: true}}, pageLoadStrategy: normal, unhandledPromptBehavior: accept}]}]\nselenide.url: https://app.qase.io/login\nselenide.baseUrl: https://app.qase.io","time":{"start":1766131416173,"stop":1766131416369,"duration":196}},{"uid":"8abda60b8cf084d1","reportUrl":"https://VikaAQA.github.io/QASE/31/#testresult/8abda60b8cf084d1","status":"failed","statusDetails":"UnhandledAlertException: unexpected alert open: {Alert text : Are you sure you want to leave?}\nScreenshot: file:/home/runner/work/QASE/QASE/build/reports/tests/1766130408072.1.png\nPage source: file:/home/runner/work/QASE/QASE/build/reports/tests/1766130408072.1.html\nTimeout: 5 s.\nCaused by: UnhandledAlertException: unexpected alert open: {Alert text : Are you sure you want to leave?}","time":{"start":1766130401225,"stop":1766130408479,"duration":7254}}]},"f68462dc32f91f71ec8e4b0182ccbba9":{"statistic":{"failed":0,"broken":0,"skipped":0,"passed":6,"unknown":0,"total":6},"items":[{"uid":"6409f54bb7a36f89","reportUrl":"https://VikaAQA.github.io/QASE/36/#testresult/6409f54bb7a36f89","status":"passed","time":{"start":1766144466527,"stop":1766144467443,"duration":916}},{"uid":"9b03866c42fca574","reportUrl":"https://VikaAQA.github.io/QASE/35/#testresult/9b03866c42fca574","status":"passed","time":{"start":1766140110571,"stop":1766140111429,"duration":858}},{"uid":"199da9553cca8e85","reportUrl":"https://VikaAQA.github.io/QASE/34/#testresult/199da9553cca8e85","status":"passed","time":{"start":1766139525972,"stop":1766139527011,"duration":1039}},{"uid":"5cb9646cb66ba86b","reportUrl":"https://VikaAQA.github.io/QASE/33/#testresult/5cb9646cb66ba86b","status":"passed","time":{"start":1766136498796,"stop":1766136499911,"duration":1115}},{"uid":"7aedd7d9d15f38c4","reportUrl":"https://VikaAQA.github.io/QASE/32/#testresult/7aedd7d9d15f38c4","status":"passed","time":{"start":1766131410015,"stop":1766131410856,"duration":841}},{"uid":"74dfb10e18c801fc","reportUrl":"https://VikaAQA.github.io/QASE/31/#testresult/74dfb10e18c801fc","status":"passed","time":{"start":1766130359870,"stop":1766130361177,"duration":1307}}]},"6d7af0c09c206cb7e21385e628059a96":{"statistic":{"failed":1,"broken":2,"skipped":0,"passed":3,"unknown":0,"total":6},"items":[{"uid":"e6c3c0a7a4dad66a","reportUrl":"https://VikaAQA.github.io/QASE/36/#testresult/e6c3c0a7a4dad66a","status":"passed","time":{"start":1766144628713,"stop":1766144641786,"duration":13073}},{"uid":"4e4e482c17f9be4b","reportUrl":"https://VikaAQA.github.io/QASE/35/#testresult/4e4e482c17f9be4b","status":"passed","time":{"start":1766140270389,"stop":1766140281675,"duration":11286}},{"uid":"976c768ae34255f3","reportUrl":"https://VikaAQA.github.io/QASE/34/#testresult/976c768ae34255f3","status":"broken","statusDetails":"Could not start a new session. Response code 500. Message: session not created: Chrome instance exited. Examine ChromeDriver verbose log to determine the cause. \nHost info: host: 'runnervmh13bl', ip: '10.1.0.125'\nBuild info: version: '4.35.0', revision: '1c58e5028b'\nSystem info: os.name: 'Linux', os.arch: 'amd64', os.version: '6.11.0-1018-azure', java.version: '17.0.17'\nDriver info: org.openqa.selenium.chrome.ChromeDriver\nCommand: [null, newSession {capabilities=[Capabilities {acceptInsecureCerts: true, browserName: chrome, goog:chromeOptions: {args: [--proxy-bypass-list=<-loopb..., --disable-dev-shm-usage, --disable-search-engine-cho..., --unsafely-disable-devtools..., --window-size=1920,1080], binary: /usr/bin/google-chrome, excludeSwitches: [enable-automation, load-extension], extensions: [], prefs: {autofill.credit_card_enabled: false, autofill.profile_enabled: false, credentials_enable_service: false, download.default_directory: /home/runner/work/QASE/QASE..., plugins.always_open_pdf_externally: true, profile.default_content_setting_values.automatic_downloads: 1, profile.password_manager_enabled: false, profile.password_manager_leak_detection: false, safebrowsing.enabled: true}}, pageLoadStrategy: normal, unhandledPromptBehavior: dismiss}]}]\nselenide.url: https://app.qase.io/login\nselenide.baseUrl: https://app.qase.io","time":{"start":1766139539166,"stop":1766139539377,"duration":211}},{"uid":"24d22b2424946f5d","reportUrl":"https://VikaAQA.github.io/QASE/33/#testresult/24d22b2424946f5d","status":"passed","time":{"start":1766136657552,"stop":1766136669046,"duration":11494}},{"uid":"6ee37cf2b6426d79","reportUrl":"https://VikaAQA.github.io/QASE/32/#testresult/6ee37cf2b6426d79","status":"broken","statusDetails":"Could not start a new session. Response code 500. Message: session not created: Chrome instance exited. Examine ChromeDriver verbose log to determine the cause. \nHost info: host: 'runnervmh13bl', ip: '10.1.0.182'\nBuild info: version: '4.35.0', revision: '1c58e5028b'\nSystem info: os.name: 'Linux', os.arch: 'amd64', os.version: '6.11.0-1018-azure', java.version: '17.0.17'\nDriver info: org.openqa.selenium.chrome.ChromeDriver\nCommand: [null, newSession {capabilities=[Capabilities {acceptInsecureCerts: true, browserName: chrome, goog:chromeOptions: {args: [--proxy-bypass-list=<-loopb..., --disable-dev-shm-usage, --disable-search-engine-cho..., --unsafely-disable-devtools..., --window-size=1920,1080], binary: /usr/bin/google-chrome, excludeSwitches: [enable-automation, load-extension], extensions: [], prefs: {autofill.credit_card_enabled: false, autofill.profile_enabled: false, credentials_enable_service: false, download.default_directory: /home/runner/work/QASE/QASE..., plugins.always_open_pdf_externally: true, profile.default_content_setting_values.automatic_downloads: 1, profile.password_manager_enabled: false, profile.password_manager_leak_detection: false, safebrowsing.enabled: true}}, pageLoadStrategy: normal, unhandledPromptBehavior: accept}]}]\nselenide.url: https://app.qase.io/login\nselenide.baseUrl: https://app.qase.io","time":{"start":1766131418902,"stop":1766131419127,"duration":225}},{"uid":"b0623dca85169de8","reportUrl":"https://VikaAQA.github.io/QASE/31/#testresult/b0623dca85169de8","status":"failed","statusDetails":"Element not found {by text: Create new project}\nExpected: visible\nScreenshot: file:/home/runner/work/QASE/QASE/build/reports/tests/1766130746861.6.png\nPage source: file:/home/runner/work/QASE/QASE/build/reports/tests/1766130746861.6.html\nTimeout: 90 s.\nCaused by: NoSuchElementException: no such element: Unable to locate element: {\"method\":\"xpath\",\"selector\":\".//*/text()[normalize-space(translate(string(.), '","time":{"start":1766130654858,"stop":1766130747106,"duration":92248}}]},"2f669a4e27d537140a42e1564c78341a":{"statistic":{"failed":0,"broken":0,"skipped":0,"passed":6,"unknown":0,"total":6},"items":[{"uid":"d146b337907433eb","reportUrl":"https://VikaAQA.github.io/QASE/36/#testresult/d146b337907433eb","status":"passed","time":{"start":1766144468327,"stop":1766144469073,"duration":746}},{"uid":"b639211b6e23492a","reportUrl":"https://VikaAQA.github.io/QASE/35/#testresult/b639211b6e23492a","status":"passed","time":{"start":1766140112115,"stop":1766140112698,"duration":583}},{"uid":"ddef0cbe05b295b","reportUrl":"https://VikaAQA.github.io/QASE/34/#testresult/ddef0cbe05b295b","status":"passed","time":{"start":1766139527979,"stop":1766139528821,"duration":842}},{"uid":"bcd2a38653f2e126","reportUrl":"https://VikaAQA.github.io/QASE/33/#testresult/bcd2a38653f2e126","status":"passed","time":{"start":1766136500908,"stop":1766136501702,"duration":794}},{"uid":"f4cb6508ab65bb1c","reportUrl":"https://VikaAQA.github.io/QASE/32/#testresult/f4cb6508ab65bb1c","status":"passed","time":{"start":1766131411570,"stop":1766131412224,"duration":654}},{"uid":"6e48d3a237c5c1c2","reportUrl":"https://VikaAQA.github.io/QASE/31/#testresult/6e48d3a237c5c1c2","status":"passed","time":{"start":1766130361955,"stop":1766130362662,"duration":707}}]},"ca23b77e2ff480a9fbd74b55d38a0be5":{"statistic":{"failed":3,"broken":2,"skipped":0,"passed":1,"unknown":0,"total":6},"items":[{"uid":"a55dd60d6a5153e0","reportUrl":"https://VikaAQA.github.io/QASE/36/#testresult/a55dd60d6a5153e0","status":"failed","statusDetails":"Element not found {by text: Create new project}\nExpected: visible\nScreenshot: file:/home/runner/work/QASE/QASE/build/reports/tests/1766144628031.1.png\nPage source: file:/home/runner/work/QASE/QASE/build/reports/tests/1766144628031.1.html\nTimeout: 90 s.\nCaused by: NoSuchElementException: no such element: Unable to locate element: {\"method\":\"xpath\",\"selector\":\".//*/text()[normalize-space(translate(string(.), '","time":{"start":1766144536180,"stop":1766144628281,"duration":92101}},{"uid":"c87bf33e8ceaec8c","reportUrl":"https://VikaAQA.github.io/QASE/35/#testresult/c87bf33e8ceaec8c","status":"failed","statusDetails":"Element not found {by text: Create new project}\nExpected: visible\nScreenshot: file:/home/runner/work/QASE/QASE/build/reports/tests/1766140269696.3.png\nPage source: file:/home/runner/work/QASE/QASE/build/reports/tests/1766140269696.3.html\nTimeout: 90 s.\nCaused by: NoSuchElementException: no such element: Unable to locate element: {\"method\":\"xpath\",\"selector\":\".//*/text()[normalize-space(translate(string(.), '","time":{"start":1766140177892,"stop":1766140269942,"duration":92050}},{"uid":"e649f7e3aebaf5f8","reportUrl":"https://VikaAQA.github.io/QASE/34/#testresult/e649f7e3aebaf5f8","status":"broken","statusDetails":"Could not start a new session. Response code 500. Message: session not created: Chrome instance exited. Examine ChromeDriver verbose log to determine the cause. \nHost info: host: 'runnervmh13bl', ip: '10.1.0.125'\nBuild info: version: '4.35.0', revision: '1c58e5028b'\nSystem info: os.name: 'Linux', os.arch: 'amd64', os.version: '6.11.0-1018-azure', java.version: '17.0.17'\nDriver info: org.openqa.selenium.chrome.ChromeDriver\nCommand: [null, newSession {capabilities=[Capabilities {acceptInsecureCerts: true, browserName: chrome, goog:chromeOptions: {args: [--proxy-bypass-list=<-loopb..., --disable-dev-shm-usage, --disable-search-engine-cho..., --unsafely-disable-devtools..., --window-size=1920,1080], binary: /usr/bin/google-chrome, excludeSwitches: [enable-automation, load-extension], extensions: [], prefs: {autofill.credit_card_enabled: false, autofill.profile_enabled: false, credentials_enable_service: false, download.default_directory: /home/runner/work/QASE/QASE..., plugins.always_open_pdf_externally: true, profile.default_content_setting_values.automatic_downloads: 1, profile.password_manager_enabled: false, profile.password_manager_leak_detection: false, safebrowsing.enabled: true}}, pageLoadStrategy: normal, unhandledPromptBehavior: dismiss}]}]\nselenide.url: https://app.qase.io/login\nselenide.baseUrl: https://app.qase.io","time":{"start":1766139538709,"stop":1766139538906,"duration":197}},{"uid":"13b705b86f628374","reportUrl":"https://VikaAQA.github.io/QASE/33/#testresult/13b705b86f628374","status":"failed","statusDetails":"Element not found {by text: Create new project}\nExpected: visible\nScreenshot: file:/home/runner/work/QASE/QASE/build/reports/tests/1766136656838.4.png\nPage source: file:/home/runner/work/QASE/QASE/build/reports/tests/1766136656838.4.html\nTimeout: 90 s.\nCaused by: NoSuchElementException: no such element: Unable to locate element: {\"method\":\"xpath\",\"selector\":\".//*/text()[normalize-space(translate(string(.), '","time":{"start":1766136564643,"stop":1766136657081,"duration":92438}},{"uid":"929add964ab69361","reportUrl":"https://VikaAQA.github.io/QASE/32/#testresult/929add964ab69361","status":"broken","statusDetails":"Could not start a new session. Response code 500. Message: session not created: Chrome instance exited. Examine ChromeDriver verbose log to determine the cause. \nHost info: host: 'runnervmh13bl', ip: '10.1.0.182'\nBuild info: version: '4.35.0', revision: '1c58e5028b'\nSystem info: os.name: 'Linux', os.arch: 'amd64', os.version: '6.11.0-1018-azure', java.version: '17.0.17'\nDriver info: org.openqa.selenium.chrome.ChromeDriver\nCommand: [null, newSession {capabilities=[Capabilities {acceptInsecureCerts: true, browserName: chrome, goog:chromeOptions: {args: [--proxy-bypass-list=<-loopb..., --disable-dev-shm-usage, --disable-search-engine-cho..., --unsafely-disable-devtools..., --window-size=1920,1080], binary: /usr/bin/google-chrome, excludeSwitches: [enable-automation, load-extension], extensions: [], prefs: {autofill.credit_card_enabled: false, autofill.profile_enabled: false, credentials_enable_service: false, download.default_directory: /home/runner/work/QASE/QASE..., plugins.always_open_pdf_externally: true, profile.default_content_setting_values.automatic_downloads: 1, profile.password_manager_enabled: false, profile.password_manager_leak_detection: false, safebrowsing.enabled: true}}, pageLoadStrategy: normal, unhandledPromptBehavior: accept}]}]\nselenide.url: https://app.qase.io/login\nselenide.baseUrl: https://app.qase.io","time":{"start":1766131418288,"stop":1766131418516,"duration":228}},{"uid":"bcf39bccb64c52","reportUrl":"https://VikaAQA.github.io/QASE/31/#testresult/bcf39bccb64c52","status":"passed","time":{"start":1766130643263,"stop":1766130654556,"duration":11293}}]},"574ce81bec433dce44331caa180bd554":{"statistic":{"failed":2,"broken":2,"skipped":0,"passed":2,"unknown":0,"total":6},"items":[{"uid":"5c71182576d7daa5","reportUrl":"https://VikaAQA.github.io/QASE/36/#testresult/5c71182576d7daa5","status":"passed","time":{"start":1766144490520,"stop":1766144502645,"duration":12125}},{"uid":"9927fe8171e5f736","reportUrl":"https://VikaAQA.github.io/QASE/35/#testresult/9927fe8171e5f736","status":"passed","time":{"start":1766140135687,"stop":1766140149265,"duration":13578}},{"uid":"2cf2432d70050fec","reportUrl":"https://VikaAQA.github.io/QASE/34/#testresult/2cf2432d70050fec","status":"broken","statusDetails":"Could not start a new session. Response code 500. Message: session not created: Chrome instance exited. Examine ChromeDriver verbose log to determine the cause. \nHost info: host: 'runnervmh13bl', ip: '10.1.0.125'\nBuild info: version: '4.35.0', revision: '1c58e5028b'\nSystem info: os.name: 'Linux', os.arch: 'amd64', os.version: '6.11.0-1018-azure', java.version: '17.0.17'\nDriver info: org.openqa.selenium.chrome.ChromeDriver\nCommand: [null, newSession {capabilities=[Capabilities {acceptInsecureCerts: true, browserName: chrome, goog:chromeOptions: {args: [--proxy-bypass-list=<-loopb..., --disable-dev-shm-usage, --disable-search-engine-cho..., --unsafely-disable-devtools..., --window-size=1920,1080], binary: /usr/bin/google-chrome, excludeSwitches: [enable-automation, load-extension], extensions: [], prefs: {autofill.credit_card_enabled: false, autofill.profile_enabled: false, credentials_enable_service: false, download.default_directory: /home/runner/work/QASE/QASE..., plugins.always_open_pdf_externally: true, profile.default_content_setting_values.automatic_downloads: 1, profile.password_manager_enabled: false, profile.password_manager_leak_detection: false, safebrowsing.enabled: true}}, pageLoadStrategy: normal, unhandledPromptBehavior: dismiss}]}]\nselenide.url: https://app.qase.io/login\nselenide.baseUrl: https://app.qase.io","time":{"start":1766139535905,"stop":1766139536109,"duration":204}},{"uid":"2c2a935e18f404b5","reportUrl":"https://VikaAQA.github.io/QASE/33/#testresult/2c2a935e18f404b5","status":"failed","statusDetails":"UnhandledAlertException: unexpected alert open: {Alert text : Are you sure you want to leave?}\nScreenshot: file:/home/runner/work/QASE/QASE/build/reports/tests/1766136530492.1.png\nPage source: file:/home/runner/work/QASE/QASE/build/reports/tests/1766136530492.1.html\nTimeout: 5 s.\nCaused by: UnhandledAlertException: unexpected alert open: {Alert text : Are you sure you want to leave?}","time":{"start":1766136522150,"stop":1766136530875,"duration":8725}},{"uid":"8876c04561a36ff","reportUrl":"https://VikaAQA.github.io/QASE/32/#testresult/8876c04561a36ff","status":"broken","statusDetails":"Could not start a new session. Response code 500. Message: session not created: Chrome instance exited. Examine ChromeDriver verbose log to determine the cause. \nHost info: host: 'runnervmh13bl', ip: '10.1.0.182'\nBuild info: version: '4.35.0', revision: '1c58e5028b'\nSystem info: os.name: 'Linux', os.arch: 'amd64', os.version: '6.11.0-1018-azure', java.version: '17.0.17'\nDriver info: org.openqa.selenium.chrome.ChromeDriver\nCommand: [null, newSession {capabilities=[Capabilities {acceptInsecureCerts: true, browserName: chrome, goog:chromeOptions: {args: [--proxy-bypass-list=<-loopb..., --disable-dev-shm-usage, --disable-search-engine-cho..., --unsafely-disable-devtools..., --window-size=1920,1080], binary: /usr/bin/google-chrome, excludeSwitches: [enable-automation, load-extension], extensions: [], prefs: {autofill.credit_card_enabled: false, autofill.profile_enabled: false, credentials_enable_service: false, download.default_directory: /home/runner/work/QASE/QASE..., plugins.always_open_pdf_externally: true, profile.default_content_setting_values.automatic_downloads: 1, profile.password_manager_enabled: false, profile.password_manager_leak_detection: false, safebrowsing.enabled: true}}, pageLoadStrategy: normal, unhandledPromptBehavior: accept}]}]\nselenide.url: https://app.qase.io/login\nselenide.baseUrl: https://app.qase.io","time":{"start":1766131415798,"stop":1766131416003,"duration":205}},{"uid":"b141f9f23820cdf9","reportUrl":"https://VikaAQA.github.io/QASE/31/#testresult/b141f9f23820cdf9","status":"failed","statusDetails":"UnhandledAlertException: unexpected alert open: {Alert text : Are you sure you want to leave?}\nScreenshot: file:/home/runner/work/QASE/QASE/build/reports/tests/1766130400147.0.png\nPage source: file:/home/runner/work/QASE/QASE/build/reports/tests/1766130400147.0.html\nTimeout: 5 s.\nCaused by: UnhandledAlertException: unexpected alert open: {Alert text : Are you sure you want to leave?}","time":{"start":1766130382932,"stop":1766130400602,"duration":17670}}]}}