{"uid":"4b4757e66a1912dae1a509f688f20b0f","children":[{"name":"Product defects","children":[{"name":"Element not found {by text: New test}\nExpected: visible\nScreenshot: file:/home/runner/work/QASE/QASE/build/reports/tests/1768475760763.0.png\nPage source: file:/home/runner/work/QASE/QASE/build/reports/tests/1768475760763.0.html\nTimeout: 60 s.\nCaused by: NoSuchElementException: no such element: Unable to locate element: {\"method\":\"xpath\",\"selector\":\".//*/text()[normalize-space(translate(string(.), '","children":[{"name":"Создание тест-кейса через UI","uid":"a3f41389a21feb99","parentUid":"564c7a2931a4cab6c6f09d55f730b870","status":"failed","time":{"start":1768475693846,"stop":1768475760960,"duration":67114},"flaky":false,"newFailed":false,"newPassed":false,"newBroken":false,"retriesCount":0,"retriesStatusChange":false,"parameters":[],"tags":[]}],"uid":"564c7a2931a4cab6c6f09d55f730b870"},{"name":"Element not found {by text: New test}\nExpected: visible\nScreenshot: file:/home/runner/work/QASE/QASE/build/reports/tests/1768475826769.1.png\nPage source: file:/home/runner/work/QASE/QASE/build/reports/tests/1768475826769.1.html\nTimeout: 60 s.\nCaused by: NoSuchElementException: no such element: Unable to locate element: {\"method\":\"xpath\",\"selector\":\".//*/text()[normalize-space(translate(string(.), '","children":[{"name":"Создание тест-кейса с разными входными данными","uid":"8882ae882111bbd3","parentUid":"edf3d7dbac77cff5a7a9f059e3b32695","status":"failed","time":{"start":1768475761853,"stop":1768475826930,"duration":65077},"flaky":false,"newFailed":false,"newPassed":false,"newBroken":false,"retriesCount":0,"retriesStatusChange":false,"parameters":["QaseTestCaseDto(title=Test Case 1, status=Draft, description=Description, suite=null, severity=Blocker, priority=High, type=Functional, layer=null, isFlaky=true, behavior=Positive, automationStatus=Manual, preconditions=null, postconditions=null, tags=null, attachments=null, steps=null)"],"tags":[]}],"uid":"edf3d7dbac77cff5a7a9f059e3b32695"},{"name":"Element not found {by text: New test}\nExpected: visible\nScreenshot: file:/home/runner/work/QASE/QASE/build/reports/tests/1768475894910.2.png\nPage source: file:/home/runner/work/QASE/QASE/build/reports/tests/1768475894910.2.html\nTimeout: 60 s.\nCaused by: NoSuchElementException: no such element: Unable to locate element: {\"method\":\"xpath\",\"selector\":\".//*/text()[normalize-space(translate(string(.), '","children":[{"name":"Создание тест-кейса с разными входными данными","uid":"606cff06eaf28c06","parentUid":"e8f5cf6ed6c2a180231cc299d72362e3","status":"failed","time":{"start":1768475827530,"stop":1768475895077,"duration":67547},"flaky":false,"newFailed":false,"newPassed":false,"newBroken":false,"retriesCount":0,"retriesStatusChange":false,"parameters":["QaseTestCaseDto(title=Test Case 2, status=Actual, description=Description, suite=null, severity=Major, priority=Low, type=Smoke, layer=null, isFlaky=false, behavior=Negative, automationStatus=Automated, preconditions=null, postconditions=null, tags=null, attachments=null, steps=null)"],"tags":[]}],"uid":"e8f5cf6ed6c2a180231cc299d72362e3"},{"name":"Element not found {by text: New test}\nExpected: visible\nScreenshot: file:/home/runner/work/QASE/QASE/build/reports/tests/1768475960434.3.png\nPage source: file:/home/runner/work/QASE/QASE/build/reports/tests/1768475960434.3.html\nTimeout: 60 s.\nCaused by: NoSuchElementException: no such element: Unable to locate element: {\"method\":\"xpath\",\"selector\":\".//*/text()[normalize-space(translate(string(.), '","children":[{"name":"Создание тест-кейса с разными входными данными","uid":"920af0eeb7384a9e","parentUid":"6de2160258ded56c2939bdde92673edc","status":"failed","time":{"start":1768475895665,"stop":1768475960607,"duration":64942},"flaky":false,"newFailed":false,"newPassed":false,"newBroken":false,"retriesCount":0,"retriesStatusChange":false,"parameters":["QaseTestCaseDto(title=Test Case 3, status=Deprecated, description=Description, suite=null, severity=Trivial, priority=Low, type=Smoke, layer=null, isFlaky=false, behavior=Destructive, automationStatus=Manual, preconditions=null, postconditions=null, tags=null, attachments=null, steps=null)"],"tags":[]}],"uid":"6de2160258ded56c2939bdde92673edc"},{"name":"Element not found {by text: New test}\nExpected: visible\nScreenshot: file:/home/runner/work/QASE/QASE/build/reports/tests/1768476157012.6.png\nPage source: file:/home/runner/work/QASE/QASE/build/reports/tests/1768476157012.6.html\nTimeout: 60 s.\nCaused by: NoSuchElementException: no such element: Unable to locate element: {\"method\":\"xpath\",\"selector\":\".//*/text()[normalize-space(translate(string(.), '","children":[{"name":"Создание проекта и его удаление","uid":"b2d828e45d602a2d","parentUid":"5500f5cc50fbdb687bce4c3bd2074e4c","status":"failed","time":{"start":1768476092470,"stop":1768476157180,"duration":64710},"flaky":false,"newFailed":false,"newPassed":false,"newBroken":false,"retriesCount":2,"retriesStatusChange":true,"parameters":[],"tags":[]}],"uid":"5500f5cc50fbdb687bce4c3bd2074e4c"},{"name":"Element not found {by text: New test}\nExpected: visible\nScreenshot: file:/home/runner/work/QASE/QASE/build/reports/tests/1768476233791.7.png\nPage source: file:/home/runner/work/QASE/QASE/build/reports/tests/1768476233791.7.html\nTimeout: 60 s.\nCaused by: NoSuchElementException: no such element: Unable to locate element: {\"method\":\"xpath\",\"selector\":\".//*/text()[normalize-space(translate(string(.), '","children":[{"name":"createTestSuite","uid":"d2bfa440d007950f","parentUid":"9fb0e1fcd100e84b90988ea7800209da","status":"failed","time":{"start":1768476165939,"stop":1768476233962,"duration":68023},"flaky":false,"newFailed":false,"newPassed":false,"newBroken":false,"retriesCount":0,"retriesStatusChange":false,"parameters":[],"tags":[]}],"uid":"9fb0e1fcd100e84b90988ea7800209da"}],"uid":"8fb3a91ba5aaf9de24cc8a92edc82b5d"}],"name":"categories"}