{"uid":"4b4757e66a1912dae1a509f688f20b0f","children":[{"name":"Product defects","children":[{"name":"UnhandledAlertException: unexpected alert open: {Alert text : Are you sure you want to leave?}\nScreenshot: file:/home/runner/work/QASE/QASE/build/reports/tests/1766136520904.0.png\nPage source: file:/home/runner/work/QASE/QASE/build/reports/tests/1766136520904.0.html\nTimeout: 5 s.\nCaused by: UnhandledAlertException: unexpected alert open: {Alert text : Are you sure you want to leave?}","children":[{"name":"Создание тест-кейса через UI","uid":"e3b2917b7481fdc","parentUid":"97d8cb9a7ab83cb68464158e66747a46","status":"failed","time":{"start":1766136504561,"stop":1766136521342,"duration":16781},"flaky":false,"newFailed":true,"newPassed":false,"newBroken":false,"retriesCount":0,"retriesStatusChange":false,"parameters":[],"tags":[]}],"uid":"97d8cb9a7ab83cb68464158e66747a46"},{"name":"UnhandledAlertException: unexpected alert open: {Alert text : Are you sure you want to leave?}\nScreenshot: file:/home/runner/work/QASE/QASE/build/reports/tests/1766136530492.1.png\nPage source: file:/home/runner/work/QASE/QASE/build/reports/tests/1766136530492.1.html\nTimeout: 5 s.\nCaused by: UnhandledAlertException: unexpected alert open: {Alert text : Are you sure you want to leave?}","children":[{"name":"Создание тест-кейса с разными входными данными","uid":"2c2a935e18f404b5","parentUid":"11b6de1ef5a94c4c8e88a537c9b6571b","status":"failed","time":{"start":1766136522150,"stop":1766136530875,"duration":8725},"flaky":false,"newFailed":true,"newPassed":false,"newBroken":false,"retriesCount":0,"retriesStatusChange":false,"parameters":["TestCase(title=Test Case 1, status=Draft, description=Description, suite=null, severity=Blocker, priority=High, type=Functional, layer=null, isFlaky=true, behavior=Positive, automationStatus=Manual, preconditions=null, postconditions=null, tags=null, attachments=null, steps=null)"],"tags":[]}],"uid":"11b6de1ef5a94c4c8e88a537c9b6571b"},{"name":"UnhandledAlertException: unexpected alert open: {Alert text : Are you sure you want to leave?}\nScreenshot: file:/home/runner/work/QASE/QASE/build/reports/tests/1766136542482.2.png\nPage source: file:/home/runner/work/QASE/QASE/build/reports/tests/1766136542482.2.html\nTimeout: 5 s.\nCaused by: UnhandledAlertException: unexpected alert open: {Alert text : Are you sure you want to leave?}","children":[{"name":"Создание тест-кейса с разными входными данными","uid":"f1cd4d19697cd009","parentUid":"0f3582caf2957d176720e61ffd1fc1c2","status":"failed","time":{"start":1766136531653,"stop":1766136542853,"duration":11200},"flaky":false,"newFailed":true,"newPassed":false,"newBroken":false,"retriesCount":0,"retriesStatusChange":false,"parameters":["TestCase(title=Test Case 2, status=Actual, description=Description, suite=null, severity=Major, priority=Low, type=Smoke, layer=null, isFlaky=false, behavior=Negative, automationStatus=Automated, preconditions=null, postconditions=null, tags=null, attachments=null, steps=null)"],"tags":[]}],"uid":"0f3582caf2957d176720e61ffd1fc1c2"},{"name":"UnhandledAlertException: unexpected alert open: {Alert text : Are you sure you want to leave?}\nScreenshot: file:/home/runner/work/QASE/QASE/build/reports/tests/1766136551264.3.png\nPage source: file:/home/runner/work/QASE/QASE/build/reports/tests/1766136551264.3.html\nTimeout: 5 s.\nCaused by: UnhandledAlertException: unexpected alert open: {Alert text : Are you sure you want to leave?}","children":[{"name":"Создание тест-кейса с разными входными данными","uid":"8cbcee2d70c10e74","parentUid":"8bd634566a0c442bdf90651fe6f8b308","status":"failed","time":{"start":1766136543595,"stop":1766136551670,"duration":8075},"flaky":false,"newFailed":true,"newPassed":false,"newBroken":false,"retriesCount":0,"retriesStatusChange":false,"parameters":["TestCase(title=Test Case 3, status=Deprecated, description=Description, suite=null, severity=Trivial, priority=Low, type=Smoke, layer=null, isFlaky=false, behavior=Destructive, automationStatus=Manual, preconditions=null, postconditions=null, tags=null, attachments=null, steps=null)"],"tags":[]}],"uid":"8bd634566a0c442bdf90651fe6f8b308"},{"name":"Element not found {by text: Create new project}\nExpected: visible\nScreenshot: file:/home/runner/work/QASE/QASE/build/reports/tests/1766136656838.4.png\nPage source: file:/home/runner/work/QASE/QASE/build/reports/tests/1766136656838.4.html\nTimeout: 90 s.\nCaused by: NoSuchElementException: no such element: Unable to locate element: {\"method\":\"xpath\",\"selector\":\".//*/text()[normalize-space(translate(string(.), '","children":[{"name":"Создание проекта без названия: проверка ошибки","uid":"13b705b86f628374","parentUid":"e76cd44706214b32f2dbc63c50dd2a3d","status":"failed","time":{"start":1766136564643,"stop":1766136657081,"duration":92438},"flaky":false,"newFailed":true,"newPassed":false,"newBroken":false,"retriesCount":0,"retriesStatusChange":false,"parameters":[],"tags":[]}],"uid":"e76cd44706214b32f2dbc63c50dd2a3d"}],"uid":"8fb3a91ba5aaf9de24cc8a92edc82b5d"}],"name":"categories"}