{"uid":"4b4757e66a1912dae1a509f688f20b0f","children":[{"name":"Product defects","children":[{"name":"Element not found {by text: New test}\nExpected: visible\nScreenshot: file:/home/runner/work/QASE/QASE/build/reports/tests/1766146140356.0.png\nPage source: file:/home/runner/work/QASE/QASE/build/reports/tests/1766146140356.0.html\nTimeout: 60 s.\nCaused by: NoSuchElementException: no such element: Unable to locate element: {\"method\":\"xpath\",\"selector\":\".//*/text()[normalize-space(translate(string(.), '","children":[{"name":"Создание тест-кейса через UI","uid":"255f1827e513ad08","parentUid":"e227ef2ee23a20e79118957ee79db2ab","status":"failed","time":{"start":1766146068164,"stop":1766146140545,"duration":72381},"flaky":false,"newFailed":false,"newPassed":false,"newBroken":false,"retriesCount":0,"retriesStatusChange":false,"parameters":[],"tags":[]}],"uid":"e227ef2ee23a20e79118957ee79db2ab"},{"name":"Element not found {by text: Title}\nExpected: visible\nScreenshot: file:/home/runner/work/QASE/QASE/build/reports/tests/1766146211579.1.png\nPage source: file:/home/runner/work/QASE/QASE/build/reports/tests/1766146211579.1.html\nTimeout: 30 s.\nCaused by: NoSuchElementException: no such element: Unable to locate element: {\"method\":\"xpath\",\"selector\":\".//*/text()[normalize-space(translate(string(.), '","children":[{"name":"Создание тест-кейса с разными входными данными","uid":"ca225f2e73413a7d","parentUid":"8cd64bee6c2dd6ac85d55cf71920d65d","status":"failed","time":{"start":1766146170049,"stop":1766146211820,"duration":41771},"flaky":false,"newFailed":false,"newPassed":false,"newBroken":false,"retriesCount":0,"retriesStatusChange":false,"parameters":["TestCase(title=Test Case 3, status=Deprecated, suite=null, severity=Trivial, priority=Low, type=Smoke, layer=null, isFlaky=false, behavior=Destructive, automationStatus=Manual, preconditions=null, postconditions=null, tags=null, attachments=null, steps=null)"],"tags":[]}],"uid":"8cd64bee6c2dd6ac85d55cf71920d65d"},{"name":"Element not found {by text: New test}\nExpected: visible\nScreenshot: file:/home/runner/work/QASE/QASE/build/reports/tests/1766146312930.2.png\nPage source: file:/home/runner/work/QASE/QASE/build/reports/tests/1766146312930.2.html\nTimeout: 60 s.\nCaused by: NoSuchElementException: no such element: Unable to locate element: {\"method\":\"xpath\",\"selector\":\".//*/text()[normalize-space(translate(string(.), '","children":[{"name":"createTestSuite","uid":"b6ca638908d6ca7","parentUid":"337e6cea7b445d011f1191c8694c854d","status":"failed","time":{"start":1766146239933,"stop":1766146313181,"duration":73248},"flaky":false,"newFailed":false,"newPassed":false,"newBroken":false,"retriesCount":0,"retriesStatusChange":false,"parameters":[],"tags":[]}],"uid":"337e6cea7b445d011f1191c8694c854d"}],"uid":"8fb3a91ba5aaf9de24cc8a92edc82b5d"}],"name":"categories"}