{"uid":"4b4757e66a1912dae1a509f688f20b0f","children":[{"name":"Product defects","children":[{"name":"Element not found {by text: New test}\nExpected: visible\nScreenshot: file:/home/runner/work/QASE/QASE/build/reports/tests/1768224534779.0.png\nPage source: file:/home/runner/work/QASE/QASE/build/reports/tests/1768224534779.0.html\nTimeout: 60 s.\nCaused by: NoSuchElementException: no such element: Unable to locate element: {\"method\":\"xpath\",\"selector\":\".//*/text()[normalize-space(translate(string(.), '","children":[{"name":"Создание тест-кейса через UI","uid":"3b0148d182e0d84f","parentUid":"c6ccd4b58142d7329082d36503ef322d","status":"failed","time":{"start":1768224462010,"stop":1768224534987,"duration":72977},"flaky":false,"newFailed":false,"newPassed":false,"newBroken":false,"retriesCount":0,"retriesStatusChange":false,"parameters":[],"tags":[]}],"uid":"c6ccd4b58142d7329082d36503ef322d"},{"name":"Element not found {by text: New test}\nExpected: visible\nScreenshot: file:/home/runner/work/QASE/QASE/build/reports/tests/1768224603165.1.png\nPage source: file:/home/runner/work/QASE/QASE/build/reports/tests/1768224603165.1.html\nTimeout: 60 s.\nCaused by: NoSuchElementException: no such element: Unable to locate element: {\"method\":\"xpath\",\"selector\":\".//*/text()[normalize-space(translate(string(.), '","children":[{"name":"Создание тест-кейса с разными входными данными","uid":"90c3864d9e6752ac","parentUid":"462674430ff6805e851d427a7d8812f5","status":"failed","time":{"start":1768224536133,"stop":1768224603337,"duration":67204},"flaky":false,"newFailed":false,"newPassed":false,"newBroken":false,"retriesCount":0,"retriesStatusChange":false,"parameters":["QaseTestCaseDto(title=Test Case 1, status=Draft, description=Description, suite=null, severity=Blocker, priority=High, type=Functional, layer=null, isFlaky=true, behavior=Positive, automationStatus=Manual, preconditions=null, postconditions=null, tags=null, attachments=null, steps=null)"],"tags":[]}],"uid":"462674430ff6805e851d427a7d8812f5"},{"name":"Element not found {by text: New test}\nExpected: visible\nScreenshot: file:/home/runner/work/QASE/QASE/build/reports/tests/1768224669069.2.png\nPage source: file:/home/runner/work/QASE/QASE/build/reports/tests/1768224669069.2.html\nTimeout: 60 s.\nCaused by: NoSuchElementException: no such element: Unable to locate element: {\"method\":\"xpath\",\"selector\":\".//*/text()[normalize-space(translate(string(.), '","children":[{"name":"Создание тест-кейса с разными входными данными","uid":"265f669ebdfc75f2","parentUid":"702def3c9b62eca58a70bc294fe17670","status":"failed","time":{"start":1768224604135,"stop":1768224669235,"duration":65100},"flaky":false,"newFailed":false,"newPassed":false,"newBroken":false,"retriesCount":0,"retriesStatusChange":false,"parameters":["QaseTestCaseDto(title=Test Case 2, status=Actual, description=Description, suite=null, severity=Major, priority=Low, type=Smoke, layer=null, isFlaky=false, behavior=Negative, automationStatus=Automated, preconditions=null, postconditions=null, tags=null, attachments=null, steps=null)"],"tags":[]}],"uid":"702def3c9b62eca58a70bc294fe17670"},{"name":"Element not found {by text: New test}\nExpected: visible\nScreenshot: file:/home/runner/work/QASE/QASE/build/reports/tests/1768224735798.3.png\nPage source: file:/home/runner/work/QASE/QASE/build/reports/tests/1768224735798.3.html\nTimeout: 60 s.\nCaused by: NoSuchElementException: no such element: Unable to locate element: {\"method\":\"xpath\",\"selector\":\".//*/text()[normalize-space(translate(string(.), '","children":[{"name":"Создание тест-кейса с разными входными данными","uid":"ddad48305a33d965","parentUid":"171f7dc798c7528dedd8c1637269d1d2","status":"failed","time":{"start":1768224670187,"stop":1768224735961,"duration":65774},"flaky":false,"newFailed":false,"newPassed":false,"newBroken":false,"retriesCount":0,"retriesStatusChange":false,"parameters":["QaseTestCaseDto(title=Test Case 3, status=Deprecated, description=Description, suite=null, severity=Trivial, priority=Low, type=Smoke, layer=null, isFlaky=false, behavior=Destructive, automationStatus=Manual, preconditions=null, postconditions=null, tags=null, attachments=null, steps=null)"],"tags":[]}],"uid":"171f7dc798c7528dedd8c1637269d1d2"},{"name":"Element not found {by text: New test}\nExpected: visible\nScreenshot: file:/home/runner/work/QASE/QASE/build/reports/tests/1768224933757.6.png\nPage source: file:/home/runner/work/QASE/QASE/build/reports/tests/1768224933757.6.html\nTimeout: 60 s.\nCaused by: NoSuchElementException: no such element: Unable to locate element: {\"method\":\"xpath\",\"selector\":\".//*/text()[normalize-space(translate(string(.), '","children":[{"name":"Создание проекта и его удаление","uid":"148114ca0e4cefa","parentUid":"4acb7dd499fa6cbf22ab40bb8dbc6708","status":"failed","time":{"start":1768224868454,"stop":1768224933919,"duration":65465},"flaky":false,"newFailed":false,"newPassed":false,"newBroken":false,"retriesCount":2,"retriesStatusChange":true,"parameters":[],"tags":[]}],"uid":"4acb7dd499fa6cbf22ab40bb8dbc6708"},{"name":"Element not found {by text: New test}\nExpected: visible\nScreenshot: file:/home/runner/work/QASE/QASE/build/reports/tests/1768225107685.7.png\nPage source: file:/home/runner/work/QASE/QASE/build/reports/tests/1768225107685.7.html\nTimeout: 60 s.\nCaused by: NoSuchElementException: no such element: Unable to locate element: {\"method\":\"xpath\",\"selector\":\".//*/text()[normalize-space(translate(string(.), '","children":[{"name":"createTestSuite","uid":"7db49b7f41777bff","parentUid":"90329e99d5b09a748a52ae0470f97a38","status":"failed","time":{"start":1768225000353,"stop":1768225107849,"duration":107496},"flaky":false,"newFailed":false,"newPassed":false,"newBroken":false,"retriesCount":0,"retriesStatusChange":false,"parameters":[],"tags":[]}],"uid":"90329e99d5b09a748a52ae0470f97a38"}],"uid":"8fb3a91ba5aaf9de24cc8a92edc82b5d"}],"name":"categories"}