{"uid":"f53b1f12e1f6cf9a","name":"Создание тест-кейса с разными входными данными","fullName":"tests.ui.CaseTest.testCaseShouldHasCorrectSpecs","historyId":"1812a54ad48b3877ef25d331b315afae","time":{"start":1770744677447,"stop":1770744693575,"duration":16128},"status":"failed","statusMessage":"UnhandledAlertException: unexpected alert open: {Alert text : Are you sure you want to leave?}\nScreenshot: file:/home/runner/work/QASE/QASE/build/reports/tests/1770744693146.0.png\nPage source: file:/home/runner/work/QASE/QASE/build/reports/tests/1770744693146.0.html\nTimeout: 15 s.\nCaused by: UnhandledAlertException: unexpected alert open: {Alert text : Are you sure you want to leave?}","statusTrace":"UnhandledAlertException: unexpected alert open: {Alert text : Are you sure you want to leave?}\nScreenshot: file:/home/runner/work/QASE/QASE/build/reports/tests/1770744693146.0.png\nPage source: file:/home/runner/work/QASE/QASE/build/reports/tests/1770744693146.0.html\nTimeout: 15 s.\nCaused by: UnhandledAlertException: unexpected alert open: {Alert text : Are you sure you want to leave?}\n\tat com.codeborne.selenide.ex.UIAssertionError.wrapToUIAssertionError(UIAssertionError.java:122)\n\tat com.codeborne.selenide.ex.UIAssertionError.wrapThrowable(UIAssertionError.java:104)\n\tat com.codeborne.selenide.ex.UIAssertionError.wrap(UIAssertionError.java:99)\n\tat com.codeborne.selenide.impl.SelenideElementProxy.invoke(SelenideElementProxy.java:93)\n\tat jdk.proxy2/jdk.proxy2.$Proxy45.click(Unknown Source)\n\tat wrappers.DropDown.selectFromCustomDropdown(DropDown.java:20)\n\tat pages.CaseCreatePage.fillCreateCaseForm(CaseCreatePage.java:40)\n\tat steps.UiSteps.createCase(UiSteps.java:66)\n\tat tests.ui.CaseTest.testCaseShouldHasCorrectSpecs(CaseTest.java:73)\n\tat java.base/jdk.internal.reflect.NativeMethodAccessorImpl.invoke0(Native Method)\n\tat java.base/jdk.internal.reflect.NativeMethodAccessorImpl.invoke(NativeMethodAccessorImpl.java:77)\n\tat java.base/jdk.internal.reflect.DelegatingMethodAccessorImpl.invoke(DelegatingMethodAccessorImpl.java:43)\n\tat java.base/java.lang.reflect.Method.invoke(Method.java:569)\n\tat org.testng.internal.invokers.MethodInvocationHelper.invokeMethod(MethodInvocationHelper.java:141)\n\tat org.testng.internal.invokers.TestInvoker.invokeMethod(TestInvoker.java:686)\n\tat org.testng.internal.invokers.TestInvoker.invokeTestMethod(TestInvoker.java:230)\n\tat org.testng.internal.invokers.MethodRunner.runInSequence(MethodRunner.java:63)\n\tat org.testng.internal.invokers.TestInvoker$MethodInvocationAgent.invoke(TestInvoker.java:992)\n\tat org.testng.internal.invokers.TestInvoker.invokeTestMethods(TestInvoker.java:203)\n\tat org.testng.internal.invokers.TestMethodWorker.invokeTestMethods(TestMethodWorker.java:154)\n\tat org.testng.internal.invokers.TestMethodWorker.run(TestMethodWorker.java:134)\n\tat java.base/java.util.ArrayList.forEach(ArrayList.java:1511)\n\tat org.testng.TestRunner.privateRun(TestRunner.java:739)\n\tat org.testng.TestRunner.run(TestRunner.java:614)\n\tat org.testng.SuiteRunner.runTest(SuiteRunner.java:421)\n\tat org.testng.SuiteRunner.runSequentially(SuiteRunner.java:413)\n\tat org.testng.SuiteRunner.privateRun(SuiteRunner.java:373)\n\tat org.testng.SuiteRunner.run(SuiteRunner.java:312)\n\tat org.testng.SuiteRunnerWorker.runSuite(SuiteRunnerWorker.java:52)\n\tat org.testng.SuiteRunnerWorker.run(SuiteRunnerWorker.java:95)\n\tat org.testng.TestNG.runSuitesSequentially(TestNG.java:1274)\n\tat org.testng.TestNG.runSuitesLocally(TestNG.java:1208)\n\tat org.testng.TestNG.runSuites(TestNG.java:1112)\n\tat org.testng.TestNG.run(TestNG.java:1079)\n\tat org.apache.maven.surefire.testng.TestNGExecutor.run(TestNGExecutor.java:155)\n\tat org.apache.maven.surefire.testng.TestNGDirectoryTestSuite.executeMulti(TestNGDirectoryTestSuite.java:169)\n\tat org.apache.maven.surefire.testng.TestNGDirectoryTestSuite.execute(TestNGDirectoryTestSuite.java:88)\n\tat org.apache.maven.surefire.testng.TestNGProvider.invoke(TestNGProvider.java:137)\n\tat org.apache.maven.surefire.booter.ForkedBooter.runSuitesInProcess(ForkedBooter.java:385)\n\tat org.apache.maven.surefire.booter.ForkedBooter.execute(ForkedBooter.java:162)\n\tat org.apache.maven.surefire.booter.ForkedBooter.run(ForkedBooter.java:507)\n\tat org.apache.maven.surefire.booter.ForkedBooter.main(ForkedBooter.java:495)\nCaused by: org.openqa.selenium.UnhandledAlertException: unexpected alert open: {Alert text : Are you sure you want to leave?}\n  (Session info: chrome=144.0.7559.109): Are you sure you want to leave?\nBuild info: version: '4.35.0', revision: '1c58e5028b'\nSystem info: os.name: 'Linux', os.arch: 'amd64', os.version: '6.11.0-1018-azure', java.version: '17.0.18'\nDriver info: org.openqa.selenium.chrome.ChromeDriver\nCommand: [3e3e4c0a468334ebc9de130d6f6e9320, findElement {value=//label[text()='Status']/following-sibling::div//span, using=xpath}]\nCapabilities {acceptInsecureCerts: true, browserName: chrome, browserVersion: 144.0.7559.109, chrome: {chromedriverVersion: 144.0.7559.109 (6a8d5e49388..., userDataDir: /tmp/org.chromium.Chromium....}, fedcm:accounts: true, goog:chromeOptions: {debuggerAddress: localhost:40761}, goog:processID: 3785, networkConnectionEnabled: false, pageLoadStrategy: normal, platformName: linux, proxy: Proxy(), se:cdp: ws://localhost:40761/devtoo..., se:cdpVersion: 144.0.7559.109, setWindowRect: true, strictFileInteractability: false, timeouts: {implicit: 0, pageLoad: 300000, script: 30000}, unhandledPromptBehavior: dismiss, webauthn:extension:credBlob: true, webauthn:extension:largeBlob: true, webauthn:extension:minPinLength: true, webauthn:extension:prf: true, webauthn:virtualAuthenticators: true}\nSession ID: 3e3e4c0a468334ebc9de130d6f6e9320\n\tat org.openqa.selenium.remote.codec.w3c.W3CHttpResponseCodec.decode(W3CHttpResponseCodec.java:136)\n\tat org.openqa.selenium.remote.codec.w3c.W3CHttpResponseCodec.decode(W3CHttpResponseCodec.java:50)\n\tat org.openqa.selenium.remote.HttpCommandExecutor.execute(HttpCommandExecutor.java:215)\n\tat org.openqa.selenium.remote.service.DriverCommandExecutor.invokeExecute(DriverCommandExecutor.java:216)\n\tat org.openqa.selenium.remote.service.DriverCommandExecutor.execute(DriverCommandExecutor.java:174)\n\tat org.openqa.selenium.remote.RemoteWebDriver.execute(RemoteWebDriver.java:557)\n\tat org.openqa.selenium.remote.ElementLocation$ElementFinder$2.findElement(ElementLocation.java:165)\n\tat org.openqa.selenium.remote.ElementLocation.findElement(ElementLocation.java:59)\n\tat org.openqa.selenium.remote.RemoteWebDriver.findElement(RemoteWebDriver.java:380)\n\tat org.openqa.selenium.remote.RemoteWebDriver.findElement(RemoteWebDriver.java:374)\n\tat com.codeborne.selenide.impl.WebElementSelector.findElement(WebElementSelector.java:67)\n\tat com.codeborne.selenide.impl.WebElementSelector.findElement(WebElementSelector.java:38)\n\tat com.codeborne.selenide.impl.WebElementSelector.findElement(WebElementSelector.java:29)\n\tat com.codeborne.selenide.impl.ElementFinder.getWebElement(ElementFinder.java:113)\n\tat com.codeborne.selenide.impl.WebElementSource.checkConditionAndReturnElement(WebElementSource.java:112)\n\tat com.codeborne.selenide.impl.WebElementSource.findAndAssertElementIsClickable(WebElementSource.java:169)\n\tat com.codeborne.selenide.commands.Click.findElement(Click.java:53)\n\tat com.codeborne.selenide.commands.Click.execute(Click.java:39)\n\tat com.codeborne.selenide.FluentCommand.execute(FluentCommand.java:27)\n\tat com.codeborne.selenide.FluentCommand.execute(FluentCommand.java:19)\n\tat com.codeborne.selenide.commands.Commands.execute(Commands.java:160)\n\tat com.codeborne.selenide.impl.SelenideElementProxy.dispatchAndRetry(SelenideElementProxy.java:131)\n\tat com.codeborne.selenide.impl.SelenideElementProxy.invoke(SelenideElementProxy.java:83)\n\t... 38 more\n","flaky":false,"newFailed":true,"newBroken":false,"newPassed":false,"retriesCount":0,"retriesStatusChange":false,"beforeStages":[{"name":"setUp","time":{"start":1770744677445,"stop":1770744677445,"duration":0},"description":"","status":"passed","steps":[],"attachments":[],"parameters":[],"stepsCount":0,"shouldDisplayMessage":false,"attachmentsCount":0,"hasContent":false,"attachmentStep":false}],"testStage":{"status":"failed","statusMessage":"UnhandledAlertException: unexpected alert open: {Alert text : Are you sure you want to leave?}\nScreenshot: file:/home/runner/work/QASE/QASE/build/reports/tests/1770744693146.0.png\nPage source: file:/home/runner/work/QASE/QASE/build/reports/tests/1770744693146.0.html\nTimeout: 15 s.\nCaused by: UnhandledAlertException: unexpected alert open: {Alert text : Are you sure you want to leave?}","statusTrace":"UnhandledAlertException: unexpected alert open: {Alert text : Are you sure you want to leave?}\nScreenshot: file:/home/runner/work/QASE/QASE/build/reports/tests/1770744693146.0.png\nPage source: file:/home/runner/work/QASE/QASE/build/reports/tests/1770744693146.0.html\nTimeout: 15 s.\nCaused by: UnhandledAlertException: unexpected alert open: {Alert text : Are you sure you want to leave?}\n\tat com.codeborne.selenide.ex.UIAssertionError.wrapToUIAssertionError(UIAssertionError.java:122)\n\tat com.codeborne.selenide.ex.UIAssertionError.wrapThrowable(UIAssertionError.java:104)\n\tat com.codeborne.selenide.ex.UIAssertionError.wrap(UIAssertionError.java:99)\n\tat com.codeborne.selenide.impl.SelenideElementProxy.invoke(SelenideElementProxy.java:93)\n\tat jdk.proxy2/jdk.proxy2.$Proxy45.click(Unknown Source)\n\tat wrappers.DropDown.selectFromCustomDropdown(DropDown.java:20)\n\tat pages.CaseCreatePage.fillCreateCaseForm(CaseCreatePage.java:40)\n\tat steps.UiSteps.createCase(UiSteps.java:66)\n\tat tests.ui.CaseTest.testCaseShouldHasCorrectSpecs(CaseTest.java:73)\n\tat java.base/jdk.internal.reflect.NativeMethodAccessorImpl.invoke0(Native Method)\n\tat java.base/jdk.internal.reflect.NativeMethodAccessorImpl.invoke(NativeMethodAccessorImpl.java:77)\n\tat java.base/jdk.internal.reflect.DelegatingMethodAccessorImpl.invoke(DelegatingMethodAccessorImpl.java:43)\n\tat java.base/java.lang.reflect.Method.invoke(Method.java:569)\n\tat org.testng.internal.invokers.MethodInvocationHelper.invokeMethod(MethodInvocationHelper.java:141)\n\tat org.testng.internal.invokers.TestInvoker.invokeMethod(TestInvoker.java:686)\n\tat org.testng.internal.invokers.TestInvoker.invokeTestMethod(TestInvoker.java:230)\n\tat org.testng.internal.invokers.MethodRunner.runInSequence(MethodRunner.java:63)\n\tat org.testng.internal.invokers.TestInvoker$MethodInvocationAgent.invoke(TestInvoker.java:992)\n\tat org.testng.internal.invokers.TestInvoker.invokeTestMethods(TestInvoker.java:203)\n\tat org.testng.internal.invokers.TestMethodWorker.invokeTestMethods(TestMethodWorker.java:154)\n\tat org.testng.internal.invokers.TestMethodWorker.run(TestMethodWorker.java:134)\n\tat java.base/java.util.ArrayList.forEach(ArrayList.java:1511)\n\tat org.testng.TestRunner.privateRun(TestRunner.java:739)\n\tat org.testng.TestRunner.run(TestRunner.java:614)\n\tat org.testng.SuiteRunner.runTest(SuiteRunner.java:421)\n\tat org.testng.SuiteRunner.runSequentially(SuiteRunner.java:413)\n\tat org.testng.SuiteRunner.privateRun(SuiteRunner.java:373)\n\tat org.testng.SuiteRunner.run(SuiteRunner.java:312)\n\tat org.testng.SuiteRunnerWorker.runSuite(SuiteRunnerWorker.java:52)\n\tat org.testng.SuiteRunnerWorker.run(SuiteRunnerWorker.java:95)\n\tat org.testng.TestNG.runSuitesSequentially(TestNG.java:1274)\n\tat org.testng.TestNG.runSuitesLocally(TestNG.java:1208)\n\tat org.testng.TestNG.runSuites(TestNG.java:1112)\n\tat org.testng.TestNG.run(TestNG.java:1079)\n\tat org.apache.maven.surefire.testng.TestNGExecutor.run(TestNGExecutor.java:155)\n\tat org.apache.maven.surefire.testng.TestNGDirectoryTestSuite.executeMulti(TestNGDirectoryTestSuite.java:169)\n\tat org.apache.maven.surefire.testng.TestNGDirectoryTestSuite.execute(TestNGDirectoryTestSuite.java:88)\n\tat org.apache.maven.surefire.testng.TestNGProvider.invoke(TestNGProvider.java:137)\n\tat org.apache.maven.surefire.booter.ForkedBooter.runSuitesInProcess(ForkedBooter.java:385)\n\tat org.apache.maven.surefire.booter.ForkedBooter.execute(ForkedBooter.java:162)\n\tat org.apache.maven.surefire.booter.ForkedBooter.run(ForkedBooter.java:507)\n\tat org.apache.maven.surefire.booter.ForkedBooter.main(ForkedBooter.java:495)\nCaused by: org.openqa.selenium.UnhandledAlertException: unexpected alert open: {Alert text : Are you sure you want to leave?}\n  (Session info: chrome=144.0.7559.109): Are you sure you want to leave?\nBuild info: version: '4.35.0', revision: '1c58e5028b'\nSystem info: os.name: 'Linux', os.arch: 'amd64', os.version: '6.11.0-1018-azure', java.version: '17.0.18'\nDriver info: org.openqa.selenium.chrome.ChromeDriver\nCommand: [3e3e4c0a468334ebc9de130d6f6e9320, findElement {value=//label[text()='Status']/following-sibling::div//span, using=xpath}]\nCapabilities {acceptInsecureCerts: true, browserName: chrome, browserVersion: 144.0.7559.109, chrome: {chromedriverVersion: 144.0.7559.109 (6a8d5e49388..., userDataDir: /tmp/org.chromium.Chromium....}, fedcm:accounts: true, goog:chromeOptions: {debuggerAddress: localhost:40761}, goog:processID: 3785, networkConnectionEnabled: false, pageLoadStrategy: normal, platformName: linux, proxy: Proxy(), se:cdp: ws://localhost:40761/devtoo..., se:cdpVersion: 144.0.7559.109, setWindowRect: true, strictFileInteractability: false, timeouts: {implicit: 0, pageLoad: 300000, script: 30000}, unhandledPromptBehavior: dismiss, webauthn:extension:credBlob: true, webauthn:extension:largeBlob: true, webauthn:extension:minPinLength: true, webauthn:extension:prf: true, webauthn:virtualAuthenticators: true}\nSession ID: 3e3e4c0a468334ebc9de130d6f6e9320\n\tat org.openqa.selenium.remote.codec.w3c.W3CHttpResponseCodec.decode(W3CHttpResponseCodec.java:136)\n\tat org.openqa.selenium.remote.codec.w3c.W3CHttpResponseCodec.decode(W3CHttpResponseCodec.java:50)\n\tat org.openqa.selenium.remote.HttpCommandExecutor.execute(HttpCommandExecutor.java:215)\n\tat org.openqa.selenium.remote.service.DriverCommandExecutor.invokeExecute(DriverCommandExecutor.java:216)\n\tat org.openqa.selenium.remote.service.DriverCommandExecutor.execute(DriverCommandExecutor.java:174)\n\tat org.openqa.selenium.remote.RemoteWebDriver.execute(RemoteWebDriver.java:557)\n\tat org.openqa.selenium.remote.ElementLocation$ElementFinder$2.findElement(ElementLocation.java:165)\n\tat org.openqa.selenium.remote.ElementLocation.findElement(ElementLocation.java:59)\n\tat org.openqa.selenium.remote.RemoteWebDriver.findElement(RemoteWebDriver.java:380)\n\tat org.openqa.selenium.remote.RemoteWebDriver.findElement(RemoteWebDriver.java:374)\n\tat com.codeborne.selenide.impl.WebElementSelector.findElement(WebElementSelector.java:67)\n\tat com.codeborne.selenide.impl.WebElementSelector.findElement(WebElementSelector.java:38)\n\tat com.codeborne.selenide.impl.WebElementSelector.findElement(WebElementSelector.java:29)\n\tat com.codeborne.selenide.impl.ElementFinder.getWebElement(ElementFinder.java:113)\n\tat com.codeborne.selenide.impl.WebElementSource.checkConditionAndReturnElement(WebElementSource.java:112)\n\tat com.codeborne.selenide.impl.WebElementSource.findAndAssertElementIsClickable(WebElementSource.java:169)\n\tat com.codeborne.selenide.commands.Click.findElement(Click.java:53)\n\tat com.codeborne.selenide.commands.Click.execute(Click.java:39)\n\tat com.codeborne.selenide.FluentCommand.execute(FluentCommand.java:27)\n\tat com.codeborne.selenide.FluentCommand.execute(FluentCommand.java:19)\n\tat com.codeborne.selenide.commands.Commands.execute(Commands.java:160)\n\tat com.codeborne.selenide.impl.SelenideElementProxy.dispatchAndRetry(SelenideElementProxy.java:131)\n\tat com.codeborne.selenide.impl.SelenideElementProxy.invoke(SelenideElementProxy.java:83)\n\t... 38 more\n","steps":[{"name":"Авторизация и открытие страницы Projects","time":{"start":1770744677447,"stop":1770744689747,"duration":12300},"status":"passed","steps":[{"name":"Открытие страницы авторизации","time":{"start":1770744677447,"stop":1770744679176,"duration":1729},"status":"passed","steps":[{"name":"$(\"open\") https://app.qase.io/login","time":{"start":1770744677447,"stop":1770744679176,"duration":1729},"status":"passed","steps":[{"name":"$(\"webdriver\") create()","time":{"start":1770744677447,"stop":1770744677727,"duration":280},"status":"passed","steps":[],"attachments":[],"parameters":[],"stepsCount":0,"shouldDisplayMessage":false,"attachmentsCount":0,"hasContent":false,"attachmentStep":false}],"attachments":[],"parameters":[],"stepsCount":1,"shouldDisplayMessage":false,"attachmentsCount":0,"hasContent":true,"attachmentStep":false}],"attachments":[],"parameters":[],"stepsCount":2,"shouldDisplayMessage":false,"attachmentsCount":0,"hasContent":true,"attachmentStep":false},{"name":"Проверка,что страница авторизации открыта","time":{"start":1770744679176,"stop":1770744679195,"duration":19},"status":"passed","steps":[{"name":"$(\"[name='password']\") should be(visible)","time":{"start":1770744679176,"stop":1770744679195,"duration":19},"status":"passed","steps":[],"attachments":[],"parameters":[],"stepsCount":0,"shouldDisplayMessage":false,"attachmentsCount":0,"hasContent":false,"attachmentStep":false}],"attachments":[],"parameters":[],"stepsCount":1,"shouldDisplayMessage":false,"attachmentsCount":0,"hasContent":true,"attachmentStep":false},{"name":"Принять cookies, если баннер появился","time":{"start":1770744679195,"stop":1770744679209,"duration":14},"status":"passed","steps":[],"attachments":[],"parameters":[],"stepsCount":0,"shouldDisplayMessage":false,"attachmentsCount":0,"hasContent":false,"attachmentStep":false},{"name":"Авторизация под валидными данными","time":{"start":1770744679209,"stop":1770744679598,"duration":389},"status":"passed","steps":[{"name":"$(\"[name='email']\") should be(visible)","time":{"start":1770744679210,"stop":1770744679245,"duration":35},"status":"passed","steps":[],"attachments":[],"parameters":[],"stepsCount":0,"shouldDisplayMessage":false,"attachmentsCount":0,"hasContent":false,"attachmentStep":false},{"name":"$(\"[name='email']\") set value(viktoriaportnenko@gmail.com)","time":{"start":1770744679245,"stop":1770744679376,"duration":131},"status":"passed","steps":[],"attachments":[],"parameters":[],"stepsCount":0,"shouldDisplayMessage":false,"attachmentsCount":0,"hasContent":false,"attachmentStep":false},{"name":"$(\"[name='password']\") set value(w.7U4g9PJW-CQY@)","time":{"start":1770744679376,"stop":1770744679512,"duration":136},"status":"passed","steps":[],"attachments":[],"parameters":[],"stepsCount":0,"shouldDisplayMessage":false,"attachmentsCount":0,"hasContent":false,"attachmentStep":false},{"name":"$(\"button[type='submit']\") should be(enabled)","time":{"start":1770744679512,"stop":1770744679534,"duration":22},"status":"passed","steps":[],"attachments":[],"parameters":[],"stepsCount":0,"shouldDisplayMessage":false,"attachmentsCount":0,"hasContent":false,"attachmentStep":false},{"name":"$(\"button[type='submit']\") click()","time":{"start":1770744679534,"stop":1770744679598,"duration":64},"status":"passed","steps":[],"attachments":[],"parameters":[],"stepsCount":0,"shouldDisplayMessage":false,"attachmentsCount":0,"hasContent":false,"attachmentStep":false}],"attachments":[],"parameters":[{"name":"user","value":"viktoriaportnenko@gmail.com"},{"name":"password","value":"w.7U4g9PJW-CQY@"}],"stepsCount":5,"shouldDisplayMessage":false,"attachmentsCount":0,"hasContent":true,"attachmentStep":false},{"name":"Принять cookies, если баннер появился","time":{"start":1770744679598,"stop":1770744679604,"duration":6},"status":"passed","steps":[],"attachments":[],"parameters":[],"stepsCount":0,"shouldDisplayMessage":false,"attachmentsCount":0,"hasContent":false,"attachmentStep":false},{"name":"Проверка, что  страница проектов открыта","time":{"start":1770744679604,"stop":1770744689747,"duration":10143},"status":"passed","steps":[{"name":"$(\"by text: Create new project\") should be([visible, 120 s.])","time":{"start":1770744679604,"stop":1770744689747,"duration":10143},"status":"passed","steps":[],"attachments":[],"parameters":[],"stepsCount":0,"shouldDisplayMessage":false,"attachmentsCount":0,"hasContent":false,"attachmentStep":false}],"attachments":[],"parameters":[],"stepsCount":1,"shouldDisplayMessage":false,"attachmentsCount":0,"hasContent":true,"attachmentStep":false}],"attachments":[],"parameters":[],"stepsCount":15,"shouldDisplayMessage":false,"attachmentsCount":0,"hasContent":true,"attachmentStep":false},{"name":"UI: Создать проект 'TMS'","time":{"start":1770744689747,"stop":1770744692241,"duration":2494},"status":"passed","steps":[{"name":"Открыть модалку создания проекта","time":{"start":1770744689747,"stop":1770744689848,"duration":101},"status":"passed","steps":[{"name":"$(\"by text: Create new project\") should be([visible, 60 s.])","time":{"start":1770744689747,"stop":1770744689771,"duration":24},"status":"passed","steps":[],"attachments":[],"parameters":[],"stepsCount":0,"shouldDisplayMessage":false,"attachmentsCount":0,"hasContent":false,"attachmentStep":false},{"name":"$(\"by text: Create new project\") click()","time":{"start":1770744689771,"stop":1770744689824,"duration":53},"status":"passed","steps":[],"attachments":[],"parameters":[],"stepsCount":0,"shouldDisplayMessage":false,"attachmentsCount":0,"hasContent":false,"attachmentStep":false},{"name":"Открытие модального окна создания проекта","time":{"start":1770744689825,"stop":1770744689848,"duration":23},"status":"passed","steps":[{"name":"$(\"by text: Create project\") should be([visible, 60 s.])","time":{"start":1770744689825,"stop":1770744689848,"duration":23},"status":"passed","steps":[],"attachments":[],"parameters":[],"stepsCount":0,"shouldDisplayMessage":false,"attachmentsCount":0,"hasContent":false,"attachmentStep":false}],"attachments":[],"parameters":[],"stepsCount":1,"shouldDisplayMessage":false,"attachmentsCount":0,"hasContent":true,"attachmentStep":false}],"attachments":[],"parameters":[],"stepsCount":4,"shouldDisplayMessage":false,"attachmentsCount":0,"hasContent":true,"attachmentStep":false},{"name":"Создать проект 'TMS' в модалке","time":{"start":1770744689848,"stop":1770744690041,"duration":193},"status":"passed","steps":[{"name":"$(\"#project-name\") set value(TMS)","time":{"start":1770744689848,"stop":1770744689941,"duration":93},"status":"passed","steps":[],"attachments":[],"parameters":[],"stepsCount":0,"shouldDisplayMessage":false,"attachmentsCount":0,"hasContent":false,"attachmentStep":false},{"name":"$(\"input[value='public']\") click()","time":{"start":1770744689941,"stop":1770744689988,"duration":47},"status":"passed","steps":[],"attachments":[],"parameters":[],"stepsCount":0,"shouldDisplayMessage":false,"attachmentsCount":0,"hasContent":false,"attachmentStep":false},{"name":"$(\"input[value='public']\") should be(selected)","time":{"start":1770744689989,"stop":1770744690004,"duration":15},"status":"passed","steps":[],"attachments":[],"parameters":[],"stepsCount":0,"shouldDisplayMessage":false,"attachmentsCount":0,"hasContent":false,"attachmentStep":false},{"name":"$(\"by text: Create project\") click()","time":{"start":1770744690004,"stop":1770744690041,"duration":37},"status":"passed","steps":[],"attachments":[],"parameters":[],"stepsCount":0,"shouldDisplayMessage":false,"attachmentsCount":0,"hasContent":false,"attachmentStep":false}],"attachments":[],"parameters":[{"name":"project","value":"TMS"}],"stepsCount":4,"shouldDisplayMessage":false,"attachmentsCount":0,"hasContent":true,"attachmentStep":false},{"name":"Проверка, что проект 'TMS' успешно создан и отображается на странице","time":{"start":1770744690041,"stop":1770744692241,"duration":2200},"status":"passed","steps":[{"name":"$(\"by text: Manual test\") should be([visible, 60 s.])","time":{"start":1770744690041,"stop":1770744692212,"duration":2171},"status":"passed","steps":[],"attachments":[],"parameters":[],"stepsCount":0,"shouldDisplayMessage":false,"attachmentsCount":0,"hasContent":false,"attachmentStep":false},{"name":"$(\"by text: TMS\") should be(visible)","time":{"start":1770744692212,"stop":1770744692240,"duration":28},"status":"passed","steps":[],"attachments":[],"parameters":[],"stepsCount":0,"shouldDisplayMessage":false,"attachmentsCount":0,"hasContent":false,"attachmentStep":false}],"attachments":[],"parameters":[{"name":"project","value":"TMS"}],"stepsCount":2,"shouldDisplayMessage":false,"attachmentsCount":0,"hasContent":true,"attachmentStep":false}],"attachments":[],"parameters":[{"name":"projectName","value":"TMS"}],"stepsCount":13,"shouldDisplayMessage":false,"attachmentsCount":0,"hasContent":true,"attachmentStep":false},{"name":"UI: Создать тест-кейс '{title}'","time":{"start":1770744692241,"stop":1770744693573,"duration":1332},"status":"failed","statusMessage":"UnhandledAlertException: unexpected alert open: {Alert text : Are you sure you want to leave?}\nScreenshot: file:/home/runner/work/QASE/QASE/build/reports/tests/1770744693146.0.png\nPage source: file:/home/runner/work/QASE/QASE/build/reports/tests/1770744693146.0.html\nTimeout: 15 s.\nCaused by: UnhandledAlertException: unexpected alert open: {Alert text : Are you sure you want to leave?}","statusTrace":"UnhandledAlertException: unexpected alert open: {Alert text : Are you sure you want to leave?}\nScreenshot: file:/home/runner/work/QASE/QASE/build/reports/tests/1770744693146.0.png\nPage source: file:/home/runner/work/QASE/QASE/build/reports/tests/1770744693146.0.html\nTimeout: 15 s.\nCaused by: UnhandledAlertException: unexpected alert open: {Alert text : Are you sure you want to leave?}\n\tat com.codeborne.selenide.ex.UIAssertionError.wrapToUIAssertionError(UIAssertionError.java:122)\n\tat com.codeborne.selenide.ex.UIAssertionError.wrapThrowable(UIAssertionError.java:104)\n\tat com.codeborne.selenide.ex.UIAssertionError.wrap(UIAssertionError.java:99)\n\tat com.codeborne.selenide.impl.SelenideElementProxy.invoke(SelenideElementProxy.java:93)\n\tat jdk.proxy2/jdk.proxy2.$Proxy45.click(Unknown Source)\n\tat wrappers.DropDown.selectFromCustomDropdown(DropDown.java:20)\n\tat pages.CaseCreatePage.fillCreateCaseForm(CaseCreatePage.java:40)\n\tat steps.UiSteps.createCase(UiSteps.java:66)\n\tat tests.ui.CaseTest.testCaseShouldHasCorrectSpecs(CaseTest.java:73)\n\tat java.base/jdk.internal.reflect.NativeMethodAccessorImpl.invoke0(Native Method)\n\tat java.base/jdk.internal.reflect.NativeMethodAccessorImpl.invoke(NativeMethodAccessorImpl.java:77)\n\tat java.base/jdk.internal.reflect.DelegatingMethodAccessorImpl.invoke(DelegatingMethodAccessorImpl.java:43)\n\tat java.base/java.lang.reflect.Method.invoke(Method.java:569)\n\tat org.testng.internal.invokers.MethodInvocationHelper.invokeMethod(MethodInvocationHelper.java:141)\n\tat org.testng.internal.invokers.TestInvoker.invokeMethod(TestInvoker.java:686)\n\tat org.testng.internal.invokers.TestInvoker.invokeTestMethod(TestInvoker.java:230)\n\tat org.testng.internal.invokers.MethodRunner.runInSequence(MethodRunner.java:63)\n\tat org.testng.internal.invokers.TestInvoker$MethodInvocationAgent.invoke(TestInvoker.java:992)\n\tat org.testng.internal.invokers.TestInvoker.invokeTestMethods(TestInvoker.java:203)\n\tat org.testng.internal.invokers.TestMethodWorker.invokeTestMethods(TestMethodWorker.java:154)\n\tat org.testng.internal.invokers.TestMethodWorker.run(TestMethodWorker.java:134)\n\tat java.base/java.util.ArrayList.forEach(ArrayList.java:1511)\n\tat org.testng.TestRunner.privateRun(TestRunner.java:739)\n\tat org.testng.TestRunner.run(TestRunner.java:614)\n\tat org.testng.SuiteRunner.runTest(SuiteRunner.java:421)\n\tat org.testng.SuiteRunner.runSequentially(SuiteRunner.java:413)\n\tat org.testng.SuiteRunner.privateRun(SuiteRunner.java:373)\n\tat org.testng.SuiteRunner.run(SuiteRunner.java:312)\n\tat org.testng.SuiteRunnerWorker.runSuite(SuiteRunnerWorker.java:52)\n\tat org.testng.SuiteRunnerWorker.run(SuiteRunnerWorker.java:95)\n\tat org.testng.TestNG.runSuitesSequentially(TestNG.java:1274)\n\tat org.testng.TestNG.runSuitesLocally(TestNG.java:1208)\n\tat org.testng.TestNG.runSuites(TestNG.java:1112)\n\tat org.testng.TestNG.run(TestNG.java:1079)\n\tat org.apache.maven.surefire.testng.TestNGExecutor.run(TestNGExecutor.java:155)\n\tat org.apache.maven.surefire.testng.TestNGDirectoryTestSuite.executeMulti(TestNGDirectoryTestSuite.java:169)\n\tat org.apache.maven.surefire.testng.TestNGDirectoryTestSuite.execute(TestNGDirectoryTestSuite.java:88)\n\tat org.apache.maven.surefire.testng.TestNGProvider.invoke(TestNGProvider.java:137)\n\tat org.apache.maven.surefire.booter.ForkedBooter.runSuitesInProcess(ForkedBooter.java:385)\n\tat org.apache.maven.surefire.booter.ForkedBooter.execute(ForkedBooter.java:162)\n\tat org.apache.maven.surefire.booter.ForkedBooter.run(ForkedBooter.java:507)\n\tat org.apache.maven.surefire.booter.ForkedBooter.main(ForkedBooter.java:495)\nCaused by: org.openqa.selenium.UnhandledAlertException: unexpected alert open: {Alert text : Are you sure you want to leave?}\n  (Session info: chrome=144.0.7559.109): Are you sure you want to leave?\nBuild info: version: '4.35.0', revision: '1c58e5028b'\nSystem info: os.name: 'Linux', os.arch: 'amd64', os.version: '6.11.0-1018-azure', java.version: '17.0.18'\nDriver info: org.openqa.selenium.chrome.ChromeDriver\nCommand: [3e3e4c0a468334ebc9de130d6f6e9320, findElement {value=//label[text()='Status']/following-sibling::div//span, using=xpath}]\nCapabilities {acceptInsecureCerts: true, browserName: chrome, browserVersion: 144.0.7559.109, chrome: {chromedriverVersion: 144.0.7559.109 (6a8d5e49388..., userDataDir: /tmp/org.chromium.Chromium....}, fedcm:accounts: true, goog:chromeOptions: {debuggerAddress: localhost:40761}, goog:processID: 3785, networkConnectionEnabled: false, pageLoadStrategy: normal, platformName: linux, proxy: Proxy(), se:cdp: ws://localhost:40761/devtoo..., se:cdpVersion: 144.0.7559.109, setWindowRect: true, strictFileInteractability: false, timeouts: {implicit: 0, pageLoad: 300000, script: 30000}, unhandledPromptBehavior: dismiss, webauthn:extension:credBlob: true, webauthn:extension:largeBlob: true, webauthn:extension:minPinLength: true, webauthn:extension:prf: true, webauthn:virtualAuthenticators: true}\nSession ID: 3e3e4c0a468334ebc9de130d6f6e9320\n\tat org.openqa.selenium.remote.codec.w3c.W3CHttpResponseCodec.decode(W3CHttpResponseCodec.java:136)\n\tat org.openqa.selenium.remote.codec.w3c.W3CHttpResponseCodec.decode(W3CHttpResponseCodec.java:50)\n\tat org.openqa.selenium.remote.HttpCommandExecutor.execute(HttpCommandExecutor.java:215)\n\tat org.openqa.selenium.remote.service.DriverCommandExecutor.invokeExecute(DriverCommandExecutor.java:216)\n\tat org.openqa.selenium.remote.service.DriverCommandExecutor.execute(DriverCommandExecutor.java:174)\n\tat org.openqa.selenium.remote.RemoteWebDriver.execute(RemoteWebDriver.java:557)\n\tat org.openqa.selenium.remote.ElementLocation$ElementFinder$2.findElement(ElementLocation.java:165)\n\tat org.openqa.selenium.remote.ElementLocation.findElement(ElementLocation.java:59)\n\tat org.openqa.selenium.remote.RemoteWebDriver.findElement(RemoteWebDriver.java:380)\n\tat org.openqa.selenium.remote.RemoteWebDriver.findElement(RemoteWebDriver.java:374)\n\tat com.codeborne.selenide.impl.WebElementSelector.findElement(WebElementSelector.java:67)\n\tat com.codeborne.selenide.impl.WebElementSelector.findElement(WebElementSelector.java:38)\n\tat com.codeborne.selenide.impl.WebElementSelector.findElement(WebElementSelector.java:29)\n\tat com.codeborne.selenide.impl.ElementFinder.getWebElement(ElementFinder.java:113)\n\tat com.codeborne.selenide.impl.WebElementSource.checkConditionAndReturnElement(WebElementSource.java:112)\n\tat com.codeborne.selenide.impl.WebElementSource.findAndAssertElementIsClickable(WebElementSource.java:169)\n\tat com.codeborne.selenide.commands.Click.findElement(Click.java:53)\n\tat com.codeborne.selenide.commands.Click.execute(Click.java:39)\n\tat com.codeborne.selenide.FluentCommand.execute(FluentCommand.java:27)\n\tat com.codeborne.selenide.FluentCommand.execute(FluentCommand.java:19)\n\tat com.codeborne.selenide.commands.Commands.execute(Commands.java:160)\n\tat com.codeborne.selenide.impl.SelenideElementProxy.dispatchAndRetry(SelenideElementProxy.java:131)\n\tat com.codeborne.selenide.impl.SelenideElementProxy.invoke(SelenideElementProxy.java:83)\n\t... 38 more\n","steps":[{"name":"Открыть страницу создания тест-кейса","time":{"start":1770744692241,"stop":1770744692313,"duration":72},"status":"passed","steps":[{"name":"$(\"by text: Manual test\") should be([visible, 60 s.])","time":{"start":1770744692241,"stop":1770744692259,"duration":18},"status":"passed","steps":[],"attachments":[],"parameters":[],"stepsCount":0,"shouldDisplayMessage":false,"attachmentsCount":0,"hasContent":false,"attachmentStep":false},{"name":"$(\"by text: Manual test\") click()","time":{"start":1770744692259,"stop":1770744692309,"duration":50},"status":"passed","steps":[],"attachments":[],"parameters":[],"stepsCount":0,"shouldDisplayMessage":false,"attachmentsCount":0,"hasContent":false,"attachmentStep":false}],"attachments":[],"parameters":[],"stepsCount":2,"shouldDisplayMessage":false,"attachmentsCount":0,"hasContent":true,"attachmentStep":false},{"name":"Проверка, что страница создания тест-кейса открыта","time":{"start":1770744692314,"stop":1770744692591,"duration":277},"status":"passed","steps":[{"name":"$(\"by text: Title\") should be([visible, 30 s.])","time":{"start":1770744692314,"stop":1770744692588,"duration":274},"status":"passed","steps":[],"attachments":[],"parameters":[],"stepsCount":0,"shouldDisplayMessage":false,"attachmentsCount":0,"hasContent":false,"attachmentStep":false}],"attachments":[],"parameters":[],"stepsCount":1,"shouldDisplayMessage":false,"attachmentsCount":0,"hasContent":true,"attachmentStep":false},{"name":"Заполнение формы тест-кейса данными: QaseTestCaseDto(title=Test Case 3, status=Deprecated, description=Description, suite=null, severity=Trivial, priority=Low, type=Smoke, layer=null, isFlaky=false, behavior=Destructive, automationStatus=Manual, preconditions=null, postconditions=null, tags=null, attachments=null, steps=null)","time":{"start":1770744692591,"stop":1770744693572,"duration":981},"status":"failed","statusMessage":"UnhandledAlertException: unexpected alert open: {Alert text : Are you sure you want to leave?}\nScreenshot: file:/home/runner/work/QASE/QASE/build/reports/tests/1770744693146.0.png\nPage source: file:/home/runner/work/QASE/QASE/build/reports/tests/1770744693146.0.html\nTimeout: 15 s.\nCaused by: UnhandledAlertException: unexpected alert open: {Alert text : Are you sure you want to leave?}","statusTrace":"UnhandledAlertException: unexpected alert open: {Alert text : Are you sure you want to leave?}\nScreenshot: file:/home/runner/work/QASE/QASE/build/reports/tests/1770744693146.0.png\nPage source: file:/home/runner/work/QASE/QASE/build/reports/tests/1770744693146.0.html\nTimeout: 15 s.\nCaused by: UnhandledAlertException: unexpected alert open: {Alert text : Are you sure you want to leave?}\n\tat com.codeborne.selenide.ex.UIAssertionError.wrapToUIAssertionError(UIAssertionError.java:122)\n\tat com.codeborne.selenide.ex.UIAssertionError.wrapThrowable(UIAssertionError.java:104)\n\tat com.codeborne.selenide.ex.UIAssertionError.wrap(UIAssertionError.java:99)\n\tat com.codeborne.selenide.impl.SelenideElementProxy.invoke(SelenideElementProxy.java:93)\n\tat jdk.proxy2/jdk.proxy2.$Proxy45.click(Unknown Source)\n\tat wrappers.DropDown.selectFromCustomDropdown(DropDown.java:20)\n\tat pages.CaseCreatePage.fillCreateCaseForm(CaseCreatePage.java:40)\n\tat steps.UiSteps.createCase(UiSteps.java:66)\n\tat tests.ui.CaseTest.testCaseShouldHasCorrectSpecs(CaseTest.java:73)\n\tat java.base/jdk.internal.reflect.NativeMethodAccessorImpl.invoke0(Native Method)\n\tat java.base/jdk.internal.reflect.NativeMethodAccessorImpl.invoke(NativeMethodAccessorImpl.java:77)\n\tat java.base/jdk.internal.reflect.DelegatingMethodAccessorImpl.invoke(DelegatingMethodAccessorImpl.java:43)\n\tat java.base/java.lang.reflect.Method.invoke(Method.java:569)\n\tat org.testng.internal.invokers.MethodInvocationHelper.invokeMethod(MethodInvocationHelper.java:141)\n\tat org.testng.internal.invokers.TestInvoker.invokeMethod(TestInvoker.java:686)\n\tat org.testng.internal.invokers.TestInvoker.invokeTestMethod(TestInvoker.java:230)\n\tat org.testng.internal.invokers.MethodRunner.runInSequence(MethodRunner.java:63)\n\tat org.testng.internal.invokers.TestInvoker$MethodInvocationAgent.invoke(TestInvoker.java:992)\n\tat org.testng.internal.invokers.TestInvoker.invokeTestMethods(TestInvoker.java:203)\n\tat org.testng.internal.invokers.TestMethodWorker.invokeTestMethods(TestMethodWorker.java:154)\n\tat org.testng.internal.invokers.TestMethodWorker.run(TestMethodWorker.java:134)\n\tat java.base/java.util.ArrayList.forEach(ArrayList.java:1511)\n\tat org.testng.TestRunner.privateRun(TestRunner.java:739)\n\tat org.testng.TestRunner.run(TestRunner.java:614)\n\tat org.testng.SuiteRunner.runTest(SuiteRunner.java:421)\n\tat org.testng.SuiteRunner.runSequentially(SuiteRunner.java:413)\n\tat org.testng.SuiteRunner.privateRun(SuiteRunner.java:373)\n\tat org.testng.SuiteRunner.run(SuiteRunner.java:312)\n\tat org.testng.SuiteRunnerWorker.runSuite(SuiteRunnerWorker.java:52)\n\tat org.testng.SuiteRunnerWorker.run(SuiteRunnerWorker.java:95)\n\tat org.testng.TestNG.runSuitesSequentially(TestNG.java:1274)\n\tat org.testng.TestNG.runSuitesLocally(TestNG.java:1208)\n\tat org.testng.TestNG.runSuites(TestNG.java:1112)\n\tat org.testng.TestNG.run(TestNG.java:1079)\n\tat org.apache.maven.surefire.testng.TestNGExecutor.run(TestNGExecutor.java:155)\n\tat org.apache.maven.surefire.testng.TestNGDirectoryTestSuite.executeMulti(TestNGDirectoryTestSuite.java:169)\n\tat org.apache.maven.surefire.testng.TestNGDirectoryTestSuite.execute(TestNGDirectoryTestSuite.java:88)\n\tat org.apache.maven.surefire.testng.TestNGProvider.invoke(TestNGProvider.java:137)\n\tat org.apache.maven.surefire.booter.ForkedBooter.runSuitesInProcess(ForkedBooter.java:385)\n\tat org.apache.maven.surefire.booter.ForkedBooter.execute(ForkedBooter.java:162)\n\tat org.apache.maven.surefire.booter.ForkedBooter.run(ForkedBooter.java:507)\n\tat org.apache.maven.surefire.booter.ForkedBooter.main(ForkedBooter.java:495)\nCaused by: org.openqa.selenium.UnhandledAlertException: unexpected alert open: {Alert text : Are you sure you want to leave?}\n  (Session info: chrome=144.0.7559.109): Are you sure you want to leave?\nBuild info: version: '4.35.0', revision: '1c58e5028b'\nSystem info: os.name: 'Linux', os.arch: 'amd64', os.version: '6.11.0-1018-azure', java.version: '17.0.18'\nDriver info: org.openqa.selenium.chrome.ChromeDriver\nCommand: [3e3e4c0a468334ebc9de130d6f6e9320, findElement {value=//label[text()='Status']/following-sibling::div//span, using=xpath}]\nCapabilities {acceptInsecureCerts: true, browserName: chrome, browserVersion: 144.0.7559.109, chrome: {chromedriverVersion: 144.0.7559.109 (6a8d5e49388..., userDataDir: /tmp/org.chromium.Chromium....}, fedcm:accounts: true, goog:chromeOptions: {debuggerAddress: localhost:40761}, goog:processID: 3785, networkConnectionEnabled: false, pageLoadStrategy: normal, platformName: linux, proxy: Proxy(), se:cdp: ws://localhost:40761/devtoo..., se:cdpVersion: 144.0.7559.109, setWindowRect: true, strictFileInteractability: false, timeouts: {implicit: 0, pageLoad: 300000, script: 30000}, unhandledPromptBehavior: dismiss, webauthn:extension:credBlob: true, webauthn:extension:largeBlob: true, webauthn:extension:minPinLength: true, webauthn:extension:prf: true, webauthn:virtualAuthenticators: true}\nSession ID: 3e3e4c0a468334ebc9de130d6f6e9320\n\tat org.openqa.selenium.remote.codec.w3c.W3CHttpResponseCodec.decode(W3CHttpResponseCodec.java:136)\n\tat org.openqa.selenium.remote.codec.w3c.W3CHttpResponseCodec.decode(W3CHttpResponseCodec.java:50)\n\tat org.openqa.selenium.remote.HttpCommandExecutor.execute(HttpCommandExecutor.java:215)\n\tat org.openqa.selenium.remote.service.DriverCommandExecutor.invokeExecute(DriverCommandExecutor.java:216)\n\tat org.openqa.selenium.remote.service.DriverCommandExecutor.execute(DriverCommandExecutor.java:174)\n\tat org.openqa.selenium.remote.RemoteWebDriver.execute(RemoteWebDriver.java:557)\n\tat org.openqa.selenium.remote.ElementLocation$ElementFinder$2.findElement(ElementLocation.java:165)\n\tat org.openqa.selenium.remote.ElementLocation.findElement(ElementLocation.java:59)\n\tat org.openqa.selenium.remote.RemoteWebDriver.findElement(RemoteWebDriver.java:380)\n\tat org.openqa.selenium.remote.RemoteWebDriver.findElement(RemoteWebDriver.java:374)\n\tat com.codeborne.selenide.impl.WebElementSelector.findElement(WebElementSelector.java:67)\n\tat com.codeborne.selenide.impl.WebElementSelector.findElement(WebElementSelector.java:38)\n\tat com.codeborne.selenide.impl.WebElementSelector.findElement(WebElementSelector.java:29)\n\tat com.codeborne.selenide.impl.ElementFinder.getWebElement(ElementFinder.java:113)\n\tat com.codeborne.selenide.impl.WebElementSource.checkConditionAndReturnElement(WebElementSource.java:112)\n\tat com.codeborne.selenide.impl.WebElementSource.findAndAssertElementIsClickable(WebElementSource.java:169)\n\tat com.codeborne.selenide.commands.Click.findElement(Click.java:53)\n\tat com.codeborne.selenide.commands.Click.execute(Click.java:39)\n\tat com.codeborne.selenide.FluentCommand.execute(FluentCommand.java:27)\n\tat com.codeborne.selenide.FluentCommand.execute(FluentCommand.java:19)\n\tat com.codeborne.selenide.commands.Commands.execute(Commands.java:160)\n\tat com.codeborne.selenide.impl.SelenideElementProxy.dispatchAndRetry(SelenideElementProxy.java:131)\n\tat com.codeborne.selenide.impl.SelenideElementProxy.invoke(SelenideElementProxy.java:83)\n\t... 38 more\n","steps":[{"name":"$(\"input[name='title']\") set value(Test Case 3)","time":{"start":1770744692592,"stop":1770744692832,"duration":240},"status":"passed","steps":[],"attachments":[],"parameters":[],"stepsCount":0,"shouldDisplayMessage":false,"attachmentsCount":0,"hasContent":false,"attachmentStep":false},{"name":"$(\"By.xpath: (//*[text()='Description']/following-sibling::*//p)[last()]\") set value(Description)","time":{"start":1770744692839,"stop":1770744693130,"duration":291},"status":"passed","steps":[],"attachments":[],"parameters":[],"stepsCount":0,"shouldDisplayMessage":false,"attachmentsCount":0,"hasContent":false,"attachmentStep":false},{"name":"$(\"By.xpath: //label[text()='Status']/following-sibling::div//span\") click()","time":{"start":1770744693130,"stop":1770744693572,"duration":442},"status":"failed","statusMessage":"UnhandledAlertException: unexpected alert open: {Alert text : Are you sure you want to leave?}\nScreenshot: file:/home/runner/work/QASE/QASE/build/reports/tests/1770744693146.0.png\nPage source: file:/home/runner/work/QASE/QASE/build/reports/tests/1770744693146.0.html\nTimeout: 15 s.\nCaused by: UnhandledAlertException: unexpected alert open: {Alert text : Are you sure you want to leave?}","statusTrace":"UnhandledAlertException: unexpected alert open: {Alert text : Are you sure you want to leave?}\nScreenshot: file:/home/runner/work/QASE/QASE/build/reports/tests/1770744693146.0.png\nPage source: file:/home/runner/work/QASE/QASE/build/reports/tests/1770744693146.0.html\nTimeout: 15 s.\nCaused by: UnhandledAlertException: unexpected alert open: {Alert text : Are you sure you want to leave?}\n\tat com.codeborne.selenide.ex.UIAssertionError.wrapToUIAssertionError(UIAssertionError.java:122)\n\tat com.codeborne.selenide.ex.UIAssertionError.wrapThrowable(UIAssertionError.java:104)\n\tat com.codeborne.selenide.ex.UIAssertionError.wrap(UIAssertionError.java:99)\n\tat com.codeborne.selenide.impl.SelenideElementProxy.invoke(SelenideElementProxy.java:93)\n\tat jdk.proxy2/jdk.proxy2.$Proxy45.click(Unknown Source)\n\tat wrappers.DropDown.selectFromCustomDropdown(DropDown.java:20)\n\tat pages.CaseCreatePage.fillCreateCaseForm(CaseCreatePage.java:40)\n\tat steps.UiSteps.createCase(UiSteps.java:66)\n\tat tests.ui.CaseTest.testCaseShouldHasCorrectSpecs(CaseTest.java:73)\n\tat java.base/jdk.internal.reflect.NativeMethodAccessorImpl.invoke0(Native Method)\n\tat java.base/jdk.internal.reflect.NativeMethodAccessorImpl.invoke(NativeMethodAccessorImpl.java:77)\n\tat java.base/jdk.internal.reflect.DelegatingMethodAccessorImpl.invoke(DelegatingMethodAccessorImpl.java:43)\n\tat java.base/java.lang.reflect.Method.invoke(Method.java:569)\n\tat org.testng.internal.invokers.MethodInvocationHelper.invokeMethod(MethodInvocationHelper.java:141)\n\tat org.testng.internal.invokers.TestInvoker.invokeMethod(TestInvoker.java:686)\n\tat org.testng.internal.invokers.TestInvoker.invokeTestMethod(TestInvoker.java:230)\n\tat org.testng.internal.invokers.MethodRunner.runInSequence(MethodRunner.java:63)\n\tat org.testng.internal.invokers.TestInvoker$MethodInvocationAgent.invoke(TestInvoker.java:992)\n\tat org.testng.internal.invokers.TestInvoker.invokeTestMethods(TestInvoker.java:203)\n\tat org.testng.internal.invokers.TestMethodWorker.invokeTestMethods(TestMethodWorker.java:154)\n\tat org.testng.internal.invokers.TestMethodWorker.run(TestMethodWorker.java:134)\n\tat java.base/java.util.ArrayList.forEach(ArrayList.java:1511)\n\tat org.testng.TestRunner.privateRun(TestRunner.java:739)\n\tat org.testng.TestRunner.run(TestRunner.java:614)\n\tat org.testng.SuiteRunner.runTest(SuiteRunner.java:421)\n\tat org.testng.SuiteRunner.runSequentially(SuiteRunner.java:413)\n\tat org.testng.SuiteRunner.privateRun(SuiteRunner.java:373)\n\tat org.testng.SuiteRunner.run(SuiteRunner.java:312)\n\tat org.testng.SuiteRunnerWorker.runSuite(SuiteRunnerWorker.java:52)\n\tat org.testng.SuiteRunnerWorker.run(SuiteRunnerWorker.java:95)\n\tat org.testng.TestNG.runSuitesSequentially(TestNG.java:1274)\n\tat org.testng.TestNG.runSuitesLocally(TestNG.java:1208)\n\tat org.testng.TestNG.runSuites(TestNG.java:1112)\n\tat org.testng.TestNG.run(TestNG.java:1079)\n\tat org.apache.maven.surefire.testng.TestNGExecutor.run(TestNGExecutor.java:155)\n\tat org.apache.maven.surefire.testng.TestNGDirectoryTestSuite.executeMulti(TestNGDirectoryTestSuite.java:169)\n\tat org.apache.maven.surefire.testng.TestNGDirectoryTestSuite.execute(TestNGDirectoryTestSuite.java:88)\n\tat org.apache.maven.surefire.testng.TestNGProvider.invoke(TestNGProvider.java:137)\n\tat org.apache.maven.surefire.booter.ForkedBooter.runSuitesInProcess(ForkedBooter.java:385)\n\tat org.apache.maven.surefire.booter.ForkedBooter.execute(ForkedBooter.java:162)\n\tat org.apache.maven.surefire.booter.ForkedBooter.run(ForkedBooter.java:507)\n\tat org.apache.maven.surefire.booter.ForkedBooter.main(ForkedBooter.java:495)\nCaused by: org.openqa.selenium.UnhandledAlertException: unexpected alert open: {Alert text : Are you sure you want to leave?}\n  (Session info: chrome=144.0.7559.109): Are you sure you want to leave?\nBuild info: version: '4.35.0', revision: '1c58e5028b'\nSystem info: os.name: 'Linux', os.arch: 'amd64', os.version: '6.11.0-1018-azure', java.version: '17.0.18'\nDriver info: org.openqa.selenium.chrome.ChromeDriver\nCommand: [3e3e4c0a468334ebc9de130d6f6e9320, findElement {value=//label[text()='Status']/following-sibling::div//span, using=xpath}]\nCapabilities {acceptInsecureCerts: true, browserName: chrome, browserVersion: 144.0.7559.109, chrome: {chromedriverVersion: 144.0.7559.109 (6a8d5e49388..., userDataDir: /tmp/org.chromium.Chromium....}, fedcm:accounts: true, goog:chromeOptions: {debuggerAddress: localhost:40761}, goog:processID: 3785, networkConnectionEnabled: false, pageLoadStrategy: normal, platformName: linux, proxy: Proxy(), se:cdp: ws://localhost:40761/devtoo..., se:cdpVersion: 144.0.7559.109, setWindowRect: true, strictFileInteractability: false, timeouts: {implicit: 0, pageLoad: 300000, script: 30000}, unhandledPromptBehavior: dismiss, webauthn:extension:credBlob: true, webauthn:extension:largeBlob: true, webauthn:extension:minPinLength: true, webauthn:extension:prf: true, webauthn:virtualAuthenticators: true}\nSession ID: 3e3e4c0a468334ebc9de130d6f6e9320\n\tat org.openqa.selenium.remote.codec.w3c.W3CHttpResponseCodec.decode(W3CHttpResponseCodec.java:136)\n\tat org.openqa.selenium.remote.codec.w3c.W3CHttpResponseCodec.decode(W3CHttpResponseCodec.java:50)\n\tat org.openqa.selenium.remote.HttpCommandExecutor.execute(HttpCommandExecutor.java:215)\n\tat org.openqa.selenium.remote.service.DriverCommandExecutor.invokeExecute(DriverCommandExecutor.java:216)\n\tat org.openqa.selenium.remote.service.DriverCommandExecutor.execute(DriverCommandExecutor.java:174)\n\tat org.openqa.selenium.remote.RemoteWebDriver.execute(RemoteWebDriver.java:557)\n\tat org.openqa.selenium.remote.ElementLocation$ElementFinder$2.findElement(ElementLocation.java:165)\n\tat org.openqa.selenium.remote.ElementLocation.findElement(ElementLocation.java:59)\n\tat org.openqa.selenium.remote.RemoteWebDriver.findElement(RemoteWebDriver.java:380)\n\tat org.openqa.selenium.remote.RemoteWebDriver.findElement(RemoteWebDriver.java:374)\n\tat com.codeborne.selenide.impl.WebElementSelector.findElement(WebElementSelector.java:67)\n\tat com.codeborne.selenide.impl.WebElementSelector.findElement(WebElementSelector.java:38)\n\tat com.codeborne.selenide.impl.WebElementSelector.findElement(WebElementSelector.java:29)\n\tat com.codeborne.selenide.impl.ElementFinder.getWebElement(ElementFinder.java:113)\n\tat com.codeborne.selenide.impl.WebElementSource.checkConditionAndReturnElement(WebElementSource.java:112)\n\tat com.codeborne.selenide.impl.WebElementSource.findAndAssertElementIsClickable(WebElementSource.java:169)\n\tat com.codeborne.selenide.commands.Click.findElement(Click.java:53)\n\tat com.codeborne.selenide.commands.Click.execute(Click.java:39)\n\tat com.codeborne.selenide.FluentCommand.execute(FluentCommand.java:27)\n\tat com.codeborne.selenide.FluentCommand.execute(FluentCommand.java:19)\n\tat com.codeborne.selenide.commands.Commands.execute(Commands.java:160)\n\tat com.codeborne.selenide.impl.SelenideElementProxy.dispatchAndRetry(SelenideElementProxy.java:131)\n\tat com.codeborne.selenide.impl.SelenideElementProxy.invoke(SelenideElementProxy.java:83)\n\t... 38 more\n","steps":[],"attachments":[{"uid":"449f682671c5ceb5","name":"Screenshot","source":"449f682671c5ceb5.png","type":"image/png","size":105161},{"uid":"991d8fb7cbc63a58","name":"Page source","source":"991d8fb7cbc63a58.html","type":"text/html","size":99591}],"parameters":[],"stepsCount":0,"shouldDisplayMessage":true,"attachmentsCount":2,"hasContent":true,"attachmentStep":false}],"attachments":[],"parameters":[{"name":"testCase","value":"QaseTestCaseDto(title=Test Case 3, status=Deprecated, description=Description, suite=null, severity=Trivial, priority=Low, type=Smoke, layer=null, isFlaky=false, behavior=Destructive, automationStatus=Manual, preconditions=null, postconditions=null, tags=null, attachments=null, steps=null)"}],"stepsCount":3,"shouldDisplayMessage":false,"attachmentsCount":2,"hasContent":true,"attachmentStep":false}],"attachments":[],"parameters":[{"name":"testCase","value":"QaseTestCaseDto(title=Test Case 3, status=Deprecated, description=Description, suite=null, severity=Trivial, priority=Low, type=Smoke, layer=null, isFlaky=false, behavior=Destructive, automationStatus=Manual, preconditions=null, postconditions=null, tags=null, attachments=null, steps=null)"}],"stepsCount":9,"shouldDisplayMessage":false,"attachmentsCount":2,"hasContent":true,"attachmentStep":false}],"attachments":[],"parameters":[],"stepsCount":40,"shouldDisplayMessage":false,"attachmentsCount":2,"hasContent":true,"attachmentStep":false},"afterStages":[{"name":"Browser teardown","time":{"start":1770744693579,"stop":1770744694145,"duration":566},"description":"Browser teardown","status":"passed","steps":[{"name":"$(\"webdriver\") close()","time":{"start":1770744693701,"stop":1770744693793,"duration":92},"status":"passed","steps":[],"attachments":[],"parameters":[],"stepsCount":0,"shouldDisplayMessage":false,"attachmentsCount":0,"hasContent":false,"attachmentStep":false},{"name":"Удаление всех проектов","time":{"start":1770744693793,"stop":1770744694145,"duration":352},"status":"passed","steps":[{"name":"Получение списка всех проектов","time":{"start":1770744693793,"stop":1770744693958,"duration":165},"status":"passed","steps":[{"name":"GET /project?limit=10&offset=0 (raw)","time":{"start":1770744693793,"stop":1770744693950,"duration":157},"status":"passed","steps":[],"attachments":[{"uid":"37040668e6f8af3c","name":"Request","source":"37040668e6f8af3c.html","type":"text/html","size":537},{"uid":"d8a190b0d38c7b09","name":"HTTP/1.1 200 OK","source":"d8a190b0d38c7b09.html","type":"text/html","size":1292}],"parameters":[{"name":"limit","value":"10"},{"name":"offset","value":"0"}],"stepsCount":0,"shouldDisplayMessage":false,"attachmentsCount":2,"hasContent":true,"attachmentStep":false}],"attachments":[],"parameters":[],"stepsCount":1,"shouldDisplayMessage":false,"attachmentsCount":2,"hasContent":true,"attachmentStep":false},{"name":"Удаление проекта TMS","time":{"start":1770744693958,"stop":1770744694145,"duration":187},"status":"passed","steps":[{"name":"DELETE /project/TMS (raw)","time":{"start":1770744693958,"stop":1770744694145,"duration":187},"status":"passed","steps":[],"attachments":[{"uid":"72320b720d44db29","name":"Request","source":"72320b720d44db29.html","type":"text/html","size":507},{"uid":"d07b2c773b0cdae","name":"HTTP/1.1 200 OK","source":"d07b2c773b0cdae.html","type":"text/html","size":495}],"parameters":[{"name":"code","value":"TMS"}],"stepsCount":0,"shouldDisplayMessage":false,"attachmentsCount":2,"hasContent":true,"attachmentStep":false}],"attachments":[],"parameters":[{"name":"code","value":"TMS"}],"stepsCount":1,"shouldDisplayMessage":false,"attachmentsCount":2,"hasContent":true,"attachmentStep":false}],"attachments":[],"parameters":[],"stepsCount":4,"shouldDisplayMessage":false,"attachmentsCount":4,"hasContent":true,"attachmentStep":false}],"attachments":[{"uid":"157d140679020855","name":"Screenshot on failure","source":"157d140679020855.png","type":"image/png","size":104253}],"parameters":[],"stepsCount":6,"shouldDisplayMessage":false,"attachmentsCount":5,"hasContent":true,"attachmentStep":false}],"labels":[{"name":"package","value":"tests.ui.CaseTest"},{"name":"testClass","value":"tests.ui.CaseTest"},{"name":"testMethod","value":"testCaseShouldHasCorrectSpecs"},{"name":"parentSuite","value":"Surefire suite"},{"name":"suite","value":"Surefire test"},{"name":"subSuite","value":"tests.ui.CaseTest"},{"name":"host","value":"runnervmwffz4"},{"name":"thread","value":"2709@runnervmwffz4.main(1)"},{"name":"framework","value":"testng"},{"name":"language","value":"java"},{"name":"epic","value":"UI Tests"},{"name":"resultFormat","value":"allure2"}],"parameters":[{"name":"arg0","value":"QaseTestCaseDto(title=Test Case 3, status=Deprecated, description=Description, suite=null, severity=Trivial, priority=Low, type=Smoke, layer=null, isFlaky=false, behavior=Destructive, automationStatus=Manual, preconditions=null, postconditions=null, tags=null, attachments=null, steps=null)"}],"links":[],"hidden":false,"retry":false,"extra":{"severity":"normal","retries":[],"categories":[{"name":"Product defects","matchedStatuses":[],"flaky":false}],"history":{"statistic":{"failed":21,"broken":2,"skipped":0,"passed":27,"unknown":0,"total":50},"items":[{"uid":"dfdc09a41adab8ff","reportUrl":"https://VikaAQA.github.io/QASE/103/#testresult/dfdc09a41adab8ff","status":"passed","time":{"start":1770744081781,"stop":1770744113494,"duration":31713}},{"uid":"527c41a754dc8e05","reportUrl":"https://VikaAQA.github.io/QASE/102/#testresult/527c41a754dc8e05","status":"passed","time":{"start":1770742353496,"stop":1770742389759,"duration":36263}},{"uid":"dd1d221dc7df4475","reportUrl":"https://VikaAQA.github.io/QASE/101/#testresult/dd1d221dc7df4475","status":"passed","time":{"start":1770740035575,"stop":1770740063003,"duration":27428}},{"uid":"90f7cbf23742cb6","reportUrl":"https://VikaAQA.github.io/QASE/100/#testresult/90f7cbf23742cb6","status":"passed","time":{"start":1770737996341,"stop":1770738029912,"duration":33571}},{"uid":"f83108992a0de0c9","reportUrl":"https://VikaAQA.github.io/QASE/99/#testresult/f83108992a0de0c9","status":"passed","time":{"start":1770735204288,"stop":1770735231666,"duration":27378}},{"uid":"c58cd3b8a7129d09","reportUrl":"https://VikaAQA.github.io/QASE/98/#testresult/c58cd3b8a7129d09","status":"passed","time":{"start":1770728958465,"stop":1770728989078,"duration":30613}},{"uid":"81cee09741196b5e","reportUrl":"https://VikaAQA.github.io/QASE/97/#testresult/81cee09741196b5e","status":"passed","time":{"start":1770728331321,"stop":1770728360981,"duration":29660}},{"uid":"a46cfd23e95f2efd","reportUrl":"https://VikaAQA.github.io/QASE/96/#testresult/a46cfd23e95f2efd","status":"failed","statusDetails":"UnhandledAlertException: unexpected alert open: {Alert text : Are you sure you want to leave?}\nScreenshot: file:/home/runner/work/QASE/QASE/build/reports/tests/1770727684115.1.png\nPage source: file:/home/runner/work/QASE/QASE/build/reports/tests/1770727684115.1.html\nTimeout: 20 s.\nCaused by: UnhandledAlertException: unexpected alert open: {Alert text : Are you sure you want to leave?}","time":{"start":1770727670041,"stop":1770727684423,"duration":14382}},{"uid":"cd7aca42e8e29bcb","reportUrl":"https://VikaAQA.github.io/QASE/95/#testresult/cd7aca42e8e29bcb","status":"passed","time":{"start":1770712316294,"stop":1770712346353,"duration":30059}},{"uid":"2d303f396a07b8c","reportUrl":"https://VikaAQA.github.io/QASE/94/#testresult/2d303f396a07b8c","status":"passed","time":{"start":1770711832290,"stop":1770711861628,"duration":29338}},{"uid":"d8476bb6526b5852","reportUrl":"https://VikaAQA.github.io/QASE/93/#testresult/d8476bb6526b5852","status":"failed","statusDetails":"UnhandledAlertException: unexpected alert open: {Alert text : Are you sure you want to leave?}\nScreenshot: file:/home/runner/work/QASE/QASE/build/reports/tests/1770707239281.0.png\nPage source: file:/home/runner/work/QASE/QASE/build/reports/tests/1770707239281.0.html\nTimeout: 20 s.\nCaused by: UnhandledAlertException: unexpected alert open: {Alert text : Are you sure you want to leave?}","time":{"start":1770707225030,"stop":1770707239644,"duration":14614}},{"uid":"20a0e397c3b46c32","reportUrl":"https://VikaAQA.github.io/QASE/92/#testresult/20a0e397c3b46c32","status":"failed","statusDetails":"UnhandledAlertException: unexpected alert open: {Alert text : Are you sure you want to leave?}\nScreenshot: file:/home/runner/work/QASE/QASE/build/reports/tests/1770706731027.0.png\nPage source: file:/home/runner/work/QASE/QASE/build/reports/tests/1770706731027.0.html\nTimeout: 15 s.\nCaused by: UnhandledAlertException: unexpected alert open: {Alert text : Are you sure you want to leave?}","time":{"start":1770706716557,"stop":1770706731366,"duration":14809}},{"uid":"e06d40595e7574a2","reportUrl":"https://VikaAQA.github.io/QASE/91/#testresult/e06d40595e7574a2","status":"passed","time":{"start":1770705940158,"stop":1770705970300,"duration":30142}},{"uid":"823cdd15bee2e0f0","reportUrl":"https://VikaAQA.github.io/QASE/90/#testresult/823cdd15bee2e0f0","status":"passed","time":{"start":1770403081370,"stop":1770403107795,"duration":26425}},{"uid":"1f87c8d3cdf51903","reportUrl":"https://VikaAQA.github.io/QASE/89/#testresult/1f87c8d3cdf51903","status":"passed","time":{"start":1770400369286,"stop":1770400399554,"duration":30268}},{"uid":"e6b1fc4724a9005c","reportUrl":"https://VikaAQA.github.io/QASE/88/#testresult/e6b1fc4724a9005c","status":"passed","time":{"start":1770399625521,"stop":1770399654081,"duration":28560}},{"uid":"b1f93be5634c93a9","reportUrl":"https://VikaAQA.github.io/QASE/87/#testresult/b1f93be5634c93a9","status":"passed","time":{"start":1770398912196,"stop":1770398939374,"duration":27178}},{"uid":"bcb59db896091598","reportUrl":"https://VikaAQA.github.io/QASE/86/#testresult/bcb59db896091598","status":"passed","time":{"start":1770397565214,"stop":1770397600795,"duration":35581}},{"uid":"de9cb534527cc5d4","reportUrl":"https://VikaAQA.github.io/QASE/85/#testresult/de9cb534527cc5d4","status":"failed","statusDetails":"Alert not found\nScreenshot: file:/home/runner/work/QASE/QASE/build/reports/tests/1770397011757.3.png\nPage source: file:/home/runner/work/QASE/QASE/build/reports/tests/1770397011757.3.html\nTimeout: 15 s.\nCaused by: TimeoutException: Expected condition failed: waiting for alert to be present (tried for 15 second(s) with 200 milliseconds interval)","time":{"start":1770396981858,"stop":1770397011840,"duration":29982}},{"uid":"2e2080244d4223fd","reportUrl":"https://VikaAQA.github.io/QASE/84/#testresult/2e2080244d4223fd","status":"broken","statusDetails":"unexpected alert open: {Alert text : Are you sure you want to leave?}\n  (Session info: chrome=144.0.7559.96): Are you sure you want to leave?\nBuild info: version: '4.35.0', revision: '1c58e5028b'\nSystem info: os.name: 'Linux', os.arch: 'amd64', os.version: '6.11.0-1018-azure', java.version: '17.0.18'\nDriver info: org.openqa.selenium.chrome.ChromeDriver\nCommand: [0054d5e089e4f7cbb302db423b05cb22, executeScript {script=window.onbeforeunload = null;if (!window.__beforeUnloadBlocked) {  window.__beforeUnloadBlocked = true;  const add = window.addEventListener;  window.addEventListener = function(type, listener, options) {    if (type === 'beforeunload') return;    return add.call(this, type, listener, options);  };}, args=[]}]\nCapabilities {acceptInsecureCerts: true, browserName: chrome, browserVersion: 144.0.7559.96, chrome: {chromedriverVersion: 144.0.7559.96 (d7b80622cfab..., userDataDir: /tmp/org.chromium.Chromium....}, fedcm:accounts: true, goog:chromeOptions: {debuggerAddress: localhost:40035}, goog:processID: 3754, networkConnectionEnabled: false, pageLoadStrategy: normal, platformName: linux, proxy: Proxy(), se:cdp: ws://localhost:40035/devtoo..., se:cdpVersion: 144.0.7559.96, setWindowRect: true, strictFileInteractability: false, timeouts: {implicit: 0, pageLoad: 300000, script: 30000}, unhandledPromptBehavior: dismiss, webauthn:extension:credBlob: true, webauthn:extension:largeBlob: true, webauthn:extension:minPinLength: true, webauthn:extension:prf: true, webauthn:virtualAuthenticators: true}\nSession ID: 0054d5e089e4f7cbb302db423b05cb22","time":{"start":1770395847073,"stop":1770395866653,"duration":19580}}]},"tags":[]},"source":"f53b1f12e1f6cf9a.json","parameterValues":["QaseTestCaseDto(title=Test Case 3, status=Deprecated, description=Description, suite=null, severity=Trivial, priority=Low, type=Smoke, layer=null, isFlaky=false, behavior=Destructive, automationStatus=Manual, preconditions=null, postconditions=null, tags=null, attachments=null, steps=null)"]}