{"uid":"4b4757e66a1912dae1a509f688f20b0f","children":[{"name":"Product defects","children":[{"name":"Element not found {by text: Create new project}\nExpected: visible\nScreenshot: file:/home/runner/work/QASE/QASE/build/reports/tests/1770902651271.0.png\nPage source: file:/home/runner/work/QASE/QASE/build/reports/tests/1770902651271.0.html\nTimeout: 120 s.\nCaused by: NoSuchElementException: no such element: Unable to locate element: {\"method\":\"xpath\",\"selector\":\".//*/text()[normalize-space(translate(string(.), '","children":[{"name":"Создание тест-кейса с разными входными данными","uid":"cac6cfc30e577f7b","parentUid":"dea2a86511206aa5d21987e2c8bbdc89","status":"failed","time":{"start":1770902528604,"stop":1770902651555,"duration":122951},"flaky":false,"newFailed":false,"newPassed":false,"newBroken":false,"retriesCount":0,"retriesStatusChange":false,"parameters":["QaseTestCaseDto(title=Test Case 1, status=Draft, description=Description, suite=null, severity=Blocker, priority=High, type=Functional, layer=null, isFlaky=true, behavior=Positive, automationStatus=Manual, preconditions=null, postconditions=null, tags=null, attachments=null, steps=null)"],"tags":[]}],"uid":"dea2a86511206aa5d21987e2c8bbdc89"},{"name":"Element not found {by text: Create new project}\nExpected: visible\nScreenshot: file:/home/runner/work/QASE/QASE/build/reports/tests/1770902775016.1.png\nPage source: file:/home/runner/work/QASE/QASE/build/reports/tests/1770902775016.1.html\nTimeout: 120 s.\nCaused by: NoSuchElementException: no such element: Unable to locate element: {\"method\":\"xpath\",\"selector\":\".//*/text()[normalize-space(translate(string(.), '","children":[{"name":"Создание тест-кейса с разными входными данными","uid":"b3c9e7d50d7a068","parentUid":"5188740ddc8d13b95798d0b98bb4ebe5","status":"failed","time":{"start":1770902652351,"stop":1770902775279,"duration":122928},"flaky":false,"newFailed":false,"newPassed":false,"newBroken":false,"retriesCount":0,"retriesStatusChange":false,"parameters":["QaseTestCaseDto(title=Test Case 2, status=Actual, description=Description, suite=null, severity=Major, priority=Low, type=Smoke, layer=null, isFlaky=false, behavior=Negative, automationStatus=Automated, preconditions=null, postconditions=null, tags=null, attachments=null, steps=null)"],"tags":[]}],"uid":"5188740ddc8d13b95798d0b98bb4ebe5"},{"name":"Element not found {by text: Create new project}\nExpected: visible\nScreenshot: file:/home/runner/work/QASE/QASE/build/reports/tests/1770902898921.2.png\nPage source: file:/home/runner/work/QASE/QASE/build/reports/tests/1770902898921.2.html\nTimeout: 120 s.\nCaused by: NoSuchElementException: no such element: Unable to locate element: {\"method\":\"xpath\",\"selector\":\".//*/text()[normalize-space(translate(string(.), '","children":[{"name":"Создание тест-кейса с разными входными данными","uid":"c81b7e4b7c1116a6","parentUid":"a23feefcad3a7808b729da412a64a3c4","status":"failed","time":{"start":1770902776077,"stop":1770902899177,"duration":123100},"flaky":false,"newFailed":false,"newPassed":false,"newBroken":false,"retriesCount":0,"retriesStatusChange":false,"parameters":["QaseTestCaseDto(title=Test Case 3, status=Deprecated, description=Description, suite=null, severity=Trivial, priority=Low, type=Smoke, layer=null, isFlaky=false, behavior=Destructive, automationStatus=Manual, preconditions=null, postconditions=null, tags=null, attachments=null, steps=null)"],"tags":[]}],"uid":"a23feefcad3a7808b729da412a64a3c4"},{"name":"Element not found {by text: Create new project}\nExpected: visible\nScreenshot: file:/home/runner/work/QASE/QASE/build/reports/tests/1770903267871.5.png\nPage source: file:/home/runner/work/QASE/QASE/build/reports/tests/1770903267871.5.html\nTimeout: 120 s.\nCaused by: NoSuchElementException: no such element: Unable to locate element: {\"method\":\"xpath\",\"selector\":\".//*/text()[normalize-space(translate(string(.), '","children":[{"name":"Создание проекта и его удаление","uid":"d61cf77f1110bab0","parentUid":"d5ee12964873dc680c3fecbfd3a4db5c","status":"failed","time":{"start":1770903145693,"stop":1770903268122,"duration":122429},"flaky":false,"newFailed":true,"newPassed":false,"newBroken":false,"retriesCount":2,"retriesStatusChange":true,"parameters":[],"tags":[]}],"uid":"d5ee12964873dc680c3fecbfd3a4db5c"},{"name":"Element not found {by text: Create new project}\nExpected: visible\nScreenshot: file:/home/runner/work/QASE/QASE/build/reports/tests/1770903390631.6.png\nPage source: file:/home/runner/work/QASE/QASE/build/reports/tests/1770903390631.6.html\nTimeout: 120 s.\nCaused by: NoSuchElementException: no such element: Unable to locate element: {\"method\":\"xpath\",\"selector\":\".//*/text()[normalize-space(translate(string(.), '","children":[{"name":"Создание проекта без названия: проверка ошибки","uid":"43a594108caf793c","parentUid":"5d320f9909f097af8969706735cca196","status":"failed","time":{"start":1770903268630,"stop":1770903390881,"duration":122251},"flaky":true,"newFailed":true,"newPassed":false,"newBroken":false,"retriesCount":0,"retriesStatusChange":false,"parameters":[],"tags":[]}],"uid":"5d320f9909f097af8969706735cca196"},{"name":"Element not found {by text: Create new project}\nExpected: visible\nScreenshot: file:/home/runner/work/QASE/QASE/build/reports/tests/1770903513345.7.png\nPage source: file:/home/runner/work/QASE/QASE/build/reports/tests/1770903513345.7.html\nTimeout: 120 s.\nCaused by: NoSuchElementException: no such element: Unable to locate element: {\"method\":\"xpath\",\"selector\":\".//*/text()[normalize-space(translate(string(.), '","children":[{"name":"createTestSuite","uid":"1362c42237d724ee","parentUid":"66c688640186d4adbb0a43eac51fd563","status":"failed","time":{"start":1770903391369,"stop":1770903513593,"duration":122224},"flaky":true,"newFailed":true,"newPassed":false,"newBroken":false,"retriesCount":0,"retriesStatusChange":false,"parameters":[],"tags":[]}],"uid":"66c688640186d4adbb0a43eac51fd563"}],"uid":"8fb3a91ba5aaf9de24cc8a92edc82b5d"}],"name":"categories"}