{"uid":"4b4757e66a1912dae1a509f688f20b0f","children":[{"name":"Product defects","children":[{"name":"Element not found {by text: Create new project}\nExpected: visible\nScreenshot: file:/home/runner/work/QASE/QASE/build/reports/tests/1770739999504.0.png\nPage source: file:/home/runner/work/QASE/QASE/build/reports/tests/1770739999504.0.html\nTimeout: 120 s.\nCaused by: NoSuchElementException: no such element: Unable to locate element: {\"method\":\"xpath\",\"selector\":\".//*/text()[normalize-space(translate(string(.), '","children":[{"name":"Создание тест-кейса через UI","uid":"7b24fc7d8c17041f","parentUid":"2c2aa202c0de99d8ad5081f04108c438","status":"failed","time":{"start":1770739870958,"stop":1770739999818,"duration":128860},"flaky":true,"newFailed":true,"newPassed":false,"newBroken":false,"retriesCount":0,"retriesStatusChange":false,"parameters":[],"tags":[]}],"uid":"2c2aa202c0de99d8ad5081f04108c438"},{"name":"UnhandledAlertException: unexpected alert open: {Alert text : Are you sure you want to leave?}\nScreenshot: file:/home/runner/work/QASE/QASE/build/reports/tests/1770740015398.1.png\nPage source: file:/home/runner/work/QASE/QASE/build/reports/tests/1770740015398.1.html\nTimeout: 15 s.\nCaused by: UnhandledAlertException: unexpected alert open: {Alert text : Are you sure you want to leave?}","children":[{"name":"Создание тест-кейса с разными входными данными","uid":"2a6392f9e6501676","parentUid":"ae1dfa843ca7a0f93fc744179c82db1a","status":"failed","time":{"start":1770740000504,"stop":1770740015748,"duration":15244},"flaky":true,"newFailed":true,"newPassed":false,"newBroken":false,"retriesCount":0,"retriesStatusChange":false,"parameters":["QaseTestCaseDto(title=Test Case 1, status=Draft, description=Description, suite=null, severity=Blocker, priority=High, type=Functional, layer=null, isFlaky=true, behavior=Positive, automationStatus=Manual, preconditions=null, postconditions=null, tags=null, attachments=null, steps=null)"],"tags":[]}],"uid":"ae1dfa843ca7a0f93fc744179c82db1a"},{"name":"UnhandledAlertException: unexpected alert open: {Alert text : Are you sure you want to leave?}\nScreenshot: file:/home/runner/work/QASE/QASE/build/reports/tests/1770740034604.2.png\nPage source: file:/home/runner/work/QASE/QASE/build/reports/tests/1770740034604.2.html\nTimeout: 15 s.\nCaused by: UnhandledAlertException: unexpected alert open: {Alert text : Are you sure you want to leave?}","children":[{"name":"Создание тест-кейса с разными входными данными","uid":"9469d275d81a764e","parentUid":"6248dee257fea059f70c4fbe632dbac2","status":"failed","time":{"start":1770740016487,"stop":1770740034901,"duration":18414},"flaky":false,"newFailed":false,"newPassed":false,"newBroken":false,"retriesCount":0,"retriesStatusChange":false,"parameters":["QaseTestCaseDto(title=Test Case 2, status=Actual, description=Description, suite=null, severity=Major, priority=Low, type=Smoke, layer=null, isFlaky=false, behavior=Negative, automationStatus=Automated, preconditions=null, postconditions=null, tags=null, attachments=null, steps=null)"],"tags":[]}],"uid":"6248dee257fea059f70c4fbe632dbac2"}],"uid":"8fb3a91ba5aaf9de24cc8a92edc82b5d"}],"name":"categories"}