{"619b5e40d5487c53696599c35a11485a":{"statistic":{"failed":0,"broken":0,"skipped":0,"passed":9,"unknown":0,"total":9},"items":[{"uid":"62eb0195b90a4a26","reportUrl":"https://VikaAQA.github.io/QASE/47/#testresult/62eb0195b90a4a26","status":"passed","time":{"start":1766398289487,"stop":1766398290367,"duration":880}},{"uid":"10c21f8a5e83114e","reportUrl":"https://VikaAQA.github.io/QASE/46/#testresult/10c21f8a5e83114e","status":"passed","time":{"start":1766168313143,"stop":1766168313899,"duration":756}},{"uid":"6b5c72b6e34f17f6","reportUrl":"https://VikaAQA.github.io/QASE/45/#testresult/6b5c72b6e34f17f6","status":"passed","time":{"start":1766150443523,"stop":1766150444208,"duration":685}},{"uid":"23d610944946d2f1","reportUrl":"https://VikaAQA.github.io/QASE/44/#testresult/23d610944946d2f1","status":"passed","time":{"start":1766150175912,"stop":1766150176666,"duration":754}},{"uid":"121fefd259300992","reportUrl":"https://VikaAQA.github.io/QASE/43/#testresult/121fefd259300992","status":"passed","time":{"start":1766149804460,"stop":1766149805221,"duration":761}},{"uid":"19f56a0566109fda","reportUrl":"https://VikaAQA.github.io/QASE/42/#testresult/19f56a0566109fda","status":"passed","time":{"start":1766149437609,"stop":1766149438667,"duration":1058}},{"uid":"f5c1a345f1e63562","reportUrl":"https://VikaAQA.github.io/QASE/41/#testresult/f5c1a345f1e63562","status":"passed","time":{"start":1766148911416,"stop":1766148912684,"duration":1268}},{"uid":"acf290a73c990748","reportUrl":"https://VikaAQA.github.io/QASE/40/#testresult/acf290a73c990748","status":"passed","time":{"start":1766146608415,"stop":1766146609439,"duration":1024}},{"uid":"ad49d1ea97df6d58","reportUrl":"https://VikaAQA.github.io/QASE/39/#testresult/ad49d1ea97df6d58","status":"passed","time":{"start":1766146066762,"stop":1766146067855,"duration":1093}}]},"1671c5b5be295dce75e350b53f7d8ff9":{"statistic":{"failed":0,"broken":4,"skipped":0,"passed":0,"unknown":0,"total":4},"items":[{"uid":"753464ff8972a825","reportUrl":"https://VikaAQA.github.io/QASE/47/#testresult/753464ff8972a825","status":"broken","statusDetails":"\nCannot inject @Test annotated Method [testCaseShouldHasCorrectSpecs] with [class dto.TestCase].\nFor more information on native dependency injection please refer to https://testng.org/#_dependency_injection","time":{"start":1766398312818,"stop":1766398312819,"duration":1}},{"uid":"632653e550ae15cd","reportUrl":"https://VikaAQA.github.io/QASE/46/#testresult/632653e550ae15cd","status":"broken","statusDetails":"\nCannot inject @Test annotated Method [testCaseShouldHasCorrectSpecs] with [class dto.TestCase].\nFor more information on native dependency injection please refer to https://testng.org/#_dependency_injection","time":{"start":1766168336125,"stop":1766168336126,"duration":1}},{"uid":"c5b99aa7d7bda081","reportUrl":"https://VikaAQA.github.io/QASE/45/#testresult/c5b99aa7d7bda081","status":"broken","statusDetails":"\nCannot inject @Test annotated Method [testCaseShouldHasCorrectSpecs] with [class dto.TestCase].\nFor more information on native dependency injection please refer to https://testng.org/#_dependency_injection","time":{"start":1766150472269,"stop":1766150472270,"duration":1}},{"uid":"49bf7a408ba85b1f","reportUrl":"https://VikaAQA.github.io/QASE/44/#testresult/49bf7a408ba85b1f","status":"broken","statusDetails":"\nCannot inject @Test annotated Method [testCaseShouldHasCorrectSpecs] with [class dto.TestCase].\nFor more information on native dependency injection please refer to https://testng.org/#_dependency_injection","time":{"start":1766150192482,"stop":1766150192486,"duration":4}}]},"ca23b77e2ff480a9fbd74b55d38a0be5":{"statistic":{"failed":1,"broken":2,"skipped":0,"passed":6,"unknown":0,"total":9},"items":[{"uid":"9ded23c11c3a1d81","reportUrl":"https://VikaAQA.github.io/QASE/47/#testresult/9ded23c11c3a1d81","status":"passed","time":{"start":1766398322808,"stop":1766398327254,"duration":4446}},{"uid":"cfc4f896746be141","reportUrl":"https://VikaAQA.github.io/QASE/46/#testresult/cfc4f896746be141","status":"passed","time":{"start":1766168345326,"stop":1766168349617,"duration":4291}},{"uid":"7a6d326319f66b56","reportUrl":"https://VikaAQA.github.io/QASE/45/#testresult/7a6d326319f66b56","status":"passed","time":{"start":1766150484257,"stop":1766150488498,"duration":4241}},{"uid":"7420ae227632faf5","reportUrl":"https://VikaAQA.github.io/QASE/44/#testresult/7420ae227632faf5","status":"passed","time":{"start":1766150201942,"stop":1766150206538,"duration":4596}},{"uid":"d50d6e17d7644856","reportUrl":"https://VikaAQA.github.io/QASE/43/#testresult/d50d6e17d7644856","status":"failed","statusDetails":"Element not found {by text: Create new project}\nExpected: visible\nScreenshot: file:/home/runner/work/QASE/QASE/build/reports/tests/1766149971996.1.png\nPage source: file:/home/runner/work/QASE/QASE/build/reports/tests/1766149971996.1.html\nTimeout: 90 s.\nCaused by: NoSuchElementException: no such element: Unable to locate element: {\"method\":\"xpath\",\"selector\":\".//*/text()[normalize-space(translate(string(.), '","time":{"start":1766149879828,"stop":1766149972245,"duration":92417}},{"uid":"cb47516f15bedc97","reportUrl":"https://VikaAQA.github.io/QASE/42/#testresult/cb47516f15bedc97","status":"broken","statusDetails":"Could not start a new session. Response code 500. Message: session not created: Chrome instance exited. Examine ChromeDriver verbose log to determine the cause. \nHost info: host: 'runnervmh13bl', ip: '10.1.0.244'\nBuild info: version: '4.35.0', revision: '1c58e5028b'\nSystem info: os.name: 'Linux', os.arch: 'amd64', os.version: '6.11.0-1018-azure', java.version: '17.0.17'\nDriver info: org.openqa.selenium.chrome.ChromeDriver\nCommand: [null, newSession {capabilities=[Capabilities {acceptInsecureCerts: true, browserName: chrome, goog:chromeOptions: {args: [--proxy-bypass-list=<-loopb..., --disable-dev-shm-usage, --disable-search-engine-cho..., --unsafely-disable-devtools..., --window-size=1920,1080], binary: /usr/bin/google-chrome, excludeSwitches: [enable-automation, load-extension], extensions: [], prefs: {autofill.credit_card_enabled: false, autofill.profile_enabled: false, credentials_enable_service: false, download.default_directory: /home/runner/work/QASE/QASE..., plugins.always_open_pdf_externally: true, profile.default_content_setting_values.automatic_downloads: 1, profile.password_manager_enabled: false, profile.password_manager_leak_detection: false, safebrowsing.enabled: true}}, pageLoadStrategy: normal, unhandledPromptBehavior: accept}]}]\nselenide.url: https://app.qase.io/login\nselenide.baseUrl: https://app.qase.io","time":{"start":1766149445350,"stop":1766149445554,"duration":204}},{"uid":"8b870e8091c02176","reportUrl":"https://VikaAQA.github.io/QASE/41/#testresult/8b870e8091c02176","status":"broken","statusDetails":"Could not start a new session. Response code 500. Message: session not created: Chrome instance exited. Examine ChromeDriver verbose log to determine the cause. \nHost info: host: 'runnervmh13bl', ip: '10.1.0.111'\nBuild info: version: '4.35.0', revision: '1c58e5028b'\nSystem info: os.name: 'Linux', os.arch: 'amd64', os.version: '6.11.0-1018-azure', java.version: '17.0.17'\nDriver info: org.openqa.selenium.chrome.ChromeDriver\nCommand: [null, newSession {capabilities=[Capabilities {acceptInsecureCerts: true, browserName: chrome, goog:chromeOptions: {args: [--proxy-bypass-list=<-loopb..., --disable-dev-shm-usage, --disable-search-engine-cho..., --unsafely-disable-devtools..., --window-size=1920,1080], binary: /usr/bin/google-chrome, excludeSwitches: [enable-automation, load-extension], extensions: [], prefs: {autofill.credit_card_enabled: false, autofill.profile_enabled: false, credentials_enable_service: false, download.default_directory: /home/runner/work/QASE/QASE..., plugins.always_open_pdf_externally: true, profile.default_content_setting_values.automatic_downloads: 1, profile.password_manager_enabled: false, profile.password_manager_leak_detection: false, safebrowsing.enabled: true}}, pageLoadStrategy: normal, unhandledPromptBehavior: accept}]}]\nselenide.url: https://app.qase.io/login\nselenide.baseUrl: https://app.qase.io","time":{"start":1766148921229,"stop":1766148921428,"duration":199}},{"uid":"3d1a5ad2b74c6a48","reportUrl":"https://VikaAQA.github.io/QASE/40/#testresult/3d1a5ad2b74c6a48","status":"passed","time":{"start":1766146749545,"stop":1766146754282,"duration":4737}},{"uid":"8438d3f1aa116db8","reportUrl":"https://VikaAQA.github.io/QASE/39/#testresult/8438d3f1aa116db8","status":"passed","time":{"start":1766146234443,"stop":1766146239552,"duration":5109}}]},"7bcb978afb13dc605db21bd00bde0cfa":{"statistic":{"failed":1,"broken":2,"skipped":0,"passed":2,"unknown":0,"total":5},"items":[{"uid":"e0e1570b05a3790a","reportUrl":"https://VikaAQA.github.io/QASE/43/#testresult/e0e1570b05a3790a","status":"passed","time":{"start":1766149850883,"stop":1766149863040,"duration":12157}},{"uid":"58e274c8cf06a68","reportUrl":"https://VikaAQA.github.io/QASE/42/#testresult/58e274c8cf06a68","status":"broken","statusDetails":"Could not start a new session. Response code 500. Message: session not created: Chrome instance exited. Examine ChromeDriver verbose log to determine the cause. \nHost info: host: 'runnervmh13bl', ip: '10.1.0.244'\nBuild info: version: '4.35.0', revision: '1c58e5028b'\nSystem info: os.name: 'Linux', os.arch: 'amd64', os.version: '6.11.0-1018-azure', java.version: '17.0.17'\nDriver info: org.openqa.selenium.chrome.ChromeDriver\nCommand: [null, newSession {capabilities=[Capabilities {acceptInsecureCerts: true, browserName: chrome, goog:chromeOptions: {args: [--proxy-bypass-list=<-loopb..., --disable-dev-shm-usage, --disable-search-engine-cho..., --unsafely-disable-devtools..., --window-size=1920,1080], binary: /usr/bin/google-chrome, excludeSwitches: [enable-automation, load-extension], extensions: [], prefs: {autofill.credit_card_enabled: false, autofill.profile_enabled: false, credentials_enable_service: false, download.default_directory: /home/runner/work/QASE/QASE..., plugins.always_open_pdf_externally: true, profile.default_content_setting_values.automatic_downloads: 1, profile.password_manager_enabled: false, profile.password_manager_leak_detection: false, safebrowsing.enabled: true}}, pageLoadStrategy: normal, unhandledPromptBehavior: accept}]}]\nselenide.url: https://app.qase.io/login\nselenide.baseUrl: https://app.qase.io","time":{"start":1766149442941,"stop":1766149443143,"duration":202}},{"uid":"381968bc431abc91","reportUrl":"https://VikaAQA.github.io/QASE/41/#testresult/381968bc431abc91","status":"broken","statusDetails":"Could not start a new session. Response code 500. Message: session not created: Chrome instance exited. Examine ChromeDriver verbose log to determine the cause. \nHost info: host: 'runnervmh13bl', ip: '10.1.0.111'\nBuild info: version: '4.35.0', revision: '1c58e5028b'\nSystem info: os.name: 'Linux', os.arch: 'amd64', os.version: '6.11.0-1018-azure', java.version: '17.0.17'\nDriver info: org.openqa.selenium.chrome.ChromeDriver\nCommand: [null, newSession {capabilities=[Capabilities {acceptInsecureCerts: true, browserName: chrome, goog:chromeOptions: {args: [--proxy-bypass-list=<-loopb..., --disable-dev-shm-usage, --disable-search-engine-cho..., --unsafely-disable-devtools..., --window-size=1920,1080], binary: /usr/bin/google-chrome, excludeSwitches: [enable-automation, load-extension], extensions: [], prefs: {autofill.credit_card_enabled: false, autofill.profile_enabled: false, credentials_enable_service: false, download.default_directory: /home/runner/work/QASE/QASE..., plugins.always_open_pdf_externally: true, profile.default_content_setting_values.automatic_downloads: 1, profile.password_manager_enabled: false, profile.password_manager_leak_detection: false, safebrowsing.enabled: true}}, pageLoadStrategy: normal, unhandledPromptBehavior: accept}]}]\nselenide.url: https://app.qase.io/login\nselenide.baseUrl: https://app.qase.io","time":{"start":1766148918486,"stop":1766148918689,"duration":203}},{"uid":"bd19e80811533b5e","reportUrl":"https://VikaAQA.github.io/QASE/40/#testresult/bd19e80811533b5e","status":"failed","statusDetails":"UnhandledAlertException: unexpected alert open: {Alert text : Are you sure you want to leave?}\nScreenshot: file:/home/runner/work/QASE/QASE/build/reports/tests/1766146728501.2.png\nPage source: file:/home/runner/work/QASE/QASE/build/reports/tests/1766146728501.2.html\nTimeout: 30 s.\nCaused by: UnhandledAlertException: unexpected alert open: {Alert text : Are you sure you want to leave?}","time":{"start":1766146719630,"stop":1766146730779,"duration":11149}},{"uid":"18942e768c2b94d1","reportUrl":"https://VikaAQA.github.io/QASE/39/#testresult/18942e768c2b94d1","status":"passed","time":{"start":1766146157173,"stop":1766146169408,"duration":12235}}]},"c679952f4fbae0a19dfc811f07276b70":{"statistic":{"failed":0,"broken":2,"skipped":0,"passed":7,"unknown":0,"total":9},"items":[{"uid":"1796ffc93746eda7","reportUrl":"https://VikaAQA.github.io/QASE/47/#testresult/1796ffc93746eda7","status":"passed","time":{"start":1766398312825,"stop":1766398322475,"duration":9650}},{"uid":"fa16e4b500b6ed8f","reportUrl":"https://VikaAQA.github.io/QASE/46/#testresult/fa16e4b500b6ed8f","status":"passed","time":{"start":1766168336132,"stop":1766168345081,"duration":8949}},{"uid":"9c259acea11b87af","reportUrl":"https://VikaAQA.github.io/QASE/45/#testresult/9c259acea11b87af","status":"passed","time":{"start":1766150472277,"stop":1766150482253,"duration":9976}},{"uid":"b1bd31e2509a828b","reportUrl":"https://VikaAQA.github.io/QASE/44/#testresult/b1bd31e2509a828b","status":"passed","time":{"start":1766150192493,"stop":1766150201648,"duration":9155}},{"uid":"d095cf2a21666441","reportUrl":"https://VikaAQA.github.io/QASE/43/#testresult/d095cf2a21666441","status":"passed","time":{"start":1766149871385,"stop":1766149879578,"duration":8193}},{"uid":"f6b7a238994859ef","reportUrl":"https://VikaAQA.github.io/QASE/42/#testresult/f6b7a238994859ef","status":"broken","statusDetails":"Could not start a new session. Response code 500. Message: session not created: Chrome instance exited. Examine ChromeDriver verbose log to determine the cause. \nHost info: host: 'runnervmh13bl', ip: '10.1.0.244'\nBuild info: version: '4.35.0', revision: '1c58e5028b'\nSystem info: os.name: 'Linux', os.arch: 'amd64', os.version: '6.11.0-1018-azure', java.version: '17.0.17'\nDriver info: org.openqa.selenium.chrome.ChromeDriver\nCommand: [null, newSession {capabilities=[Capabilities {acceptInsecureCerts: true, browserName: chrome, goog:chromeOptions: {args: [--proxy-bypass-list=<-loopb..., --disable-dev-shm-usage, --disable-search-engine-cho..., --unsafely-disable-devtools..., --window-size=1920,1080], binary: /usr/bin/google-chrome, excludeSwitches: [enable-automation, load-extension], extensions: [], prefs: {autofill.credit_card_enabled: false, autofill.profile_enabled: false, credentials_enable_service: false, download.default_directory: /home/runner/work/QASE/QASE..., plugins.always_open_pdf_externally: true, profile.default_content_setting_values.automatic_downloads: 1, profile.password_manager_enabled: false, profile.password_manager_leak_detection: false, safebrowsing.enabled: true}}, pageLoadStrategy: normal, unhandledPromptBehavior: accept}]}]\nselenide.url: https://app.qase.io/login\nselenide.baseUrl: https://app.qase.io","time":{"start":1766149444859,"stop":1766149445058,"duration":199}},{"uid":"eb95fcdf4fa6828e","reportUrl":"https://VikaAQA.github.io/QASE/41/#testresult/eb95fcdf4fa6828e","status":"broken","statusDetails":"Could not start a new session. Response code 500. Message: session not created: Chrome instance exited. Examine ChromeDriver verbose log to determine the cause. \nHost info: host: 'runnervmh13bl', ip: '10.1.0.111'\nBuild info: version: '4.35.0', revision: '1c58e5028b'\nSystem info: os.name: 'Linux', os.arch: 'amd64', os.version: '6.11.0-1018-azure', java.version: '17.0.17'\nDriver info: org.openqa.selenium.chrome.ChromeDriver\nCommand: [null, newSession {capabilities=[Capabilities {acceptInsecureCerts: true, browserName: chrome, goog:chromeOptions: {args: [--proxy-bypass-list=<-loopb..., --disable-dev-shm-usage, --disable-search-engine-cho..., --unsafely-disable-devtools..., --window-size=1920,1080], binary: /usr/bin/google-chrome, excludeSwitches: [enable-automation, load-extension], extensions: [], prefs: {autofill.credit_card_enabled: false, autofill.profile_enabled: false, credentials_enable_service: false, download.default_directory: /home/runner/work/QASE/QASE..., plugins.always_open_pdf_externally: true, profile.default_content_setting_values.automatic_downloads: 1, profile.password_manager_enabled: false, profile.password_manager_leak_detection: false, safebrowsing.enabled: true}}, pageLoadStrategy: normal, unhandledPromptBehavior: accept}]}]\nselenide.url: https://app.qase.io/login\nselenide.baseUrl: https://app.qase.io","time":{"start":1766148920681,"stop":1766148920878,"duration":197}},{"uid":"a41512e4b777baf7","reportUrl":"https://VikaAQA.github.io/QASE/40/#testresult/a41512e4b777baf7","status":"passed","time":{"start":1766146740021,"stop":1766146749220,"duration":9199}},{"uid":"2060c8f0e12137e2","reportUrl":"https://VikaAQA.github.io/QASE/39/#testresult/2060c8f0e12137e2","status":"passed","time":{"start":1766146212345,"stop":1766146234081,"duration":21736}}]},"dce1802ca9d110296d8454e37d67d3d2":{"statistic":{"failed":0,"broken":0,"skipped":0,"passed":9,"unknown":0,"total":9},"items":[{"uid":"7a6afb6339556206","reportUrl":"https://VikaAQA.github.io/QASE/47/#testresult/7a6afb6339556206","status":"passed","time":{"start":1766398288704,"stop":1766398289041,"duration":337}},{"uid":"18a040d78eabfaee","reportUrl":"https://VikaAQA.github.io/QASE/46/#testresult/18a040d78eabfaee","status":"passed","time":{"start":1766168312501,"stop":1766168312819,"duration":318}},{"uid":"9f2c117e3473a848","reportUrl":"https://VikaAQA.github.io/QASE/45/#testresult/9f2c117e3473a848","status":"passed","time":{"start":1766150442949,"stop":1766150443232,"duration":283}},{"uid":"1c3a832d2096f02","reportUrl":"https://VikaAQA.github.io/QASE/44/#testresult/1c3a832d2096f02","status":"passed","time":{"start":1766150175287,"stop":1766150175563,"duration":276}},{"uid":"4a7c51affe9ddcf6","reportUrl":"https://VikaAQA.github.io/QASE/43/#testresult/4a7c51affe9ddcf6","status":"passed","time":{"start":1766149803785,"stop":1766149804105,"duration":320}},{"uid":"3c985867a4c85448","reportUrl":"https://VikaAQA.github.io/QASE/42/#testresult/3c985867a4c85448","status":"passed","time":{"start":1766149436656,"stop":1766149437064,"duration":408}},{"uid":"a5c107b94bfa3894","reportUrl":"https://VikaAQA.github.io/QASE/41/#testresult/a5c107b94bfa3894","status":"passed","time":{"start":1766148910240,"stop":1766148910710,"duration":470}},{"uid":"7d724793c5a7b185","reportUrl":"https://VikaAQA.github.io/QASE/40/#testresult/7d724793c5a7b185","status":"passed","time":{"start":1766146607556,"stop":1766146607907,"duration":351}},{"uid":"7ba9648cf558e0d7","reportUrl":"https://VikaAQA.github.io/QASE/39/#testresult/7ba9648cf558e0d7","status":"passed","time":{"start":1766146065747,"stop":1766146066200,"duration":453}}]},"918df36ce44167ad783b82f34840f9bb":{"statistic":{"failed":3,"broken":2,"skipped":0,"passed":4,"unknown":0,"total":9},"items":[{"uid":"15170ead0eb3e14b","reportUrl":"https://VikaAQA.github.io/QASE/47/#testresult/15170ead0eb3e14b","status":"passed","time":{"start":1766398290560,"stop":1766398312213,"duration":21653}},{"uid":"783afda3d5cb6181","reportUrl":"https://VikaAQA.github.io/QASE/46/#testresult/783afda3d5cb6181","status":"passed","time":{"start":1766168314072,"stop":1766168335591,"duration":21519}},{"uid":"66a8a478aa219616","reportUrl":"https://VikaAQA.github.io/QASE/45/#testresult/66a8a478aa219616","status":"passed","time":{"start":1766150444353,"stop":1766150471785,"duration":27432}},{"uid":"d536724d01567a31","reportUrl":"https://VikaAQA.github.io/QASE/44/#testresult/d536724d01567a31","status":"passed","time":{"start":1766150176817,"stop":1766150192005,"duration":15188}},{"uid":"ca1a2207568c042d","reportUrl":"https://VikaAQA.github.io/QASE/43/#testresult/ca1a2207568c042d","status":"failed","statusDetails":"UnhandledAlertException: unexpected alert open: {Alert text : Are you sure you want to leave?}\nScreenshot: file:/home/runner/work/QASE/QASE/build/reports/tests/1766149835405.0.png\nPage source: file:/home/runner/work/QASE/QASE/build/reports/tests/1766149835405.0.html\nTimeout: 60 s.\nCaused by: UnhandledAlertException: unexpected alert open: {Alert text : Are you sure you want to leave?}","time":{"start":1766149805372,"stop":1766149835851,"duration":30479}},{"uid":"a1f19740290d9213","reportUrl":"https://VikaAQA.github.io/QASE/42/#testresult/a1f19740290d9213","status":"broken","statusDetails":"Could not start a new session. Response code 500. Message: session not created: Chrome instance exited. Examine ChromeDriver verbose log to determine the cause. \nHost info: host: 'runnervmh13bl', ip: '10.1.0.244'\nBuild info: version: '4.35.0', revision: '1c58e5028b'\nSystem info: os.name: 'Linux', os.arch: 'amd64', os.version: '6.11.0-1018-azure', java.version: '17.0.17'\nDriver info: org.openqa.selenium.chrome.ChromeDriver\nCommand: [null, newSession {capabilities=[Capabilities {acceptInsecureCerts: true, browserName: chrome, goog:chromeOptions: {args: [--proxy-bypass-list=<-loopb..., --disable-dev-shm-usage, --disable-search-engine-cho..., --unsafely-disable-devtools..., --window-size=1920,1080], binary: /usr/bin/google-chrome, excludeSwitches: [enable-automation, load-extension], extensions: [], prefs: {autofill.credit_card_enabled: false, autofill.profile_enabled: false, credentials_enable_service: false, download.default_directory: /home/runner/work/QASE/QASE..., plugins.always_open_pdf_externally: true, profile.default_content_setting_values.automatic_downloads: 1, profile.password_manager_enabled: false, profile.password_manager_leak_detection: false, safebrowsing.enabled: true}}, pageLoadStrategy: normal, unhandledPromptBehavior: accept}]}]\nselenide.url: https://app.qase.io/login\nselenide.baseUrl: https://app.qase.io","time":{"start":1766149438947,"stop":1766149442120,"duration":3173}},{"uid":"b86156278fafaf21","reportUrl":"https://VikaAQA.github.io/QASE/41/#testresult/b86156278fafaf21","status":"broken","statusDetails":"Could not start a new session. Response code 500. Message: session not created: Chrome instance exited. Examine ChromeDriver verbose log to determine the cause. \nHost info: host: 'runnervmh13bl', ip: '10.1.0.111'\nBuild info: version: '4.35.0', revision: '1c58e5028b'\nSystem info: os.name: 'Linux', os.arch: 'amd64', os.version: '6.11.0-1018-azure', java.version: '17.0.17'\nDriver info: org.openqa.selenium.chrome.ChromeDriver\nCommand: [null, newSession {capabilities=[Capabilities {acceptInsecureCerts: true, browserName: chrome, goog:chromeOptions: {args: [--proxy-bypass-list=<-loopb..., --disable-dev-shm-usage, --disable-search-engine-cho..., --unsafely-disable-devtools..., --window-size=1920,1080], binary: /usr/bin/google-chrome, excludeSwitches: [enable-automation, load-extension], extensions: [], prefs: {autofill.credit_card_enabled: false, autofill.profile_enabled: false, credentials_enable_service: false, download.default_directory: /home/runner/work/QASE/QASE..., plugins.always_open_pdf_externally: true, profile.default_content_setting_values.automatic_downloads: 1, profile.password_manager_enabled: false, profile.password_manager_leak_detection: false, safebrowsing.enabled: true}}, pageLoadStrategy: normal, unhandledPromptBehavior: accept}]}]\nselenide.url: https://app.qase.io/login\nselenide.baseUrl: https://app.qase.io","time":{"start":1766148913042,"stop":1766148917554,"duration":4512}},{"uid":"724ece186f83f0e4","reportUrl":"https://VikaAQA.github.io/QASE/40/#testresult/724ece186f83f0e4","status":"failed","statusDetails":"UnhandledAlertException: unexpected alert open: {Alert text : Are you sure you want to leave?}\nScreenshot: file:/home/runner/work/QASE/QASE/build/reports/tests/1766146625940.0.png\nPage source: file:/home/runner/work/QASE/QASE/build/reports/tests/1766146625940.0.html\nTimeout: 60 s.\nCaused by: UnhandledAlertException: unexpected alert open: {Alert text : Are you sure you want to leave?}","time":{"start":1766146609684,"stop":1766146626265,"duration":16581}},{"uid":"255f1827e513ad08","reportUrl":"https://VikaAQA.github.io/QASE/39/#testresult/255f1827e513ad08","status":"failed","statusDetails":"Element not found {by text: New test}\nExpected: visible\nScreenshot: file:/home/runner/work/QASE/QASE/build/reports/tests/1766146140356.0.png\nPage source: file:/home/runner/work/QASE/QASE/build/reports/tests/1766146140356.0.html\nTimeout: 60 s.\nCaused by: NoSuchElementException: no such element: Unable to locate element: {\"method\":\"xpath\",\"selector\":\".//*/text()[normalize-space(translate(string(.), '","time":{"start":1766146068164,"stop":1766146140545,"duration":72381}}]},"80dec429879a900bcaad6cbca5c522a7":{"statistic":{"failed":1,"broken":4,"skipped":0,"passed":0,"unknown":0,"total":5},"items":[{"uid":"3298f11d9457b669","reportUrl":"https://VikaAQA.github.io/QASE/43/#testresult/3298f11d9457b669","status":"broken","statusDetails":"unexpected alert open: {Alert text : Are you sure you want to leave?}\n  (Session info: chrome=143.0.7499.109): Are you sure you want to leave?\nBuild info: version: '4.35.0', revision: '1c58e5028b'\nSystem info: os.name: 'Linux', os.arch: 'amd64', os.version: '6.11.0-1018-azure', java.version: '17.0.17'\nDriver info: org.openqa.selenium.chrome.ChromeDriver\nCommand: [2856884d0dff3166189938d37a1c3d5b, executeScript {script=window.onbeforeunload = null;, args=[]}]\nCapabilities {acceptInsecureCerts: true, browserName: chrome, browserVersion: 143.0.7499.109, chrome: {chromedriverVersion: 143.0.7499.42 (24bdc8c48a0c..., userDataDir: /tmp/.org.chromium.Chromium...}, fedcm:accounts: true, goog:chromeOptions: {debuggerAddress: localhost:41577}, goog:processID: 3668, networkConnectionEnabled: false, pageLoadStrategy: normal, platformName: linux, proxy: Proxy(), se:cdp: ws://localhost:41577/devtoo..., se:cdpVersion: 143.0.7499.109, setWindowRect: true, strictFileInteractability: false, timeouts: {implicit: 0, pageLoad: 300000, script: 30000}, unhandledPromptBehavior: accept, webauthn:extension:credBlob: true, webauthn:extension:largeBlob: true, webauthn:extension:minPinLength: true, webauthn:extension:prf: true, webauthn:virtualAuthenticators: true}\nSession ID: 2856884d0dff3166189938d37a1c3d5b","time":{"start":1766149863489,"stop":1766149870851,"duration":7362}},{"uid":"ff7c3454edb6dbb","reportUrl":"https://VikaAQA.github.io/QASE/42/#testresult/ff7c3454edb6dbb","status":"broken","statusDetails":"Could not start a new session. Response code 500. Message: session not created: Chrome instance exited. Examine ChromeDriver verbose log to determine the cause. \nHost info: host: 'runnervmh13bl', ip: '10.1.0.244'\nBuild info: version: '4.35.0', revision: '1c58e5028b'\nSystem info: os.name: 'Linux', os.arch: 'amd64', os.version: '6.11.0-1018-azure', java.version: '17.0.17'\nDriver info: org.openqa.selenium.chrome.ChromeDriver\nCommand: [null, newSession {capabilities=[Capabilities {acceptInsecureCerts: true, browserName: chrome, goog:chromeOptions: {args: [--proxy-bypass-list=<-loopb..., --disable-dev-shm-usage, --disable-search-engine-cho..., --unsafely-disable-devtools..., --window-size=1920,1080], binary: /usr/bin/google-chrome, excludeSwitches: [enable-automation, load-extension], extensions: [], prefs: {autofill.credit_card_enabled: false, autofill.profile_enabled: false, credentials_enable_service: false, download.default_directory: /home/runner/work/QASE/QASE..., plugins.always_open_pdf_externally: true, profile.default_content_setting_values.automatic_downloads: 1, profile.password_manager_enabled: false, profile.password_manager_leak_detection: false, safebrowsing.enabled: true}}, pageLoadStrategy: normal, unhandledPromptBehavior: accept}]}]\nselenide.url: https://app.qase.io/login\nselenide.baseUrl: https://app.qase.io","time":{"start":1766149443416,"stop":1766149443614,"duration":198}},{"uid":"b3ba4416306fa4bf","reportUrl":"https://VikaAQA.github.io/QASE/41/#testresult/b3ba4416306fa4bf","status":"broken","statusDetails":"Could not start a new session. Response code 500. Message: session not created: Chrome instance exited. Examine ChromeDriver verbose log to determine the cause. \nHost info: host: 'runnervmh13bl', ip: '10.1.0.111'\nBuild info: version: '4.35.0', revision: '1c58e5028b'\nSystem info: os.name: 'Linux', os.arch: 'amd64', os.version: '6.11.0-1018-azure', java.version: '17.0.17'\nDriver info: org.openqa.selenium.chrome.ChromeDriver\nCommand: [null, newSession {capabilities=[Capabilities {acceptInsecureCerts: true, browserName: chrome, goog:chromeOptions: {args: [--proxy-bypass-list=<-loopb..., --disable-dev-shm-usage, --disable-search-engine-cho..., --unsafely-disable-devtools..., --window-size=1920,1080], binary: /usr/bin/google-chrome, excludeSwitches: [enable-automation, load-extension], extensions: [], prefs: {autofill.credit_card_enabled: false, autofill.profile_enabled: false, credentials_enable_service: false, download.default_directory: /home/runner/work/QASE/QASE..., plugins.always_open_pdf_externally: true, profile.default_content_setting_values.automatic_downloads: 1, profile.password_manager_enabled: false, profile.password_manager_leak_detection: false, safebrowsing.enabled: true}}, pageLoadStrategy: normal, unhandledPromptBehavior: accept}]}]\nselenide.url: https://app.qase.io/login\nselenide.baseUrl: https://app.qase.io","time":{"start":1766148919034,"stop":1766148919235,"duration":201}},{"uid":"1605e716ef9f9fb","reportUrl":"https://VikaAQA.github.io/QASE/40/#testresult/1605e716ef9f9fb","status":"broken","statusDetails":"unexpected alert open: {Alert text : Are you sure you want to leave?}\n  (Session info: chrome=143.0.7499.109): Are you sure you want to leave?\nBuild info: version: '4.35.0', revision: '1c58e5028b'\nSystem info: os.name: 'Linux', os.arch: 'amd64', os.version: '6.11.0-1018-azure', java.version: '17.0.17'\nDriver info: org.openqa.selenium.chrome.ChromeDriver\nCommand: [e16fa1adb92b8b08ef75ffa229cf950a, executeScript {script=window.onbeforeunload = null;, args=[]}]\nCapabilities {acceptInsecureCerts: true, browserName: chrome, browserVersion: 143.0.7499.109, chrome: {chromedriverVersion: 143.0.7499.42 (24bdc8c48a0c..., userDataDir: /tmp/.org.chromium.Chromium...}, fedcm:accounts: true, goog:chromeOptions: {debuggerAddress: localhost:34589}, goog:processID: 3471, networkConnectionEnabled: false, pageLoadStrategy: normal, platformName: linux, proxy: Proxy(), se:cdp: ws://localhost:34589/devtoo..., se:cdpVersion: 143.0.7499.109, setWindowRect: true, strictFileInteractability: false, timeouts: {implicit: 0, pageLoad: 300000, script: 30000}, unhandledPromptBehavior: dismiss, webauthn:extension:credBlob: true, webauthn:extension:largeBlob: true, webauthn:extension:minPinLength: true, webauthn:extension:prf: true, webauthn:virtualAuthenticators: true}\nSession ID: e16fa1adb92b8b08ef75ffa229cf950a","time":{"start":1766146731465,"stop":1766146739261,"duration":7796}},{"uid":"ca225f2e73413a7d","reportUrl":"https://VikaAQA.github.io/QASE/39/#testresult/ca225f2e73413a7d","status":"failed","statusDetails":"Element not found {by text: Title}\nExpected: visible\nScreenshot: file:/home/runner/work/QASE/QASE/build/reports/tests/1766146211579.1.png\nPage source: file:/home/runner/work/QASE/QASE/build/reports/tests/1766146211579.1.html\nTimeout: 30 s.\nCaused by: NoSuchElementException: no such element: Unable to locate element: {\"method\":\"xpath\",\"selector\":\".//*/text()[normalize-space(translate(string(.), '","time":{"start":1766146170049,"stop":1766146211820,"duration":41771}}]},"f68462dc32f91f71ec8e4b0182ccbba9":{"statistic":{"failed":0,"broken":0,"skipped":0,"passed":9,"unknown":0,"total":9},"items":[{"uid":"183bb9fd8ddd0e7","reportUrl":"https://VikaAQA.github.io/QASE/47/#testresult/183bb9fd8ddd0e7","status":"passed","time":{"start":1766398285826,"stop":1766398286839,"duration":1013}},{"uid":"b5c9f7f41625758e","reportUrl":"https://VikaAQA.github.io/QASE/46/#testresult/b5c9f7f41625758e","status":"passed","time":{"start":1766168310017,"stop":1766168310924,"duration":907}},{"uid":"6076e77719a0645d","reportUrl":"https://VikaAQA.github.io/QASE/45/#testresult/6076e77719a0645d","status":"passed","time":{"start":1766150440028,"stop":1766150440782,"duration":754}},{"uid":"a726b9266415f503","reportUrl":"https://VikaAQA.github.io/QASE/44/#testresult/a726b9266415f503","status":"passed","time":{"start":1766150172862,"stop":1766150173700,"duration":838}},{"uid":"cf90c762d1847543","reportUrl":"https://VikaAQA.github.io/QASE/43/#testresult/cf90c762d1847543","status":"passed","time":{"start":1766149799810,"stop":1766149800690,"duration":880}},{"uid":"204402a533226adf","reportUrl":"https://VikaAQA.github.io/QASE/42/#testresult/204402a533226adf","status":"passed","time":{"start":1766149433193,"stop":1766149434216,"duration":1023}},{"uid":"734c22244f4df782","reportUrl":"https://VikaAQA.github.io/QASE/41/#testresult/734c22244f4df782","status":"passed","time":{"start":1766148906171,"stop":1766148907362,"duration":1191}},{"uid":"4f3920711808b7db","reportUrl":"https://VikaAQA.github.io/QASE/40/#testresult/4f3920711808b7db","status":"passed","time":{"start":1766146604345,"stop":1766146605330,"duration":985}},{"uid":"903b77b4671cbe0","reportUrl":"https://VikaAQA.github.io/QASE/39/#testresult/903b77b4671cbe0","status":"passed","time":{"start":1766146062252,"stop":1766146063315,"duration":1063}}]},"6d7af0c09c206cb7e21385e628059a96":{"statistic":{"failed":1,"broken":2,"skipped":0,"passed":6,"unknown":0,"total":9},"items":[{"uid":"8eaadb3bf09464dc","reportUrl":"https://VikaAQA.github.io/QASE/47/#testresult/8eaadb3bf09464dc","status":"passed","time":{"start":1766398327550,"stop":1766398340861,"duration":13311}},{"uid":"ea789898faad9dbb","reportUrl":"https://VikaAQA.github.io/QASE/46/#testresult/ea789898faad9dbb","status":"passed","time":{"start":1766168349848,"stop":1766168359106,"duration":9258}},{"uid":"33dd9d682e6e7c29","reportUrl":"https://VikaAQA.github.io/QASE/45/#testresult/33dd9d682e6e7c29","status":"passed","time":{"start":1766150488697,"stop":1766150500276,"duration":11579}},{"uid":"8196436941c6a841","reportUrl":"https://VikaAQA.github.io/QASE/44/#testresult/8196436941c6a841","status":"passed","time":{"start":1766150206778,"stop":1766150215756,"duration":8978}},{"uid":"bcdf5c5bd693e935","reportUrl":"https://VikaAQA.github.io/QASE/43/#testresult/bcdf5c5bd693e935","status":"passed","time":{"start":1766149972664,"stop":1766149984461,"duration":11797}},{"uid":"79dc95cae6c4b129","reportUrl":"https://VikaAQA.github.io/QASE/42/#testresult/79dc95cae6c4b129","status":"broken","statusDetails":"Could not start a new session. Response code 500. Message: session not created: Chrome instance exited. Examine ChromeDriver verbose log to determine the cause. \nHost info: host: 'runnervmh13bl', ip: '10.1.0.244'\nBuild info: version: '4.35.0', revision: '1c58e5028b'\nSystem info: os.name: 'Linux', os.arch: 'amd64', os.version: '6.11.0-1018-azure', java.version: '17.0.17'\nDriver info: org.openqa.selenium.chrome.ChromeDriver\nCommand: [null, newSession {capabilities=[Capabilities {acceptInsecureCerts: true, browserName: chrome, goog:chromeOptions: {args: [--proxy-bypass-list=<-loopb..., --disable-dev-shm-usage, --disable-search-engine-cho..., --unsafely-disable-devtools..., --window-size=1920,1080], binary: /usr/bin/google-chrome, excludeSwitches: [enable-automation, load-extension], extensions: [], prefs: {autofill.credit_card_enabled: false, autofill.profile_enabled: false, credentials_enable_service: false, download.default_directory: /home/runner/work/QASE/QASE..., plugins.always_open_pdf_externally: true, profile.default_content_setting_values.automatic_downloads: 1, profile.password_manager_enabled: false, profile.password_manager_leak_detection: false, safebrowsing.enabled: true}}, pageLoadStrategy: normal, unhandledPromptBehavior: accept}]}]\nselenide.url: https://app.qase.io/login\nselenide.baseUrl: https://app.qase.io","time":{"start":1766149445844,"stop":1766149446052,"duration":208}},{"uid":"aedaae8c1353cbbe","reportUrl":"https://VikaAQA.github.io/QASE/41/#testresult/aedaae8c1353cbbe","status":"broken","statusDetails":"Could not start a new session. Response code 500. Message: session not created: Chrome instance exited. Examine ChromeDriver verbose log to determine the cause. \nHost info: host: 'runnervmh13bl', ip: '10.1.0.111'\nBuild info: version: '4.35.0', revision: '1c58e5028b'\nSystem info: os.name: 'Linux', os.arch: 'amd64', os.version: '6.11.0-1018-azure', java.version: '17.0.17'\nDriver info: org.openqa.selenium.chrome.ChromeDriver\nCommand: [null, newSession {capabilities=[Capabilities {acceptInsecureCerts: true, browserName: chrome, goog:chromeOptions: {args: [--proxy-bypass-list=<-loopb..., --disable-dev-shm-usage, --disable-search-engine-cho..., --unsafely-disable-devtools..., --window-size=1920,1080], binary: /usr/bin/google-chrome, excludeSwitches: [enable-automation, load-extension], extensions: [], prefs: {autofill.credit_card_enabled: false, autofill.profile_enabled: false, credentials_enable_service: false, download.default_directory: /home/runner/work/QASE/QASE..., plugins.always_open_pdf_externally: true, profile.default_content_setting_values.automatic_downloads: 1, profile.password_manager_enabled: false, profile.password_manager_leak_detection: false, safebrowsing.enabled: true}}, pageLoadStrategy: normal, unhandledPromptBehavior: accept}]}]\nselenide.url: https://app.qase.io/login\nselenide.baseUrl: https://app.qase.io","time":{"start":1766148921792,"stop":1766148921997,"duration":205}},{"uid":"835c6c32ed087e85","reportUrl":"https://VikaAQA.github.io/QASE/40/#testresult/835c6c32ed087e85","status":"passed","time":{"start":1766146754633,"stop":1766146764948,"duration":10315}},{"uid":"b6ca638908d6ca7","reportUrl":"https://VikaAQA.github.io/QASE/39/#testresult/b6ca638908d6ca7","status":"failed","statusDetails":"Element not found {by text: New test}\nExpected: visible\nScreenshot: file:/home/runner/work/QASE/QASE/build/reports/tests/1766146312930.2.png\nPage source: file:/home/runner/work/QASE/QASE/build/reports/tests/1766146312930.2.html\nTimeout: 60 s.\nCaused by: NoSuchElementException: no such element: Unable to locate element: {\"method\":\"xpath\",\"selector\":\".//*/text()[normalize-space(translate(string(.), '","time":{"start":1766146239933,"stop":1766146313181,"duration":73248}}]},"2f669a4e27d537140a42e1564c78341a":{"statistic":{"failed":0,"broken":0,"skipped":0,"passed":9,"unknown":0,"total":9},"items":[{"uid":"2ace669f41ede2d5","reportUrl":"https://VikaAQA.github.io/QASE/47/#testresult/2ace669f41ede2d5","status":"passed","time":{"start":1766398287618,"stop":1766398288305,"duration":687}},{"uid":"a904252449fe0a3a","reportUrl":"https://VikaAQA.github.io/QASE/46/#testresult/a904252449fe0a3a","status":"passed","time":{"start":1766168311570,"stop":1766168312168,"duration":598}},{"uid":"3a64f4df7b7f1ad4","reportUrl":"https://VikaAQA.github.io/QASE/45/#testresult/3a64f4df7b7f1ad4","status":"passed","time":{"start":1766150441357,"stop":1766150442265,"duration":908}},{"uid":"a5a99b8c4ee42e73","reportUrl":"https://VikaAQA.github.io/QASE/44/#testresult/a5a99b8c4ee42e73","status":"passed","time":{"start":1766150174356,"stop":1766150174927,"duration":571}},{"uid":"b3e50bd9b4c892f6","reportUrl":"https://VikaAQA.github.io/QASE/43/#testresult/b3e50bd9b4c892f6","status":"passed","time":{"start":1766149801382,"stop":1766149803408,"duration":2026}},{"uid":"35f6a774145a105f","reportUrl":"https://VikaAQA.github.io/QASE/42/#testresult/35f6a774145a105f","status":"passed","time":{"start":1766149435257,"stop":1766149436056,"duration":799}},{"uid":"e0b35f3e0fab17c1","reportUrl":"https://VikaAQA.github.io/QASE/41/#testresult/e0b35f3e0fab17c1","status":"passed","time":{"start":1766148908519,"stop":1766148909475,"duration":956}},{"uid":"933fa65aaec85a09","reportUrl":"https://VikaAQA.github.io/QASE/40/#testresult/933fa65aaec85a09","status":"passed","time":{"start":1766146606243,"stop":1766146607032,"duration":789}},{"uid":"6c03b9fef529aea7","reportUrl":"https://VikaAQA.github.io/QASE/39/#testresult/6c03b9fef529aea7","status":"passed","time":{"start":1766146064305,"stop":1766146065171,"duration":866}}]},"a69c247858c56a82d922054e29dced24":{"statistic":{"failed":1,"broken":3,"skipped":0,"passed":1,"unknown":0,"total":5},"items":[{"uid":"6d5cfdf4f7926d7d","reportUrl":"https://VikaAQA.github.io/QASE/43/#testresult/6d5cfdf4f7926d7d","status":"broken","statusDetails":"unexpected alert open: {Alert text : Are you sure you want to leave?}\n  (Session info: chrome=143.0.7499.109): Are you sure you want to leave?\nBuild info: version: '4.35.0', revision: '1c58e5028b'\nSystem info: os.name: 'Linux', os.arch: 'amd64', os.version: '6.11.0-1018-azure', java.version: '17.0.17'\nDriver info: org.openqa.selenium.chrome.ChromeDriver\nCommand: [3a1a8874e66bf15973aca468d68799e7, executeScript {script=window.onbeforeunload = null;, args=[]}]\nCapabilities {acceptInsecureCerts: true, browserName: chrome, browserVersion: 143.0.7499.109, chrome: {chromedriverVersion: 143.0.7499.42 (24bdc8c48a0c..., userDataDir: /tmp/.org.chromium.Chromium...}, fedcm:accounts: true, goog:chromeOptions: {debuggerAddress: localhost:43927}, goog:processID: 3129, networkConnectionEnabled: false, pageLoadStrategy: normal, platformName: linux, proxy: Proxy(), se:cdp: ws://localhost:43927/devtoo..., se:cdpVersion: 143.0.7499.109, setWindowRect: true, strictFileInteractability: false, timeouts: {implicit: 0, pageLoad: 300000, script: 30000}, unhandledPromptBehavior: accept, webauthn:extension:credBlob: true, webauthn:extension:largeBlob: true, webauthn:extension:minPinLength: true, webauthn:extension:prf: true, webauthn:virtualAuthenticators: true}\nSession ID: 3a1a8874e66bf15973aca468d68799e7","time":{"start":1766149836493,"stop":1766149850412,"duration":13919}},{"uid":"cb23d96306f66f8","reportUrl":"https://VikaAQA.github.io/QASE/42/#testresult/cb23d96306f66f8","status":"broken","statusDetails":"Could not start a new session. Response code 500. Message: session not created: Chrome instance exited. Examine ChromeDriver verbose log to determine the cause. \nHost info: host: 'runnervmh13bl', ip: '10.1.0.244'\nBuild info: version: '4.35.0', revision: '1c58e5028b'\nSystem info: os.name: 'Linux', os.arch: 'amd64', os.version: '6.11.0-1018-azure', java.version: '17.0.17'\nDriver info: org.openqa.selenium.chrome.ChromeDriver\nCommand: [null, newSession {capabilities=[Capabilities {acceptInsecureCerts: true, browserName: chrome, goog:chromeOptions: {args: [--proxy-bypass-list=<-loopb..., --disable-dev-shm-usage, --disable-search-engine-cho..., --unsafely-disable-devtools..., --window-size=1920,1080], binary: /usr/bin/google-chrome, excludeSwitches: [enable-automation, load-extension], extensions: [], prefs: {autofill.credit_card_enabled: false, autofill.profile_enabled: false, credentials_enable_service: false, download.default_directory: /home/runner/work/QASE/QASE..., plugins.always_open_pdf_externally: true, profile.default_content_setting_values.automatic_downloads: 1, profile.password_manager_enabled: false, profile.password_manager_leak_detection: false, safebrowsing.enabled: true}}, pageLoadStrategy: normal, unhandledPromptBehavior: accept}]}]\nselenide.url: https://app.qase.io/login\nselenide.baseUrl: https://app.qase.io","time":{"start":1766149442439,"stop":1766149442649,"duration":210}},{"uid":"3cd1ac5cdb92028d","reportUrl":"https://VikaAQA.github.io/QASE/41/#testresult/3cd1ac5cdb92028d","status":"broken","statusDetails":"Could not start a new session. Response code 500. Message: session not created: Chrome instance exited. Examine ChromeDriver verbose log to determine the cause. \nHost info: host: 'runnervmh13bl', ip: '10.1.0.111'\nBuild info: version: '4.35.0', revision: '1c58e5028b'\nSystem info: os.name: 'Linux', os.arch: 'amd64', os.version: '6.11.0-1018-azure', java.version: '17.0.17'\nDriver info: org.openqa.selenium.chrome.ChromeDriver\nCommand: [null, newSession {capabilities=[Capabilities {acceptInsecureCerts: true, browserName: chrome, goog:chromeOptions: {args: [--proxy-bypass-list=<-loopb..., --disable-dev-shm-usage, --disable-search-engine-cho..., --unsafely-disable-devtools..., --window-size=1920,1080], binary: /usr/bin/google-chrome, excludeSwitches: [enable-automation, load-extension], extensions: [], prefs: {autofill.credit_card_enabled: false, autofill.profile_enabled: false, credentials_enable_service: false, download.default_directory: /home/runner/work/QASE/QASE..., plugins.always_open_pdf_externally: true, profile.default_content_setting_values.automatic_downloads: 1, profile.password_manager_enabled: false, profile.password_manager_leak_detection: false, safebrowsing.enabled: true}}, pageLoadStrategy: normal, unhandledPromptBehavior: accept}]}]\nselenide.url: https://app.qase.io/login\nselenide.baseUrl: https://app.qase.io","time":{"start":1766148917916,"stop":1766148918118,"duration":202}},{"uid":"bd0b6a18c5cb2eb3","reportUrl":"https://VikaAQA.github.io/QASE/40/#testresult/bd0b6a18c5cb2eb3","status":"failed","statusDetails":"Element not found {by text: Create new project}\nExpected: visible\nScreenshot: file:/home/runner/work/QASE/QASE/build/reports/tests/1766146718927.1.png\nPage source: file:/home/runner/work/QASE/QASE/build/reports/tests/1766146718927.1.html\nTimeout: 90 s.\nCaused by: NoSuchElementException: no such element: Unable to locate element: {\"method\":\"xpath\",\"selector\":\".//*/text()[normalize-space(translate(string(.), '","time":{"start":1766146627047,"stop":1766146719157,"duration":92110}},{"uid":"6fa9dfa83b83138f","reportUrl":"https://VikaAQA.github.io/QASE/39/#testresult/6fa9dfa83b83138f","status":"passed","time":{"start":1766146141522,"stop":1766146156483,"duration":14961}}]}}