{"uid":"4b4757e66a1912dae1a509f688f20b0f","children":[{"name":"Test defects","children":[{"name":"unexpected alert open: {Alert text : Are you sure you want to leave?}\n  (Session info: chrome=143.0.7499.109): Are you sure you want to leave?\nBuild info: version: '4.35.0', revision: '1c58e5028b'\nSystem info: os.name: 'Linux', os.arch: 'amd64', os.version: '6.11.0-1018-azure', java.version: '17.0.17'\nDriver info: org.openqa.selenium.chrome.ChromeDriver\nCommand: [e616fbfc466d2b82dd63cdb2020c4b65, executeScript {args=[], script=window.onbeforeunload = null;}]\nCapabilities {acceptInsecureCerts: true, browserName: chrome, browserVersion: 143.0.7499.109, chrome: {chromedriverVersion: 143.0.7499.42 (24bdc8c48a0c..., userDataDir: /tmp/.org.chromium.Chromium...}, fedcm:accounts: true, goog:chromeOptions: {debuggerAddress: localhost:35523}, goog:processID: 2730, networkConnectionEnabled: false, pageLoadStrategy: normal, platformName: linux, proxy: Proxy(), se:cdp: ws://localhost:35523/devtoo..., se:cdpVersion: 143.0.7499.109, setWindowRect: true, strictFileInteractability: false, timeouts: {implicit: 0, pageLoad: 300000, script: 30000}, unhandledPromptBehavior: dismiss, webauthn:extension:credBlob: true, webauthn:extension:largeBlob: true, webauthn:extension:minPinLength: true, webauthn:extension:prf: true, webauthn:virtualAuthenticators: true}\nSession ID: e616fbfc466d2b82dd63cdb2020c4b65","children":[{"name":"Создание тест-кейса через UI","uid":"cbdb6411c129a3c5","parentUid":"3055687323c220d5d3d04f8841996908","status":"broken","time":{"start":1766144471055,"stop":1766144489884,"duration":18829},"flaky":false,"newFailed":false,"newPassed":false,"newBroken":true,"retriesCount":0,"retriesStatusChange":false,"parameters":[],"tags":[]}],"uid":"3055687323c220d5d3d04f8841996908"}],"uid":"bdbf199525818fae7a8651db9eafe741"},{"name":"Product defects","children":[{"name":"UnhandledAlertException: unexpected alert open: {Alert text : Are you sure you want to leave?}\nScreenshot: file:/home/runner/work/QASE/QASE/build/reports/tests/1766144510186.0.png\nPage source: file:/home/runner/work/QASE/QASE/build/reports/tests/1766144510186.0.html\nTimeout: 5 s.\nCaused by: UnhandledAlertException: unexpected alert open: {Alert text : Are you sure you want to leave?}","children":[{"name":"Создание тест-кейса с разными входными данными","uid":"8a5842a55dd7a502","parentUid":"3183aa824210a21fba3644645fc621e4","status":"failed","time":{"start":1766144503087,"stop":1766144510580,"duration":7493},"flaky":false,"newFailed":false,"newPassed":false,"newBroken":false,"retriesCount":0,"retriesStatusChange":false,"parameters":["TestCase(title=Test Case 2, status=Actual, description=Description, suite=null, severity=Major, priority=Low, type=Smoke, layer=null, isFlaky=false, behavior=Negative, automationStatus=Automated, preconditions=null, postconditions=null, tags=null, attachments=null, steps=null)"],"tags":[]}],"uid":"3183aa824210a21fba3644645fc621e4"},{"name":"Element not found {by text: Create new project}\nExpected: visible\nScreenshot: file:/home/runner/work/QASE/QASE/build/reports/tests/1766144628031.1.png\nPage source: file:/home/runner/work/QASE/QASE/build/reports/tests/1766144628031.1.html\nTimeout: 90 s.\nCaused by: NoSuchElementException: no such element: Unable to locate element: {\"method\":\"xpath\",\"selector\":\".//*/text()[normalize-space(translate(string(.), '","children":[{"name":"Создание проекта без названия: проверка ошибки","uid":"a55dd60d6a5153e0","parentUid":"60fbeb5d49a6256f0f14912f65fc9171","status":"failed","time":{"start":1766144536180,"stop":1766144628281,"duration":92101},"flaky":false,"newFailed":false,"newPassed":false,"newBroken":false,"retriesCount":0,"retriesStatusChange":false,"parameters":[],"tags":[]}],"uid":"60fbeb5d49a6256f0f14912f65fc9171"}],"uid":"8fb3a91ba5aaf9de24cc8a92edc82b5d"}],"name":"categories"}