{"c679952f4fbae0a19dfc811f07276b70":{"statistic":{"failed":1,"broken":1,"skipped":0,"passed":1,"unknown":0,"total":3},"items":[{"uid":"63430d08140bee15","reportUrl":"https://VikaAQA.github.io/QASE/33/#testresult/63430d08140bee15","status":"passed","time":{"start":1766136552427,"stop":1766136564080,"duration":11653}},{"uid":"7c974842e94f410","reportUrl":"https://VikaAQA.github.io/QASE/32/#testresult/7c974842e94f410","status":"broken","statusDetails":"Could not start a new session. Response code 500. Message: session not created: Chrome instance exited. Examine ChromeDriver verbose log to determine the cause. \nHost info: host: 'runnervmh13bl', ip: '10.1.0.182'\nBuild info: version: '4.35.0', revision: '1c58e5028b'\nSystem info: os.name: 'Linux', os.arch: 'amd64', os.version: '6.11.0-1018-azure', java.version: '17.0.17'\nDriver info: org.openqa.selenium.chrome.ChromeDriver\nCommand: [null, newSession {capabilities=[Capabilities {acceptInsecureCerts: true, browserName: chrome, goog:chromeOptions: {args: [--proxy-bypass-list=<-loopb..., --disable-dev-shm-usage, --disable-search-engine-cho..., --unsafely-disable-devtools..., --window-size=1920,1080], binary: /usr/bin/google-chrome, excludeSwitches: [enable-automation, load-extension], extensions: [], prefs: {autofill.credit_card_enabled: false, autofill.profile_enabled: false, credentials_enable_service: false, download.default_directory: /home/runner/work/QASE/QASE..., plugins.always_open_pdf_externally: true, profile.default_content_setting_values.automatic_downloads: 1, profile.password_manager_enabled: false, profile.password_manager_leak_detection: false, safebrowsing.enabled: true}}, pageLoadStrategy: normal, unhandledPromptBehavior: accept}]}]\nselenide.url: https://app.qase.io/login\nselenide.baseUrl: https://app.qase.io","time":{"start":1766131417916,"stop":1766131418117,"duration":201}},{"uid":"562f45ac6fcb0178","reportUrl":"https://VikaAQA.github.io/QASE/31/#testresult/562f45ac6fcb0178","status":"failed","statusDetails":"Element not found {by text: New test}\nExpected: visible\nScreenshot: file:/home/runner/work/QASE/QASE/build/reports/tests/1766130642721.5.png\nPage source: file:/home/runner/work/QASE/QASE/build/reports/tests/1766130642721.5.html\nTimeout: 60 s.\nCaused by: NoSuchElementException: no such element: Unable to locate element: {\"method\":\"xpath\",\"selector\":\".//*/text()[normalize-space(translate(string(.), '","time":{"start":1766130575413,"stop":1766130642870,"duration":67457}}]},"619b5e40d5487c53696599c35a11485a":{"statistic":{"failed":0,"broken":0,"skipped":0,"passed":3,"unknown":0,"total":3},"items":[{"uid":"d56c06ee05de7da3","reportUrl":"https://VikaAQA.github.io/QASE/33/#testresult/d56c06ee05de7da3","status":"passed","time":{"start":1766136503226,"stop":1766136504288,"duration":1062}},{"uid":"d1816a05d9481413","reportUrl":"https://VikaAQA.github.io/QASE/32/#testresult/d1816a05d9481413","status":"passed","time":{"start":1766131413285,"stop":1766131414058,"duration":773}},{"uid":"78b269409852d4e6","reportUrl":"https://VikaAQA.github.io/QASE/31/#testresult/78b269409852d4e6","status":"passed","time":{"start":1766130363845,"stop":1766130364741,"duration":896}}]},"dce1802ca9d110296d8454e37d67d3d2":{"statistic":{"failed":0,"broken":0,"skipped":0,"passed":3,"unknown":0,"total":3},"items":[{"uid":"21cc0fdf70c67ba","reportUrl":"https://VikaAQA.github.io/QASE/33/#testresult/21cc0fdf70c67ba","status":"passed","time":{"start":1766136502281,"stop":1766136502675,"duration":394}},{"uid":"86b4fe00bca7c5fd","reportUrl":"https://VikaAQA.github.io/QASE/32/#testresult/86b4fe00bca7c5fd","status":"passed","time":{"start":1766131412587,"stop":1766131412901,"duration":314}},{"uid":"af7ca91070a4fa0c","reportUrl":"https://VikaAQA.github.io/QASE/31/#testresult/af7ca91070a4fa0c","status":"passed","time":{"start":1766130363079,"stop":1766130363402,"duration":323}}]},"18dc3aaf4048daf0fbd772cafd06f1a8":{"statistic":{"failed":2,"broken":1,"skipped":0,"passed":0,"unknown":0,"total":3},"items":[{"uid":"8cbcee2d70c10e74","reportUrl":"https://VikaAQA.github.io/QASE/33/#testresult/8cbcee2d70c10e74","status":"failed","statusDetails":"UnhandledAlertException: unexpected alert open: {Alert text : Are you sure you want to leave?}\nScreenshot: file:/home/runner/work/QASE/QASE/build/reports/tests/1766136551264.3.png\nPage source: file:/home/runner/work/QASE/QASE/build/reports/tests/1766136551264.3.html\nTimeout: 5 s.\nCaused by: UnhandledAlertException: unexpected alert open: {Alert text : Are you sure you want to leave?}","time":{"start":1766136543595,"stop":1766136551670,"duration":8075}},{"uid":"efe66355407f8ce8","reportUrl":"https://VikaAQA.github.io/QASE/32/#testresult/efe66355407f8ce8","status":"broken","statusDetails":"Could not start a new session. Response code 500. Message: session not created: Chrome instance exited. Examine ChromeDriver verbose log to determine the cause. \nHost info: host: 'runnervmh13bl', ip: '10.1.0.182'\nBuild info: version: '4.35.0', revision: '1c58e5028b'\nSystem info: os.name: 'Linux', os.arch: 'amd64', os.version: '6.11.0-1018-azure', java.version: '17.0.17'\nDriver info: org.openqa.selenium.chrome.ChromeDriver\nCommand: [null, newSession {capabilities=[Capabilities {acceptInsecureCerts: true, browserName: chrome, goog:chromeOptions: {args: [--proxy-bypass-list=<-loopb..., --disable-dev-shm-usage, --disable-search-engine-cho..., --unsafely-disable-devtools..., --window-size=1920,1080], binary: /usr/bin/google-chrome, excludeSwitches: [enable-automation, load-extension], extensions: [], prefs: {autofill.credit_card_enabled: false, autofill.profile_enabled: false, credentials_enable_service: false, download.default_directory: /home/runner/work/QASE/QASE..., plugins.always_open_pdf_externally: true, profile.default_content_setting_values.automatic_downloads: 1, profile.password_manager_enabled: false, profile.password_manager_leak_detection: false, safebrowsing.enabled: true}}, pageLoadStrategy: normal, unhandledPromptBehavior: accept}]}]\nselenide.url: https://app.qase.io/login\nselenide.baseUrl: https://app.qase.io","time":{"start":1766131416553,"stop":1766131416749,"duration":196}},{"uid":"37feb098ab08d83b","reportUrl":"https://VikaAQA.github.io/QASE/31/#testresult/37feb098ab08d83b","status":"failed","statusDetails":"UnhandledAlertException: unexpected alert open: {Alert text : Are you sure you want to leave?}\nScreenshot: file:/home/runner/work/QASE/QASE/build/reports/tests/1766130415943.2.png\nPage source: file:/home/runner/work/QASE/QASE/build/reports/tests/1766130415943.2.html\nTimeout: 5 s.\nCaused by: UnhandledAlertException: unexpected alert open: {Alert text : Are you sure you want to leave?}","time":{"start":1766130409091,"stop":1766130416328,"duration":7237}}]},"918df36ce44167ad783b82f34840f9bb":{"statistic":{"failed":1,"broken":1,"skipped":0,"passed":1,"unknown":0,"total":3},"items":[{"uid":"e3b2917b7481fdc","reportUrl":"https://VikaAQA.github.io/QASE/33/#testresult/e3b2917b7481fdc","status":"failed","statusDetails":"UnhandledAlertException: unexpected alert open: {Alert text : Are you sure you want to leave?}\nScreenshot: file:/home/runner/work/QASE/QASE/build/reports/tests/1766136520904.0.png\nPage source: file:/home/runner/work/QASE/QASE/build/reports/tests/1766136520904.0.html\nTimeout: 5 s.\nCaused by: UnhandledAlertException: unexpected alert open: {Alert text : Are you sure you want to leave?}","time":{"start":1766136504561,"stop":1766136521342,"duration":16781}},{"uid":"a134d51c643f3300","reportUrl":"https://VikaAQA.github.io/QASE/32/#testresult/a134d51c643f3300","status":"broken","statusDetails":"Could not start a new session. Response code 500. Message: session not created: Chrome instance exited. Examine ChromeDriver verbose log to determine the cause. \nHost info: host: 'runnervmh13bl', ip: '10.1.0.182'\nBuild info: version: '4.35.0', revision: '1c58e5028b'\nSystem info: os.name: 'Linux', os.arch: 'amd64', os.version: '6.11.0-1018-azure', java.version: '17.0.17'\nDriver info: org.openqa.selenium.chrome.ChromeDriver\nCommand: [null, newSession {capabilities=[Capabilities {acceptInsecureCerts: true, browserName: chrome, goog:chromeOptions: {args: [--proxy-bypass-list=<-loopb..., --disable-dev-shm-usage, --disable-search-engine-cho..., --unsafely-disable-devtools..., --window-size=1920,1080], binary: /usr/bin/google-chrome, excludeSwitches: [enable-automation, load-extension], extensions: [], prefs: {autofill.credit_card_enabled: false, autofill.profile_enabled: false, credentials_enable_service: false, download.default_directory: /home/runner/work/QASE/QASE..., plugins.always_open_pdf_externally: true, profile.default_content_setting_values.automatic_downloads: 1, profile.password_manager_enabled: false, profile.password_manager_leak_detection: false, safebrowsing.enabled: true}}, pageLoadStrategy: normal, unhandledPromptBehavior: accept}]}]\nselenide.url: https://app.qase.io/login\nselenide.baseUrl: https://app.qase.io","time":{"start":1766131414237,"stop":1766131415586,"duration":1349}},{"uid":"380515f04b8f1714","reportUrl":"https://VikaAQA.github.io/QASE/31/#testresult/380515f04b8f1714","status":"passed","time":{"start":1766130364961,"stop":1766130382380,"duration":17419}}]},"54fa3c948ccb089deb47a924d3f0014d":{"statistic":{"failed":2,"broken":1,"skipped":0,"passed":0,"unknown":0,"total":3},"items":[{"uid":"f1cd4d19697cd009","reportUrl":"https://VikaAQA.github.io/QASE/33/#testresult/f1cd4d19697cd009","status":"failed","statusDetails":"UnhandledAlertException: unexpected alert open: {Alert text : Are you sure you want to leave?}\nScreenshot: file:/home/runner/work/QASE/QASE/build/reports/tests/1766136542482.2.png\nPage source: file:/home/runner/work/QASE/QASE/build/reports/tests/1766136542482.2.html\nTimeout: 5 s.\nCaused by: UnhandledAlertException: unexpected alert open: {Alert text : Are you sure you want to leave?}","time":{"start":1766136531653,"stop":1766136542853,"duration":11200}},{"uid":"460a4c766b4c6af9","reportUrl":"https://VikaAQA.github.io/QASE/32/#testresult/460a4c766b4c6af9","status":"broken","statusDetails":"Could not start a new session. Response code 500. Message: session not created: Chrome instance exited. Examine ChromeDriver verbose log to determine the cause. \nHost info: host: 'runnervmh13bl', ip: '10.1.0.182'\nBuild info: version: '4.35.0', revision: '1c58e5028b'\nSystem info: os.name: 'Linux', os.arch: 'amd64', os.version: '6.11.0-1018-azure', java.version: '17.0.17'\nDriver info: org.openqa.selenium.chrome.ChromeDriver\nCommand: [null, newSession {capabilities=[Capabilities {acceptInsecureCerts: true, browserName: chrome, goog:chromeOptions: {args: [--proxy-bypass-list=<-loopb..., --disable-dev-shm-usage, --disable-search-engine-cho..., --unsafely-disable-devtools..., --window-size=1920,1080], binary: /usr/bin/google-chrome, excludeSwitches: [enable-automation, load-extension], extensions: [], prefs: {autofill.credit_card_enabled: false, autofill.profile_enabled: false, credentials_enable_service: false, download.default_directory: /home/runner/work/QASE/QASE..., plugins.always_open_pdf_externally: true, profile.default_content_setting_values.automatic_downloads: 1, profile.password_manager_enabled: false, profile.password_manager_leak_detection: false, safebrowsing.enabled: true}}, pageLoadStrategy: normal, unhandledPromptBehavior: accept}]}]\nselenide.url: https://app.qase.io/login\nselenide.baseUrl: https://app.qase.io","time":{"start":1766131416173,"stop":1766131416369,"duration":196}},{"uid":"8abda60b8cf084d1","reportUrl":"https://VikaAQA.github.io/QASE/31/#testresult/8abda60b8cf084d1","status":"failed","statusDetails":"UnhandledAlertException: unexpected alert open: {Alert text : Are you sure you want to leave?}\nScreenshot: file:/home/runner/work/QASE/QASE/build/reports/tests/1766130408072.1.png\nPage source: file:/home/runner/work/QASE/QASE/build/reports/tests/1766130408072.1.html\nTimeout: 5 s.\nCaused by: UnhandledAlertException: unexpected alert open: {Alert text : Are you sure you want to leave?}","time":{"start":1766130401225,"stop":1766130408479,"duration":7254}}]},"f68462dc32f91f71ec8e4b0182ccbba9":{"statistic":{"failed":0,"broken":0,"skipped":0,"passed":3,"unknown":0,"total":3},"items":[{"uid":"5cb9646cb66ba86b","reportUrl":"https://VikaAQA.github.io/QASE/33/#testresult/5cb9646cb66ba86b","status":"passed","time":{"start":1766136498796,"stop":1766136499911,"duration":1115}},{"uid":"7aedd7d9d15f38c4","reportUrl":"https://VikaAQA.github.io/QASE/32/#testresult/7aedd7d9d15f38c4","status":"passed","time":{"start":1766131410015,"stop":1766131410856,"duration":841}},{"uid":"74dfb10e18c801fc","reportUrl":"https://VikaAQA.github.io/QASE/31/#testresult/74dfb10e18c801fc","status":"passed","time":{"start":1766130359870,"stop":1766130361177,"duration":1307}}]},"6d7af0c09c206cb7e21385e628059a96":{"statistic":{"failed":1,"broken":1,"skipped":0,"passed":1,"unknown":0,"total":3},"items":[{"uid":"24d22b2424946f5d","reportUrl":"https://VikaAQA.github.io/QASE/33/#testresult/24d22b2424946f5d","status":"passed","time":{"start":1766136657552,"stop":1766136669046,"duration":11494}},{"uid":"6ee37cf2b6426d79","reportUrl":"https://VikaAQA.github.io/QASE/32/#testresult/6ee37cf2b6426d79","status":"broken","statusDetails":"Could not start a new session. Response code 500. Message: session not created: Chrome instance exited. Examine ChromeDriver verbose log to determine the cause. \nHost info: host: 'runnervmh13bl', ip: '10.1.0.182'\nBuild info: version: '4.35.0', revision: '1c58e5028b'\nSystem info: os.name: 'Linux', os.arch: 'amd64', os.version: '6.11.0-1018-azure', java.version: '17.0.17'\nDriver info: org.openqa.selenium.chrome.ChromeDriver\nCommand: [null, newSession {capabilities=[Capabilities {acceptInsecureCerts: true, browserName: chrome, goog:chromeOptions: {args: [--proxy-bypass-list=<-loopb..., --disable-dev-shm-usage, --disable-search-engine-cho..., --unsafely-disable-devtools..., --window-size=1920,1080], binary: /usr/bin/google-chrome, excludeSwitches: [enable-automation, load-extension], extensions: [], prefs: {autofill.credit_card_enabled: false, autofill.profile_enabled: false, credentials_enable_service: false, download.default_directory: /home/runner/work/QASE/QASE..., plugins.always_open_pdf_externally: true, profile.default_content_setting_values.automatic_downloads: 1, profile.password_manager_enabled: false, profile.password_manager_leak_detection: false, safebrowsing.enabled: true}}, pageLoadStrategy: normal, unhandledPromptBehavior: accept}]}]\nselenide.url: https://app.qase.io/login\nselenide.baseUrl: https://app.qase.io","time":{"start":1766131418902,"stop":1766131419127,"duration":225}},{"uid":"b0623dca85169de8","reportUrl":"https://VikaAQA.github.io/QASE/31/#testresult/b0623dca85169de8","status":"failed","statusDetails":"Element not found {by text: Create new project}\nExpected: visible\nScreenshot: file:/home/runner/work/QASE/QASE/build/reports/tests/1766130746861.6.png\nPage source: file:/home/runner/work/QASE/QASE/build/reports/tests/1766130746861.6.html\nTimeout: 90 s.\nCaused by: NoSuchElementException: no such element: Unable to locate element: {\"method\":\"xpath\",\"selector\":\".//*/text()[normalize-space(translate(string(.), '","time":{"start":1766130654858,"stop":1766130747106,"duration":92248}}]},"2f669a4e27d537140a42e1564c78341a":{"statistic":{"failed":0,"broken":0,"skipped":0,"passed":3,"unknown":0,"total":3},"items":[{"uid":"bcd2a38653f2e126","reportUrl":"https://VikaAQA.github.io/QASE/33/#testresult/bcd2a38653f2e126","status":"passed","time":{"start":1766136500908,"stop":1766136501702,"duration":794}},{"uid":"f4cb6508ab65bb1c","reportUrl":"https://VikaAQA.github.io/QASE/32/#testresult/f4cb6508ab65bb1c","status":"passed","time":{"start":1766131411570,"stop":1766131412224,"duration":654}},{"uid":"6e48d3a237c5c1c2","reportUrl":"https://VikaAQA.github.io/QASE/31/#testresult/6e48d3a237c5c1c2","status":"passed","time":{"start":1766130361955,"stop":1766130362662,"duration":707}}]},"ca23b77e2ff480a9fbd74b55d38a0be5":{"statistic":{"failed":1,"broken":1,"skipped":0,"passed":1,"unknown":0,"total":3},"items":[{"uid":"13b705b86f628374","reportUrl":"https://VikaAQA.github.io/QASE/33/#testresult/13b705b86f628374","status":"failed","statusDetails":"Element not found {by text: Create new project}\nExpected: visible\nScreenshot: file:/home/runner/work/QASE/QASE/build/reports/tests/1766136656838.4.png\nPage source: file:/home/runner/work/QASE/QASE/build/reports/tests/1766136656838.4.html\nTimeout: 90 s.\nCaused by: NoSuchElementException: no such element: Unable to locate element: {\"method\":\"xpath\",\"selector\":\".//*/text()[normalize-space(translate(string(.), '","time":{"start":1766136564643,"stop":1766136657081,"duration":92438}},{"uid":"929add964ab69361","reportUrl":"https://VikaAQA.github.io/QASE/32/#testresult/929add964ab69361","status":"broken","statusDetails":"Could not start a new session. Response code 500. Message: session not created: Chrome instance exited. Examine ChromeDriver verbose log to determine the cause. \nHost info: host: 'runnervmh13bl', ip: '10.1.0.182'\nBuild info: version: '4.35.0', revision: '1c58e5028b'\nSystem info: os.name: 'Linux', os.arch: 'amd64', os.version: '6.11.0-1018-azure', java.version: '17.0.17'\nDriver info: org.openqa.selenium.chrome.ChromeDriver\nCommand: [null, newSession {capabilities=[Capabilities {acceptInsecureCerts: true, browserName: chrome, goog:chromeOptions: {args: [--proxy-bypass-list=<-loopb..., --disable-dev-shm-usage, --disable-search-engine-cho..., --unsafely-disable-devtools..., --window-size=1920,1080], binary: /usr/bin/google-chrome, excludeSwitches: [enable-automation, load-extension], extensions: [], prefs: {autofill.credit_card_enabled: false, autofill.profile_enabled: false, credentials_enable_service: false, download.default_directory: /home/runner/work/QASE/QASE..., plugins.always_open_pdf_externally: true, profile.default_content_setting_values.automatic_downloads: 1, profile.password_manager_enabled: false, profile.password_manager_leak_detection: false, safebrowsing.enabled: true}}, pageLoadStrategy: normal, unhandledPromptBehavior: accept}]}]\nselenide.url: https://app.qase.io/login\nselenide.baseUrl: https://app.qase.io","time":{"start":1766131418288,"stop":1766131418516,"duration":228}},{"uid":"bcf39bccb64c52","reportUrl":"https://VikaAQA.github.io/QASE/31/#testresult/bcf39bccb64c52","status":"passed","time":{"start":1766130643263,"stop":1766130654556,"duration":11293}}]},"574ce81bec433dce44331caa180bd554":{"statistic":{"failed":2,"broken":1,"skipped":0,"passed":0,"unknown":0,"total":3},"items":[{"uid":"2c2a935e18f404b5","reportUrl":"https://VikaAQA.github.io/QASE/33/#testresult/2c2a935e18f404b5","status":"failed","statusDetails":"UnhandledAlertException: unexpected alert open: {Alert text : Are you sure you want to leave?}\nScreenshot: file:/home/runner/work/QASE/QASE/build/reports/tests/1766136530492.1.png\nPage source: file:/home/runner/work/QASE/QASE/build/reports/tests/1766136530492.1.html\nTimeout: 5 s.\nCaused by: UnhandledAlertException: unexpected alert open: {Alert text : Are you sure you want to leave?}","time":{"start":1766136522150,"stop":1766136530875,"duration":8725}},{"uid":"8876c04561a36ff","reportUrl":"https://VikaAQA.github.io/QASE/32/#testresult/8876c04561a36ff","status":"broken","statusDetails":"Could not start a new session. Response code 500. Message: session not created: Chrome instance exited. Examine ChromeDriver verbose log to determine the cause. \nHost info: host: 'runnervmh13bl', ip: '10.1.0.182'\nBuild info: version: '4.35.0', revision: '1c58e5028b'\nSystem info: os.name: 'Linux', os.arch: 'amd64', os.version: '6.11.0-1018-azure', java.version: '17.0.17'\nDriver info: org.openqa.selenium.chrome.ChromeDriver\nCommand: [null, newSession {capabilities=[Capabilities {acceptInsecureCerts: true, browserName: chrome, goog:chromeOptions: {args: [--proxy-bypass-list=<-loopb..., --disable-dev-shm-usage, --disable-search-engine-cho..., --unsafely-disable-devtools..., --window-size=1920,1080], binary: /usr/bin/google-chrome, excludeSwitches: [enable-automation, load-extension], extensions: [], prefs: {autofill.credit_card_enabled: false, autofill.profile_enabled: false, credentials_enable_service: false, download.default_directory: /home/runner/work/QASE/QASE..., plugins.always_open_pdf_externally: true, profile.default_content_setting_values.automatic_downloads: 1, profile.password_manager_enabled: false, profile.password_manager_leak_detection: false, safebrowsing.enabled: true}}, pageLoadStrategy: normal, unhandledPromptBehavior: accept}]}]\nselenide.url: https://app.qase.io/login\nselenide.baseUrl: https://app.qase.io","time":{"start":1766131415798,"stop":1766131416003,"duration":205}},{"uid":"b141f9f23820cdf9","reportUrl":"https://VikaAQA.github.io/QASE/31/#testresult/b141f9f23820cdf9","status":"failed","statusDetails":"UnhandledAlertException: unexpected alert open: {Alert text : Are you sure you want to leave?}\nScreenshot: file:/home/runner/work/QASE/QASE/build/reports/tests/1766130400147.0.png\nPage source: file:/home/runner/work/QASE/QASE/build/reports/tests/1766130400147.0.html\nTimeout: 5 s.\nCaused by: UnhandledAlertException: unexpected alert open: {Alert text : Are you sure you want to leave?}","time":{"start":1766130382932,"stop":1766130400602,"duration":17670}}]}}