{"uid":"4b4757e66a1912dae1a509f688f20b0f","children":[{"name":"Product defects","children":[{"name":"UnhandledAlertException: unexpected alert open: {Alert text : Are you sure you want to leave?}\nScreenshot: file:/home/runner/work/QASE/QASE/build/reports/tests/1766405212629.0.png\nPage source: file:/home/runner/work/QASE/QASE/build/reports/tests/1766405212629.0.html\nTimeout: 5 s.\nCaused by: UnhandledAlertException: unexpected alert open: {Alert text : Are you sure you want to leave?}","children":[{"name":"Создание тест-кейса через UI","uid":"6e94e01550b189ca","parentUid":"cd464dfe35e55d130aa848c08d95617b","status":"failed","time":{"start":1766405201664,"stop":1766405212986,"duration":11322},"flaky":false,"newFailed":true,"newPassed":false,"newBroken":false,"retriesCount":0,"retriesStatusChange":false,"parameters":[],"tags":[]}],"uid":"cd464dfe35e55d130aa848c08d95617b"},{"name":"Element not found {by text: Create new project}\nExpected: visible\nScreenshot: file:/home/runner/work/QASE/QASE/build/reports/tests/1766405338169.1.png\nPage source: file:/home/runner/work/QASE/QASE/build/reports/tests/1766405338169.1.html\nTimeout: 90 s.\nCaused by: NoSuchElementException: no such element: Unable to locate element: {\"method\":\"xpath\",\"selector\":\".//*/text()[normalize-space(translate(string(.), '","children":[{"name":"Создание тест-кейса с разными входными данными","uid":"837218cce7cd9f47","parentUid":"4d80e0774e163c5e78d273b2f6b5f4cf","status":"failed","time":{"start":1766405246294,"stop":1766405338430,"duration":92136},"flaky":false,"newFailed":true,"newPassed":false,"newBroken":false,"retriesCount":0,"retriesStatusChange":false,"parameters":["TestCase(title=Test Case 3, status=Deprecated, description=Description, suite=null, severity=Trivial, priority=Low, type=Smoke, layer=null, isFlaky=false, behavior=Destructive, automationStatus=Manual, preconditions=null, postconditions=null, tags=null, attachments=null, steps=null)"],"tags":[]}],"uid":"4d80e0774e163c5e78d273b2f6b5f4cf"},{"name":"Element not found {by text: Create new project}\nExpected: visible\nScreenshot: file:/home/runner/work/QASE/QASE/build/reports/tests/1766405616254.4.png\nPage source: file:/home/runner/work/QASE/QASE/build/reports/tests/1766405616254.4.html\nTimeout: 90 s.\nCaused by: NoSuchElementException: no such element: Unable to locate element: {\"method\":\"xpath\",\"selector\":\".//*/text()[normalize-space(translate(string(.), '","children":[{"name":"Создание проекта и его удаление","uid":"6dfd1ee945ca6000","parentUid":"17eef9fa0df9314b452a6b85a5c33d26","status":"failed","time":{"start":1766405524512,"stop":1766405616503,"duration":91991},"flaky":false,"newFailed":true,"newPassed":false,"newBroken":false,"retriesCount":2,"retriesStatusChange":true,"parameters":[],"tags":[]}],"uid":"17eef9fa0df9314b452a6b85a5c33d26"},{"name":"Element not found {by text: Create new project}\nExpected: visible\nScreenshot: file:/home/runner/work/QASE/QASE/build/reports/tests/1766405708976.5.png\nPage source: file:/home/runner/work/QASE/QASE/build/reports/tests/1766405708976.5.html\nTimeout: 90 s.\nCaused by: NoSuchElementException: no such element: Unable to locate element: {\"method\":\"xpath\",\"selector\":\".//*/text()[normalize-space(translate(string(.), '","children":[{"name":"Создание проекта без названия: проверка ошибки","uid":"c7ff917127860f89","parentUid":"34d23c9b9cb36fe20151d6a26f9da3bb","status":"failed","time":{"start":1766405617034,"stop":1766405709217,"duration":92183},"flaky":false,"newFailed":false,"newPassed":false,"newBroken":false,"retriesCount":0,"retriesStatusChange":false,"parameters":[],"tags":[]}],"uid":"34d23c9b9cb36fe20151d6a26f9da3bb"}],"uid":"8fb3a91ba5aaf9de24cc8a92edc82b5d"}],"name":"categories"}