{"uid":"4b4757e66a1912dae1a509f688f20b0f","children":[{"name":"Product defects","children":[{"name":"UnhandledAlertException: unexpected alert open: {Alert text : Are you sure you want to leave?}\nScreenshot: file:/home/runner/work/QASE/QASE/build/reports/tests/1766398739061.0.png\nPage source: file:/home/runner/work/QASE/QASE/build/reports/tests/1766398739061.0.html\nTimeout: 5 s.\nCaused by: UnhandledAlertException: unexpected alert open: {Alert text : Are you sure you want to leave?}","children":[{"name":"Создание тест-кейса с разными входными данными","uid":"31b1b6028b1bd357","parentUid":"f712182534aa7431e8ed8ab6966a10a1","status":"failed","time":{"start":1766398732195,"stop":1766398739516,"duration":7321},"flaky":false,"newFailed":false,"newPassed":false,"newBroken":false,"retriesCount":0,"retriesStatusChange":false,"parameters":["TestCase(title=Test Case 1, status=Draft, description=Description, suite=null, severity=Blocker, priority=High, type=Functional, layer=null, isFlaky=true, behavior=Positive, automationStatus=Manual, preconditions=null, postconditions=null, tags=null, attachments=null, steps=null)"],"tags":[]}],"uid":"f712182534aa7431e8ed8ab6966a10a1"},{"name":"UnhandledAlertException: unexpected alert open: {Alert text : Are you sure you want to leave?}\nScreenshot: file:/home/runner/work/QASE/QASE/build/reports/tests/1766398747374.1.png\nPage source: file:/home/runner/work/QASE/QASE/build/reports/tests/1766398747374.1.html\nTimeout: 5 s.\nCaused by: UnhandledAlertException: unexpected alert open: {Alert text : Are you sure you want to leave?}","children":[{"name":"Создание тест-кейса с разными входными данными","uid":"b3bd235e766bde68","parentUid":"6b159ee12ac82ebc7b3dd18f0071afae","status":"failed","time":{"start":1766398740021,"stop":1766398747725,"duration":7704},"flaky":false,"newFailed":false,"newPassed":false,"newBroken":false,"retriesCount":0,"retriesStatusChange":false,"parameters":["TestCase(title=Test Case 2, status=Actual, description=Description, suite=null, severity=Major, priority=Low, type=Smoke, layer=null, isFlaky=false, behavior=Negative, automationStatus=Automated, preconditions=null, postconditions=null, tags=null, attachments=null, steps=null)"],"tags":[]}],"uid":"6b159ee12ac82ebc7b3dd18f0071afae"},{"name":"Element not found {by text: Create new project}\nExpected: visible\nScreenshot: file:/home/runner/work/QASE/QASE/build/reports/tests/1766398840063.2.png\nPage source: file:/home/runner/work/QASE/QASE/build/reports/tests/1766398840063.2.html\nTimeout: 90 s.\nCaused by: NoSuchElementException: no such element: Unable to locate element: {\"method\":\"xpath\",\"selector\":\".//*/text()[normalize-space(translate(string(.), '","children":[{"name":"Создание тест-кейса с разными входными данными","uid":"a3a9e460fc744018","parentUid":"d74f96fd1dda8bc1330973d90a5ea570","status":"failed","time":{"start":1766398748327,"stop":1766398840240,"duration":91913},"flaky":false,"newFailed":false,"newPassed":false,"newBroken":false,"retriesCount":0,"retriesStatusChange":false,"parameters":["TestCase(title=Test Case 3, status=Deprecated, description=Description, suite=null, severity=Trivial, priority=Low, type=Smoke, layer=null, isFlaky=false, behavior=Destructive, automationStatus=Manual, preconditions=null, postconditions=null, tags=null, attachments=null, steps=null)"],"tags":[]}],"uid":"d74f96fd1dda8bc1330973d90a5ea570"}],"uid":"8fb3a91ba5aaf9de24cc8a92edc82b5d"}],"name":"categories"}