{"uid":"4b4757e66a1912dae1a509f688f20b0f","children":[{"name":"Product defects","children":[{"name":"UnhandledAlertException: unexpected alert open: {Alert text : Are you sure you want to leave?}\nScreenshot: file:/home/runner/work/QASE/QASE/build/reports/tests/1766049616187.0.png\nPage source: file:/home/runner/work/QASE/QASE/build/reports/tests/1766049616187.0.html\nTimeout: 5 s.\nCaused by: UnhandledAlertException: unexpected alert open: {Alert text : Are you sure you want to leave?}","children":[{"name":"Создание тест-кейса через UI","uid":"df14b8ee5a977d4f","parentUid":"91b4e07fa6f18bb377621b5720a0f534","status":"failed","time":{"start":1766049586696,"stop":1766049616601,"duration":29905},"flaky":false,"newFailed":false,"newPassed":false,"newBroken":false,"retriesCount":0,"retriesStatusChange":false,"parameters":[],"tags":[]}],"uid":"91b4e07fa6f18bb377621b5720a0f534"},{"name":"Element not found {.toastui-editor-ww-container .ProseMirror-trailingBreak:first-child}\nExpected: exist\nScreenshot: file:/home/runner/work/QASE/QASE/build/reports/tests/1766049628908.1.png\nPage source: file:/home/runner/work/QASE/QASE/build/reports/tests/1766049628908.1.html\nTimeout: 5 s.\nCaused by: NoSuchElementException: no such element: Unable to locate element: {\"method\":\"css selector\",\"selector\":\".toastui-editor-ww-container .ProseMirror-trailingBreak:first-child\"}","children":[{"name":"Создание тест-кейса с разными входными данными","uid":"35d3759788e3137b","parentUid":"a75f125f1bf6ca0020b4864997506533","status":"failed","time":{"start":1766049617266,"stop":1766049629084,"duration":11818},"flaky":true,"newFailed":false,"newPassed":false,"newBroken":false,"retriesCount":0,"retriesStatusChange":false,"parameters":["TestCase(title=Test Case 1, status=Draft, description=Description, suite=null, severity=Blocker, priority=High, type=Functional, layer=null, isFlaky=true, behavior=Positive, automationStatus=Manual, preconditions=null, postconditions=null, tags=null, attachments=null, steps=null)"],"tags":[]}],"uid":"a75f125f1bf6ca0020b4864997506533"},{"name":"UnhandledAlertException: unexpected alert open: {Alert text : Are you sure you want to leave?}\nScreenshot: file:/home/runner/work/QASE/QASE/build/reports/tests/1766049636403.2.png\nPage source: file:/home/runner/work/QASE/QASE/build/reports/tests/1766049636403.2.html\nTimeout: 5 s.\nCaused by: UnhandledAlertException: unexpected alert open: {Alert text : Are you sure you want to leave?}","children":[{"name":"Создание тест-кейса с разными входными данными","uid":"f7a72a46329a87bc","parentUid":"f2be6a363384b574554520605ab9c88f","status":"failed","time":{"start":1766049629599,"stop":1766049636749,"duration":7150},"flaky":true,"newFailed":false,"newPassed":false,"newBroken":false,"retriesCount":0,"retriesStatusChange":false,"parameters":["TestCase(title=Test Case 2, status=Actual, description=Description, suite=null, severity=Major, priority=Low, type=Smoke, layer=null, isFlaky=false, behavior=Negative, automationStatus=Automated, preconditions=null, postconditions=null, tags=null, attachments=null, steps=null)"],"tags":[]}],"uid":"f2be6a363384b574554520605ab9c88f"},{"name":"UnhandledAlertException: unexpected alert open: {Alert text : Are you sure you want to leave?}\nScreenshot: file:/home/runner/work/QASE/QASE/build/reports/tests/1766049643626.3.png\nPage source: file:/home/runner/work/QASE/QASE/build/reports/tests/1766049643626.3.html\nTimeout: 5 s.\nCaused by: UnhandledAlertException: unexpected alert open: {Alert text : Are you sure you want to leave?}","children":[{"name":"Создание тест-кейса с разными входными данными","uid":"665124ac875bcda7","parentUid":"4a8b0b43c1736074488a856898e0a4ef","status":"failed","time":{"start":1766049637304,"stop":1766049643990,"duration":6686},"flaky":false,"newFailed":false,"newPassed":false,"newBroken":false,"retriesCount":0,"retriesStatusChange":false,"parameters":["TestCase(title=Test Case 3, status=Deprecated, description=Description, suite=null, severity=Trivial, priority=Low, type=Smoke, layer=null, isFlaky=false, behavior=Destructive, automationStatus=Manual, preconditions=null, postconditions=null, tags=null, attachments=null, steps=null)"],"tags":[]}],"uid":"4a8b0b43c1736074488a856898e0a4ef"},{"name":"Element not found {by text: Create new project}\nExpected: visible\nScreenshot: file:/home/runner/work/QASE/QASE/build/reports/tests/1766049744541.4.png\nPage source: file:/home/runner/work/QASE/QASE/build/reports/tests/1766049744541.4.html\nTimeout: 90 s.\nCaused by: NoSuchElementException: no such element: Unable to locate element: {\"method\":\"xpath\",\"selector\":\".//*/text()[normalize-space(translate(string(.), '","children":[{"name":"Создание проекта без названия: проверка ошибки","uid":"8bd80019d1fa04c9","parentUid":"e9af7314fb76d7685286036df156c68a","status":"failed","time":{"start":1766049652743,"stop":1766049744789,"duration":92046},"flaky":true,"newFailed":true,"newPassed":false,"newBroken":false,"retriesCount":0,"retriesStatusChange":false,"parameters":[],"tags":[]}],"uid":"e9af7314fb76d7685286036df156c68a"},{"name":"Element not found {by text: Add suite}\nExpected: clickable: interactable and enabled\nScreenshot: file:/home/runner/work/QASE/QASE/build/reports/tests/1766049758897.5.png\nPage source: file:/home/runner/work/QASE/QASE/build/reports/tests/1766049758897.5.html\nTimeout: 5 s.\nCaused by: NoSuchElementException: no such element: Unable to locate element: {\"method\":\"xpath\",\"selector\":\".//*/text()[normalize-space(translate(string(.), '","children":[{"name":"createTestSuite","uid":"2ed2acae921ea6fb","parentUid":"aebb7305bd5f14cae4c9df6c805d68bb","status":"failed","time":{"start":1766049745231,"stop":1766049759069,"duration":13838},"flaky":false,"newFailed":false,"newPassed":false,"newBroken":false,"retriesCount":0,"retriesStatusChange":false,"parameters":[],"tags":[]}],"uid":"aebb7305bd5f14cae4c9df6c805d68bb"}],"uid":"8fb3a91ba5aaf9de24cc8a92edc82b5d"}],"name":"categories"}